This is pdfTeX, Version 3.14159265-2.6-1.40.15 (TeX Live 2014) (preloaded format=pdflatex 2014.11.27)  1 OCT 2015 22:12
entering extended mode
 restricted \write18 enabled.
 file:line:error style messages enabled.
 %&-line parsing enabled.
**Protokoll.tex
(./Protokoll.tex
LaTeX2e <2014/05/01>
Babel <3.9k> and hyphenation patterns for 78 languages loaded.
(/usr/local/texlive/2014/texmf-dist/tex/latex/base/article.cls
Document Class: article 2007/10/19 v1.4h Standard LaTeX document class
(/usr/local/texlive/2014/texmf-dist/tex/latex/base/size12.clo
File: size12.clo 2007/10/19 v1.4h Standard LaTeX file (size option)
)
\c@part=\count79
\c@section=\count80
\c@subsection=\count81
\c@subsubsection=\count82
\c@paragraph=\count83
\c@subparagraph=\count84
\c@figure=\count85
\c@table=\count86
\abovecaptionskip=\skip41
\belowcaptionskip=\skip42
\bibindent=\dimen102
)
(/usr/local/texlive/2014/texmf-dist/tex/latex/base/inputenc.sty
Package: inputenc 2014/04/30 v1.2b Input encoding file
\inpenc@prehook=\toks14
\inpenc@posthook=\toks15

(/usr/local/texlive/2014/texmf-dist/tex/latex/base/utf8.def
File: utf8.def 2008/04/05 v1.1m UTF-8 support for inputenc
Now handling font encoding OML ...
... no UTF-8 mapping file for font encoding OML
Now handling font encoding T1 ...
... processing UTF-8 mapping file for font encoding T1

(/usr/local/texlive/2014/texmf-dist/tex/latex/base/t1enc.dfu
File: t1enc.dfu 2008/04/05 v1.1m UTF-8 support for inputenc
   defining Unicode char U+00A1 (decimal 161)
   defining Unicode char U+00A3 (decimal 163)
   defining Unicode char U+00AB (decimal 171)
   defining Unicode char U+00BB (decimal 187)
   defining Unicode char U+00BF (decimal 191)
   defining Unicode char U+00C0 (decimal 192)
   defining Unicode char U+00C1 (decimal 193)
   defining Unicode char U+00C2 (decimal 194)
   defining Unicode char U+00C3 (decimal 195)
   defining Unicode char U+00C4 (decimal 196)
   defining Unicode char U+00C5 (decimal 197)
   defining Unicode char U+00C6 (decimal 198)
   defining Unicode char U+00C7 (decimal 199)
   defining Unicode char U+00C8 (decimal 200)
   defining Unicode char U+00C9 (decimal 201)
   defining Unicode char U+00CA (decimal 202)
   defining Unicode char U+00CB (decimal 203)
   defining Unicode char U+00CC (decimal 204)
   defining Unicode char U+00CD (decimal 205)
   defining Unicode char U+00CE (decimal 206)
   defining Unicode char U+00CF (decimal 207)
   defining Unicode char U+00D0 (decimal 208)
   defining Unicode char U+00D1 (decimal 209)
   defining Unicode char U+00D2 (decimal 210)
   defining Unicode char U+00D3 (decimal 211)
   defining Unicode char U+00D4 (decimal 212)
   defining Unicode char U+00D5 (decimal 213)
   defining Unicode char U+00D6 (decimal 214)
   defining Unicode char U+00D8 (decimal 216)
   defining Unicode char U+00D9 (decimal 217)
   defining Unicode char U+00DA (decimal 218)
   defining Unicode char U+00DB (decimal 219)
   defining Unicode char U+00DC (decimal 220)
   defining Unicode char U+00DD (decimal 221)
   defining Unicode char U+00DE (decimal 222)
   defining Unicode char U+00DF (decimal 223)
   defining Unicode char U+00E0 (decimal 224)
   defining Unicode char U+00E1 (decimal 225)
   defining Unicode char U+00E2 (decimal 226)
   defining Unicode char U+00E3 (decimal 227)
   defining Unicode char U+00E4 (decimal 228)
   defining Unicode char U+00E5 (decimal 229)
   defining Unicode char U+00E6 (decimal 230)
   defining Unicode char U+00E7 (decimal 231)
   defining Unicode char U+00E8 (decimal 232)
   defining Unicode char U+00E9 (decimal 233)
   defining Unicode char U+00EA (decimal 234)
   defining Unicode char U+00EB (decimal 235)
   defining Unicode char U+00EC (decimal 236)
   defining Unicode char U+00ED (decimal 237)
   defining Unicode char U+00EE (decimal 238)
   defining Unicode char U+00EF (decimal 239)
   defining Unicode char U+00F0 (decimal 240)
   defining Unicode char U+00F1 (decimal 241)
   defining Unicode char U+00F2 (decimal 242)
   defining Unicode char U+00F3 (decimal 243)
   defining Unicode char U+00F4 (decimal 244)
   defining Unicode char U+00F5 (decimal 245)
   defining Unicode char U+00F6 (decimal 246)
   defining Unicode char U+00F8 (decimal 248)
   defining Unicode char U+00F9 (decimal 249)
   defining Unicode char U+00FA (decimal 250)
   defining Unicode char U+00FB (decimal 251)
   defining Unicode char U+00FC (decimal 252)
   defining Unicode char U+00FD (decimal 253)
   defining Unicode char U+00FE (decimal 254)
   defining Unicode char U+00FF (decimal 255)
   defining Unicode char U+0102 (decimal 258)
   defining Unicode char U+0103 (decimal 259)
   defining Unicode char U+0104 (decimal 260)
   defining Unicode char U+0105 (decimal 261)
   defining Unicode char U+0106 (decimal 262)
   defining Unicode char U+0107 (decimal 263)
   defining Unicode char U+010C (decimal 268)
   defining Unicode char U+010D (decimal 269)
   defining Unicode char U+010E (decimal 270)
   defining Unicode char U+010F (decimal 271)
   defining Unicode char U+0110 (decimal 272)
   defining Unicode char U+0111 (decimal 273)
   defining Unicode char U+0118 (decimal 280)
   defining Unicode char U+0119 (decimal 281)
   defining Unicode char U+011A (decimal 282)
   defining Unicode char U+011B (decimal 283)
   defining Unicode char U+011E (decimal 286)
   defining Unicode char U+011F (decimal 287)
   defining Unicode char U+0130 (decimal 304)
   defining Unicode char U+0131 (decimal 305)
   defining Unicode char U+0132 (decimal 306)
   defining Unicode char U+0133 (decimal 307)
   defining Unicode char U+0139 (decimal 313)
   defining Unicode char U+013A (decimal 314)
   defining Unicode char U+013D (decimal 317)
   defining Unicode char U+013E (decimal 318)
   defining Unicode char U+0141 (decimal 321)
   defining Unicode char U+0142 (decimal 322)
   defining Unicode char U+0143 (decimal 323)
   defining Unicode char U+0144 (decimal 324)
   defining Unicode char U+0147 (decimal 327)
   defining Unicode char U+0148 (decimal 328)
   defining Unicode char U+014A (decimal 330)
   defining Unicode char U+014B (decimal 331)
   defining Unicode char U+0150 (decimal 336)
   defining Unicode char U+0151 (decimal 337)
   defining Unicode char U+0152 (decimal 338)
   defining Unicode char U+0153 (decimal 339)
   defining Unicode char U+0154 (decimal 340)
   defining Unicode char U+0155 (decimal 341)
   defining Unicode char U+0158 (decimal 344)
   defining Unicode char U+0159 (decimal 345)
   defining Unicode char U+015A (decimal 346)
   defining Unicode char U+015B (decimal 347)
   defining Unicode char U+015E (decimal 350)
   defining Unicode char U+015F (decimal 351)
   defining Unicode char U+0160 (decimal 352)
   defining Unicode char U+0161 (decimal 353)
   defining Unicode char U+0162 (decimal 354)
   defining Unicode char U+0163 (decimal 355)
   defining Unicode char U+0164 (decimal 356)
   defining Unicode char U+0165 (decimal 357)
   defining Unicode char U+016E (decimal 366)
   defining Unicode char U+016F (decimal 367)
   defining Unicode char U+0170 (decimal 368)
   defining Unicode char U+0171 (decimal 369)
   defining Unicode char U+0178 (decimal 376)
   defining Unicode char U+0179 (decimal 377)
   defining Unicode char U+017A (decimal 378)
   defining Unicode char U+017B (decimal 379)
   defining Unicode char U+017C (decimal 380)
   defining Unicode char U+017D (decimal 381)
   defining Unicode char U+017E (decimal 382)
   defining Unicode char U+200C (decimal 8204)
   defining Unicode char U+2013 (decimal 8211)
   defining Unicode char U+2014 (decimal 8212)
   defining Unicode char U+2018 (decimal 8216)
   defining Unicode char U+2019 (decimal 8217)
   defining Unicode char U+201A (decimal 8218)
   defining Unicode char U+201C (decimal 8220)
   defining Unicode char U+201D (decimal 8221)
   defining Unicode char U+201E (decimal 8222)
   defining Unicode char U+2030 (decimal 8240)
   defining Unicode char U+2031 (decimal 8241)
   defining Unicode char U+2039 (decimal 8249)
   defining Unicode char U+203A (decimal 8250)
   defining Unicode char U+2423 (decimal 9251)
)
Now handling font encoding OT1 ...
... processing UTF-8 mapping file for font encoding OT1

(/usr/local/texlive/2014/texmf-dist/tex/latex/base/ot1enc.dfu
File: ot1enc.dfu 2008/04/05 v1.1m UTF-8 support for inputenc
   defining Unicode char U+00A1 (decimal 161)
   defining Unicode char U+00A3 (decimal 163)
   defining Unicode char U+00B8 (decimal 184)
   defining Unicode char U+00BF (decimal 191)
   defining Unicode char U+00C5 (decimal 197)
   defining Unicode char U+00C6 (decimal 198)
   defining Unicode char U+00D8 (decimal 216)
   defining Unicode char U+00DF (decimal 223)
   defining Unicode char U+00E6 (decimal 230)
   defining Unicode char U+00EC (decimal 236)
   defining Unicode char U+00ED (decimal 237)
   defining Unicode char U+00EE (decimal 238)
   defining Unicode char U+00EF (decimal 239)
   defining Unicode char U+00F8 (decimal 248)
   defining Unicode char U+0131 (decimal 305)
   defining Unicode char U+0141 (decimal 321)
   defining Unicode char U+0142 (decimal 322)
   defining Unicode char U+0152 (decimal 338)
   defining Unicode char U+0153 (decimal 339)
   defining Unicode char U+2013 (decimal 8211)
   defining Unicode char U+2014 (decimal 8212)
   defining Unicode char U+2018 (decimal 8216)
   defining Unicode char U+2019 (decimal 8217)
   defining Unicode char U+201C (decimal 8220)
   defining Unicode char U+201D (decimal 8221)
)
Now handling font encoding OMS ...
... processing UTF-8 mapping file for font encoding OMS

(/usr/local/texlive/2014/texmf-dist/tex/latex/base/omsenc.dfu
File: omsenc.dfu 2008/04/05 v1.1m UTF-8 support for inputenc
   defining Unicode char U+00A7 (decimal 167)
   defining Unicode char U+00B6 (decimal 182)
   defining Unicode char U+00B7 (decimal 183)
   defining Unicode char U+2020 (decimal 8224)
   defining Unicode char U+2021 (decimal 8225)
   defining Unicode char U+2022 (decimal 8226)
)
Now handling font encoding OMX ...
... no UTF-8 mapping file for font encoding OMX
Now handling font encoding U ...
... no UTF-8 mapping file for font encoding U
   defining Unicode char U+00A9 (decimal 169)
   defining Unicode char U+00AA (decimal 170)
   defining Unicode char U+00AE (decimal 174)
   defining Unicode char U+00BA (decimal 186)
   defining Unicode char U+02C6 (decimal 710)
   defining Unicode char U+02DC (decimal 732)
   defining Unicode char U+200C (decimal 8204)
   defining Unicode char U+2026 (decimal 8230)
   defining Unicode char U+2122 (decimal 8482)
   defining Unicode char U+2423 (decimal 9251)
))
(/usr/local/texlive/2014/texmf-dist/tex/latex/base/fontenc.sty
Package: fontenc 2005/09/27 v1.99g Standard LaTeX package

(/usr/local/texlive/2014/texmf-dist/tex/latex/base/t1enc.def
File: t1enc.def 2005/09/27 v1.99g Standard LaTeX file
LaTeX Font Info:    Redeclaring font encoding T1 on input line 43.
))
(/usr/local/texlive/2014/texmf-dist/tex/latex/lm/lmodern.sty
Package: lmodern 2009/10/30 v1.6 Latin Modern Fonts
LaTeX Font Info:    Overwriting symbol font `operators' in version `normal'
(Font)                  OT1/cmr/m/n --> OT1/lmr/m/n on input line 22.
LaTeX Font Info:    Overwriting symbol font `letters' in version `normal'
(Font)                  OML/cmm/m/it --> OML/lmm/m/it on input line 23.
LaTeX Font Info:    Overwriting symbol font `symbols' in version `normal'
(Font)                  OMS/cmsy/m/n --> OMS/lmsy/m/n on input line 24.
LaTeX Font Info:    Overwriting symbol font `largesymbols' in version `normal'
(Font)                  OMX/cmex/m/n --> OMX/lmex/m/n on input line 25.
LaTeX Font Info:    Overwriting symbol font `operators' in version `bold'
(Font)                  OT1/cmr/bx/n --> OT1/lmr/bx/n on input line 26.
LaTeX Font Info:    Overwriting symbol font `letters' in version `bold'
(Font)                  OML/cmm/b/it --> OML/lmm/b/it on input line 27.
LaTeX Font Info:    Overwriting symbol font `symbols' in version `bold'
(Font)                  OMS/cmsy/b/n --> OMS/lmsy/b/n on input line 28.
LaTeX Font Info:    Overwriting symbol font `largesymbols' in version `bold'
(Font)                  OMX/cmex/m/n --> OMX/lmex/m/n on input line 29.
LaTeX Font Info:    Overwriting math alphabet `\mathbf' in version `normal'
(Font)                  OT1/cmr/bx/n --> OT1/lmr/bx/n on input line 31.
LaTeX Font Info:    Overwriting math alphabet `\mathsf' in version `normal'
(Font)                  OT1/cmss/m/n --> OT1/lmss/m/n on input line 32.
LaTeX Font Info:    Overwriting math alphabet `\mathit' in version `normal'
(Font)                  OT1/cmr/m/it --> OT1/lmr/m/it on input line 33.
LaTeX Font Info:    Overwriting math alphabet `\mathtt' in version `normal'
(Font)                  OT1/cmtt/m/n --> OT1/lmtt/m/n on input line 34.
LaTeX Font Info:    Overwriting math alphabet `\mathbf' in version `bold'
(Font)                  OT1/cmr/bx/n --> OT1/lmr/bx/n on input line 35.
LaTeX Font Info:    Overwriting math alphabet `\mathsf' in version `bold'
(Font)                  OT1/cmss/bx/n --> OT1/lmss/bx/n on input line 36.
LaTeX Font Info:    Overwriting math alphabet `\mathit' in version `bold'
(Font)                  OT1/cmr/bx/it --> OT1/lmr/bx/it on input line 37.
LaTeX Font Info:    Overwriting math alphabet `\mathtt' in version `bold'
(Font)                  OT1/cmtt/m/n --> OT1/lmtt/m/n on input line 38.
)
(/usr/local/texlive/2014/texmf-dist/tex/generic/babel/babel.sty
Package: babel 2014/03/24 3.9k The Babel package

(/usr/local/texlive/2014/texmf-dist/tex/generic/babel-german/ngerman.ldf
Language: ngerman 2013/12/13 v2.7 German support for babel (new orthography)

(/usr/local/texlive/2014/texmf-dist/tex/generic/babel-german/ngermanb.ldf
Language: ngermanb 2013/12/13 v2.7 German support for babel (new orthography)

(/usr/local/texlive/2014/texmf-dist/tex/generic/babel/babel.def
File: babel.def 2014/03/24 3.9k Babel common definitions
\babel@savecnt=\count87
\U@D=\dimen103
)
\l@naustrian = a dialect from \language\l@ngerman 
\l@nswissgerman = a dialect from \language\l@ngerman 
Package babel Info: Making " an active character on input line 88.
)))
(/usr/local/texlive/2014/texmf-dist/tex/latex/psnfss/courier.sty
Package: courier 2005/04/12 PSNFSS-v9.2a (WaS) 
)
(/usr/local/texlive/2014/texmf-dist/tex/latex/amsmath/amsmath.sty
Package: amsmath 2013/01/14 v2.14 AMS math features
\@mathmargin=\skip43

For additional information on amsmath, use the `?' option.
(/usr/local/texlive/2014/texmf-dist/tex/latex/amsmath/amstext.sty
Package: amstext 2000/06/29 v2.01

(/usr/local/texlive/2014/texmf-dist/tex/latex/amsmath/amsgen.sty
File: amsgen.sty 1999/11/30 v2.0
\@emptytoks=\toks16
\ex@=\dimen104
))
(/usr/local/texlive/2014/texmf-dist/tex/latex/amsmath/amsbsy.sty
Package: amsbsy 1999/11/29 v1.2d
\pmbraise@=\dimen105
)
(/usr/local/texlive/2014/texmf-dist/tex/latex/amsmath/amsopn.sty
Package: amsopn 1999/12/14 v2.01 operator names
)
\inf@bad=\count88
LaTeX Info: Redefining \frac on input line 210.
\uproot@=\count89
\leftroot@=\count90
LaTeX Info: Redefining \overline on input line 306.
\classnum@=\count91
\DOTSCASE@=\count92
LaTeX Info: Redefining \ldots on input line 378.
LaTeX Info: Redefining \dots on input line 381.
LaTeX Info: Redefining \cdots on input line 466.
\Mathstrutbox@=\box26
\strutbox@=\box27
\big@size=\dimen106
LaTeX Font Info:    Redeclaring font encoding OML on input line 566.
LaTeX Font Info:    Redeclaring font encoding OMS on input line 567.
\macc@depth=\count93
\c@MaxMatrixCols=\count94
\dotsspace@=\muskip10
\c@parentequation=\count95
\dspbrk@lvl=\count96
\tag@help=\toks17
\row@=\count97
\column@=\count98
\maxfields@=\count99
\andhelp@=\toks18
\eqnshift@=\dimen107
\alignsep@=\dimen108
\tagshift@=\dimen109
\tagwidth@=\dimen110
\totwidth@=\dimen111
\lineht@=\dimen112
\@envbody=\toks19
\multlinegap=\skip44
\multlinetaggap=\skip45
\mathdisplay@stack=\toks20
LaTeX Info: Redefining \[ on input line 2665.
LaTeX Info: Redefining \] on input line 2666.
)
(/usr/local/texlive/2014/texmf-dist/tex/latex/graphics/graphicx.sty
Package: graphicx 2014/04/25 v1.0g Enhanced LaTeX Graphics (DPC,SPQR)

(/usr/local/texlive/2014/texmf-dist/tex/latex/graphics/keyval.sty
Package: keyval 2014/05/08 v1.15 key=value parser (DPC)
\KV@toks@=\toks21
)
(/usr/local/texlive/2014/texmf-dist/tex/latex/graphics/graphics.sty
Package: graphics 2009/02/05 v1.0o Standard LaTeX Graphics (DPC,SPQR)

(/usr/local/texlive/2014/texmf-dist/tex/latex/graphics/trig.sty
Package: trig 1999/03/16 v1.09 sin cos tan (DPC)
)
(/usr/local/texlive/2014/texmf-dist/tex/latex/latexconfig/graphics.cfg
File: graphics.cfg 2010/04/23 v1.9 graphics configuration of TeX Live
)
Package graphics Info: Driver file: pdftex.def on input line 91.

(/usr/local/texlive/2014/texmf-dist/tex/latex/pdftex-def/pdftex.def
File: pdftex.def 2011/05/27 v0.06d Graphics/color for pdfTeX

(/usr/local/texlive/2014/texmf-dist/tex/generic/oberdiek/infwarerr.sty
Package: infwarerr 2010/04/08 v1.3 Providing info/warning/error messages (HO)
)
(/usr/local/texlive/2014/texmf-dist/tex/generic/oberdiek/ltxcmds.sty
Package: ltxcmds 2011/11/09 v1.22 LaTeX kernel commands for general use (HO)
)
\Gread@gobject=\count100
))
\Gin@req@height=\dimen113
\Gin@req@width=\dimen114
)
(/usr/local/texlive/2014/texmf-dist/tex/latex/tools/multicol.sty
Package: multicol 2014/04/23 v1.8e multicolumn formatting (FMi)
\c@tracingmulticols=\count101
\mult@box=\box28
\multicol@leftmargin=\dimen115
\c@unbalance=\count102
\c@collectmore=\count103
\doublecol@number=\count104
\multicoltolerance=\count105
\multicolpretolerance=\count106
\full@width=\dimen116
\page@free=\dimen117
\premulticols=\dimen118
\postmulticols=\dimen119
\multicolsep=\skip46
\multicolbaselineskip=\skip47
\partial@page=\box29
\last@line=\box30
\maxbalancingoverflow=\dimen120
\mult@rightbox=\box31
\mult@grightbox=\box32
\mult@gfirstbox=\box33
\mult@firstbox=\box34
\@tempa=\box35
\@tempa=\box36
\@tempa=\box37
\@tempa=\box38
\@tempa=\box39
\@tempa=\box40
\@tempa=\box41
\@tempa=\box42
\@tempa=\box43
\@tempa=\box44
\@tempa=\box45
\@tempa=\box46
\@tempa=\box47
\@tempa=\box48
\@tempa=\box49
\@tempa=\box50
\@tempa=\box51
\c@columnbadness=\count107
\c@finalcolumnbadness=\count108
\last@try=\dimen121
\multicolovershoot=\dimen122
\multicolundershoot=\dimen123
\mult@nat@firstbox=\box52
\colbreak@box=\box53
\mc@col@check@num=\count109
)
(/usr/local/texlive/2014/texmf-dist/tex/latex/preprint/authblk.sty
Package: authblk 2001/02/27 1.3 (PWD)
\affilsep=\skip48
\@affilsep=\skip49
\c@Maxaffil=\count110
\c@authors=\count111
\c@affil=\count112
)
(/usr/local/texlive/2014/texmf-dist/tex/latex/caption/caption.sty
Package: caption 2013/05/02 v3.3-89 Customizing captions (AR)

(/usr/local/texlive/2014/texmf-dist/tex/latex/caption/caption3.sty
Package: caption3 2013/05/02 v1.6-88 caption3 kernel (AR)
Package caption3 Info: TeX engine: e-TeX on input line 57.
\captionmargin=\dimen124
\captionmargin@=\dimen125
\captionwidth=\dimen126
\caption@tempdima=\dimen127
\caption@indent=\dimen128
\caption@parindent=\dimen129
\caption@hangindent=\dimen130
)
\c@ContinuedFloat=\count113
)
(/usr/local/texlive/2014/texmf-dist/tex/latex/listings/listings.sty
\lst@mode=\count114
\lst@gtempboxa=\box54
\lst@token=\toks22
\lst@length=\count115
\lst@currlwidth=\dimen131
\lst@column=\count116
\lst@pos=\count117
\lst@lostspace=\dimen132
\lst@width=\dimen133
\lst@newlines=\count118
\lst@lineno=\count119
\lst@maxwidth=\dimen134

(/usr/local/texlive/2014/texmf-dist/tex/latex/listings/lstmisc.sty
File: lstmisc.sty 2014/03/04 1.5c (Carsten Heinz)
\c@lstnumber=\count120
\lst@skipnumbers=\count121
\lst@framebox=\box55
)
(/usr/local/texlive/2014/texmf-dist/tex/latex/listings/listings.cfg
File: listings.cfg 2014/03/04 1.5c listings configuration
))
Package: listings 2014/03/04 1.5c (Carsten Heinz)

(/usr/local/texlive/2014/texmf-dist/tex/latex/hyperref/hyperref.sty
Package: hyperref 2012/11/06 v6.83m Hypertext links for LaTeX

(/usr/local/texlive/2014/texmf-dist/tex/generic/oberdiek/hobsub-hyperref.sty
Package: hobsub-hyperref 2012/05/28 v1.13 Bundle oberdiek, subset hyperref (HO)


(/usr/local/texlive/2014/texmf-dist/tex/generic/oberdiek/hobsub-generic.sty
Package: hobsub-generic 2012/05/28 v1.13 Bundle oberdiek, subset generic (HO)
Package: hobsub 2012/05/28 v1.13 Construct package bundles (HO)
Package hobsub Info: Skipping package `infwarerr' (already loaded).
Package hobsub Info: Skipping package `ltxcmds' (already loaded).
Package: ifluatex 2010/03/01 v1.3 Provides the ifluatex switch (HO)
Package ifluatex Info: LuaTeX not detected.
Package: ifvtex 2010/03/01 v1.5 Detect VTeX and its facilities (HO)
Package ifvtex Info: VTeX not detected.
Package: intcalc 2007/09/27 v1.1 Expandable calculations with integers (HO)
Package: ifpdf 2011/01/30 v2.3 Provides the ifpdf switch (HO)
Package ifpdf Info: pdfTeX in PDF mode is detected.
Package: etexcmds 2011/02/16 v1.5 Avoid name clashes with e-TeX commands (HO)
Package etexcmds Info: Could not find \expanded.
(etexcmds)             That can mean that you are not using pdfTeX 1.50 or
(etexcmds)             that some package has redefined \expanded.
(etexcmds)             In the latter case, load this package earlier.
Package: kvsetkeys 2012/04/25 v1.16 Key value parser (HO)
Package: kvdefinekeys 2011/04/07 v1.3 Define keys (HO)
Package: pdftexcmds 2011/11/29 v0.20 Utility functions of pdfTeX for LuaTeX (HO
)
Package pdftexcmds Info: LuaTeX not detected.
Package pdftexcmds Info: \pdf@primitive is available.
Package pdftexcmds Info: \pdf@ifprimitive is available.
Package pdftexcmds Info: \pdfdraftmode found.
Package: pdfescape 2011/11/25 v1.13 Implements pdfTeX's escape features (HO)
Package: bigintcalc 2012/04/08 v1.3 Expandable calculations on big integers (HO
)
Package: bitset 2011/01/30 v1.1 Handle bit-vector datatype (HO)
Package: uniquecounter 2011/01/30 v1.2 Provide unlimited unique counter (HO)
)
Package hobsub Info: Skipping package `hobsub' (already loaded).
Package: letltxmacro 2010/09/02 v1.4 Let assignment for LaTeX macros (HO)
Package: hopatch 2012/05/28 v1.2 Wrapper for package hooks (HO)
Package: xcolor-patch 2011/01/30 xcolor patch
Package: atveryend 2011/06/30 v1.8 Hooks at the very end of document (HO)
Package atveryend Info: \enddocument detected (standard20110627).
Package: atbegshi 2011/10/05 v1.16 At begin shipout hook (HO)
Package: refcount 2011/10/16 v3.4 Data extraction from label references (HO)
Package: hycolor 2011/01/30 v1.7 Color options for hyperref/bookmark (HO)
)
(/usr/local/texlive/2014/texmf-dist/tex/generic/ifxetex/ifxetex.sty
Package: ifxetex 2010/09/12 v0.6 Provides ifxetex conditional
)
(/usr/local/texlive/2014/texmf-dist/tex/latex/oberdiek/auxhook.sty
Package: auxhook 2011/03/04 v1.3 Hooks for auxiliary files (HO)
)
(/usr/local/texlive/2014/texmf-dist/tex/latex/oberdiek/kvoptions.sty
Package: kvoptions 2011/06/30 v3.11 Key value format for package options (HO)
)
\@linkdim=\dimen135
\Hy@linkcounter=\count122
\Hy@pagecounter=\count123

(/usr/local/texlive/2014/texmf-dist/tex/latex/hyperref/pd1enc.def
File: pd1enc.def 2012/11/06 v6.83m Hyperref: PDFDocEncoding definition (HO)
Now handling font encoding PD1 ...
... no UTF-8 mapping file for font encoding PD1
)
\Hy@SavedSpaceFactor=\count124

(/usr/local/texlive/2014/texmf-dist/tex/latex/latexconfig/hyperref.cfg
File: hyperref.cfg 2002/06/06 v1.2 hyperref configuration of TeXLive
)
Package hyperref Info: Hyper figures OFF on input line 4443.
Package hyperref Info: Link nesting OFF on input line 4448.
Package hyperref Info: Hyper index ON on input line 4451.
Package hyperref Info: Plain pages OFF on input line 4458.
Package hyperref Info: Backreferencing OFF on input line 4463.
Package hyperref Info: Implicit mode ON; LaTeX internals redefined.
Package hyperref Info: Bookmarks ON on input line 4688.
\c@Hy@tempcnt=\count125

(/usr/local/texlive/2014/texmf-dist/tex/latex/url/url.sty
\Urlmuskip=\muskip11
Package: url 2013/09/16  ver 3.4  Verb mode for urls, etc.
)
LaTeX Info: Redefining \url on input line 5041.
\XeTeXLinkMargin=\dimen136
\Fld@menulength=\count126
\Field@Width=\dimen137
\Fld@charsize=\dimen138
Package hyperref Info: Hyper figures OFF on input line 6295.
Package hyperref Info: Link nesting OFF on input line 6300.
Package hyperref Info: Hyper index ON on input line 6303.
Package hyperref Info: backreferencing OFF on input line 6310.
Package hyperref Info: Link coloring OFF on input line 6315.
Package hyperref Info: Link coloring with OCG OFF on input line 6320.
Package hyperref Info: PDF/A mode OFF on input line 6325.
LaTeX Info: Redefining \ref on input line 6365.
LaTeX Info: Redefining \pageref on input line 6369.
\Hy@abspage=\count127
\c@Item=\count128
\c@Hfootnote=\count129
)

Package hyperref Message: Driver (autodetected): hpdftex.

(/usr/local/texlive/2014/texmf-dist/tex/latex/hyperref/hpdftex.def
File: hpdftex.def 2012/11/06 v6.83m Hyperref driver for pdfTeX
\Fld@listcount=\count130
\c@bookmark@seq@number=\count131

(/usr/local/texlive/2014/texmf-dist/tex/latex/oberdiek/rerunfilecheck.sty
Package: rerunfilecheck 2011/04/15 v1.7 Rerun checks for auxiliary files (HO)
Package uniquecounter Info: New unique counter `rerunfilecheck' on input line 2
82.
)
\Hy@SectionHShift=\skip50
)
(/usr/local/texlive/2014/texmf-dist/tex/latex/graphics/color.sty
Package: color 2014/04/23 v1.1a Standard LaTeX Color (DPC)

(/usr/local/texlive/2014/texmf-dist/tex/latex/latexconfig/color.cfg
File: color.cfg 2007/01/18 v1.5 color configuration of teTeX/TeXLive
)
Package color Info: Driver file: pdftex.def on input line 137.
)
(/usr/local/texlive/2014/texmf-dist/tex/latex/amsfonts/amssymb.sty
Package: amssymb 2013/01/14 v3.01 AMS font symbols

(/usr/local/texlive/2014/texmf-dist/tex/latex/amsfonts/amsfonts.sty
Package: amsfonts 2013/01/14 v3.01 Basic AMSFonts support
\symAMSa=\mathgroup4
\symAMSb=\mathgroup5
LaTeX Font Info:    Overwriting math alphabet `\mathfrak' in version `bold'
(Font)                  U/euf/m/n --> U/euf/b/n on input line 106.
))
(/usr/local/texlive/2014/texmf-dist/tex/latex/sidecap/sidecap.sty
Package: sidecap 2003/06/06 v1.6f SideCap Package (RN/HjG)

(/usr/local/texlive/2014/texmf-dist/tex/latex/base/ifthen.sty
Package: ifthen 2001/05/26 v1.1c Standard LaTeX ifthen package (DPC)
)
\SC@BOXWD=\dimen139
\SC@CAPWD=\dimen140
\SC@tempdima=\dimen141
\SC@tempdimb=\dimen142
\c@SC@C=\count132
\SC@BOX=\box56
)
(/usr/local/texlive/2014/texmf-dist/tex/latex/geometry/geometry.sty
Package: geometry 2010/09/12 v5.6 Page Geometry
\Gm@cnth=\count133
\Gm@cntv=\count134
\c@Gm@tempcnt=\count135
\Gm@bindingoffset=\dimen143
\Gm@wd@mp=\dimen144
\Gm@odd@mp=\dimen145
\Gm@even@mp=\dimen146
\Gm@layoutwidth=\dimen147
\Gm@layoutheight=\dimen148
\Gm@layouthoffset=\dimen149
\Gm@layoutvoffset=\dimen150
\Gm@dimlist=\toks23
)
(/usr/local/texlive/2014/texmf-dist/tex/latex/base/flafter.sty
Package: flafter 2014/04/24 v1.2n Standard LaTeX floats after reference (FMi)
)
(/usr/local/texlive/2014/texmf-dist/tex/latex/biblatex/biblatex.sty
Package: biblatex 2013/11/25 v2.8a programmable bibliographies (PK/JW/AB)


Package biblatex Warning: No "backend" specified, using Biber backend.
(biblatex)                To use BibTeX, load biblatex with 
(biblatex)                the "backend=bibtex" option.

(/usr/local/texlive/2014/texmf-dist/tex/latex/biblatex/biblatex2.sty
Package: biblatex2 2013/11/25 v2.8a programmable bibliographies (biber) (PK/JW/
AB)

(/usr/local/texlive/2014/texmf-dist/tex/latex/etoolbox/etoolbox.sty
Package: etoolbox 2011/01/03 v2.1 e-TeX tools for LaTeX

(/usr/local/texlive/2014/texmf-dist/tex/latex/etex-pkg/etex.sty
Package: etex 1998/03/26 v2.0 eTeX basic definition package (PEB)
\et@xins=\count136
)
\etb@tempcnta=\count137
)
(/usr/local/texlive/2014/texmf-dist/tex/latex/logreq/logreq.sty
Package: logreq 2010/08/04 v1.0 xml request logger
\lrq@indent=\count138

(/usr/local/texlive/2014/texmf-dist/tex/latex/logreq/logreq.def
File: logreq.def 2010/08/04 v1.0 logreq spec v1.0
))
\c@tabx@nest=\count139
\c@listtotal=\count140
\c@listcount=\count141
\c@liststart=\count142
\c@liststop=\count143
\c@citecount=\count144
\c@citetotal=\count145
\c@multicitecount=\count146
\c@multicitetotal=\count147
\c@instcount=\count148
\c@maxnames=\count149
\c@minnames=\count150
\c@maxitems=\count151
\c@minitems=\count152
\c@citecounter=\count153
\c@savedcitecounter=\count154
\c@uniquelist=\count155
\c@uniquename=\count156
\c@refsection=\count157
\c@refsegment=\count158
\c@maxextratitle=\count159
\c@maxextratitleyear=\count160
\c@maxextrayear=\count161
\c@maxextraalpha=\count162
\c@abbrvpenalty=\count163
\c@highnamepenalty=\count164
\c@lownamepenalty=\count165
\c@maxparens=\count166
\c@parenlevel=\count167
\blx@tempcnta=\count168
\blx@tempcntb=\count169
\blx@tempcntc=\count170
\blx@maxsection=\count171
\blx@maxsegment@0=\count172
\blx@notetype=\count173
\blx@parenlevel@text=\count174
\blx@parenlevel@foot=\count175
\blx@sectionciteorder@0=\count176
\labelnumberwidth=\skip51
\labelalphawidth=\skip52
\shorthandwidth=\skip53
\biblabelsep=\skip54
\bibitemsep=\skip55
\bibnamesep=\skip56
\bibinitsep=\skip57
\bibparsep=\skip58
\bibhang=\skip59
\blx@bcfin=\read1
\blx@bcfout=\write3
\c@mincomprange=\count177
\c@maxcomprange=\count178
\c@mincompwidth=\count179
Package biblatex Info: Trying to load biblatex default data model...
Package biblatex Info: ... file 'blx-dm.def' found.

(/usr/local/texlive/2014/texmf-dist/tex/latex/biblatex/blx-dm.def)
Package biblatex Info: Trying to load biblatex style data model...
Package biblatex Info: ... file 'numeric.dbx' not found.
Package biblatex Info: Trying to load biblatex custom data model...
Package biblatex Info: ... file 'biblatex-dm.cfg' not found.
\c@afterword=\count180
\c@savedafterword=\count181
\c@annotator=\count182
\c@savedannotator=\count183
\c@author=\count184
\c@savedauthor=\count185
\c@bookauthor=\count186
\c@savedbookauthor=\count187
\c@commentator=\count188
\c@savedcommentator=\count189
\c@editor=\count190
\c@savededitor=\count191
\c@editora=\count192
\c@savededitora=\count193
\c@editorb=\count194
\c@savededitorb=\count195
\c@editorc=\count196
\c@savededitorc=\count197
\c@foreword=\count198
\c@savedforeword=\count199
\c@holder=\count200
\c@savedholder=\count201
\c@introduction=\count202
\c@savedintroduction=\count203
\c@namea=\count204
\c@savednamea=\count205
\c@nameb=\count206
\c@savednameb=\count207
\c@namec=\count208
\c@savednamec=\count209
\c@shortauthor=\count210
\c@savedshortauthor=\count211
\c@shorteditor=\count212
\c@savedshorteditor=\count213
\c@translator=\count214
\c@savedtranslator=\count215
\c@labelname=\count216
\c@savedlabelname=\count217
\c@institution=\count218
\c@savedinstitution=\count219
\c@lista=\count220
\c@savedlista=\count221
\c@listb=\count222
\c@savedlistb=\count223
\c@listc=\count224
\c@savedlistc=\count225
\c@listd=\count226
\c@savedlistd=\count227
\c@liste=\count228
\c@savedliste=\count229
\c@listf=\count230
\c@savedlistf=\count231
\c@location=\count232
\c@savedlocation=\count233
Normal \count register pool exhausted, switching to extended pool.
\c@organization=\count277
\c@savedorganization=\count278
\c@origlocation=\count279
\c@savedoriglocation=\count280
\c@origpublisher=\count281
\c@savedorigpublisher=\count282
\c@publisher=\count283
\c@savedpublisher=\count284
\c@language=\count285
\c@savedlanguage=\count286
\c@pageref=\count287
\c@savedpageref=\count288
Package biblatex Info: Trying to load compatibility code...
Package biblatex Info: ... file 'blx-compat.def' found.

(/usr/local/texlive/2014/texmf-dist/tex/latex/biblatex/blx-compat.def
File: blx-compat.def 2013/11/25 v2.8a biblatex compatibility (PK/JW/AB)
)
Package biblatex Info: Trying to load generic definitions...
Package biblatex Info: ... file 'biblatex.def' found.

(/usr/local/texlive/2014/texmf-dist/tex/latex/biblatex/biblatex.def
File: biblatex.def 
\c@textcitecount=\count289
\c@textcitetotal=\count290
\c@textcitemaxnames=\count291
\c@biburlnumpenalty=\count292
\c@biburlucpenalty=\count293
\c@biburllcpenalty=\count294
\c@smartand=\count295
)
Package biblatex Info: Trying to load bibliography style 'numeric'...
Package biblatex Info: ... file 'numeric.bbx' found.

(/usr/local/texlive/2014/texmf-dist/tex/latex/biblatex/bbx/numeric.bbx
File: numeric.bbx 2013/11/25 v2.8a biblatex bibliography style (PK/JW/AB)
Package biblatex Info: Trying to load bibliography style 'standard'...
Package biblatex Info: ... file 'standard.bbx' found.

(/usr/local/texlive/2014/texmf-dist/tex/latex/biblatex/bbx/standard.bbx
File: standard.bbx 2013/11/25 v2.8a biblatex bibliography style (PK/JW/AB)
\c@bbx:relatedcount=\count296
\c@bbx:relatedtotal=\count297
))
Package biblatex Info: Trying to load citation style 'numeric'...
Package biblatex Info: ... file 'numeric.cbx' found.

(/usr/local/texlive/2014/texmf-dist/tex/latex/biblatex/cbx/numeric.cbx
File: numeric.cbx 2013/11/25 v2.8a biblatex citation style (PK/JW/AB)
Package biblatex Info: Redefining '\cite'.
Package biblatex Info: Redefining '\parencite'.
Package biblatex Info: Redefining '\footcite'.
Package biblatex Info: Redefining '\footcitetext'.
Package biblatex Info: Redefining '\smartcite'.
Package biblatex Info: Redefining '\supercite'.
Package biblatex Info: Redefining '\textcite'.
Package biblatex Info: Redefining '\textcites'.
Package biblatex Info: Redefining '\cites'.
Package biblatex Info: Redefining '\parencites'.
Package biblatex Info: Redefining '\smartcites'.
)
Package biblatex Info: Trying to load configuration file...
Package biblatex Info: ... file 'biblatex.cfg' found.

(/usr/local/texlive/2014/texmf-dist/tex/latex/biblatex/biblatex.cfg
File: biblatex.cfg 
)))
(/usr/local/texlive/2014/texmf-dist/tex/latex/csquotes/csquotes.sty
Package: csquotes 2011/10/22 v5.1d context-sensitive quotations
\csq@reset=\count298
\csq@gtype=\count299
\csq@glevel=\count300
\csq@qlevel=\count301
\csq@maxlvl=\count302
\csq@tshold=\count303
\csq@ltx@everypar=\toks24

(/usr/local/texlive/2014/texmf-dist/tex/latex/csquotes/csquotes.def
File: csquotes.def 2011/10/22 v5.1d csquotes generic definitions
)
Package csquotes Info: Trying to load configuration file 'csquotes.cfg'...
Package csquotes Info: ... configuration file loaded successfully.

(/usr/local/texlive/2014/texmf-dist/tex/latex/csquotes/csquotes.cfg
File: csquotes.cfg 
)
Package csquotes Info: Option 'babel' depreciated.
(csquotes)             Using 'autostyle'.
Package csquotes Info: Enabling multilingual quotes.
Package csquotes Info: Redefining alias 'german' -> 'german/guillemets'.
)
(/usr/local/texlive/2014/texmf-dist/tex/latex/appendix/appendix.sty
Package: appendix 2009/09/02 v1.2b extra appendix facilities
\c@@pps=\count304
\c@@ppsavesec=\count305
\c@@ppsaveapp=\count306
)
(/usr/local/texlive/2014/texmf-dist/tex/latex/listings/lstlang1.sty
File: lstlang1.sty 2014/03/04 1.5c listings language file
)
(/usr/local/texlive/2014/texmf-dist/tex/latex/listings/lstmisc.sty
File: lstmisc.sty 2014/03/04 1.5c (Carsten Heinz)
)
(/usr/local/texlive/2014/texmf-dist/tex/latex/jknapltx/mathrsfs.sty
Package: mathrsfs 1996/01/01 Math RSFS package v1.0 (jk)
\symrsfs=\mathgroup6
)
(/usr/local/texlive/2014/texmf-dist/tex/latex/fancyhdr/fancyhdr.sty
\fancy@headwidth=\skip60
\f@ncyO@elh=\skip61
\f@ncyO@erh=\skip62
\f@ncyO@olh=\skip63
\f@ncyO@orh=\skip64
\f@ncyO@elf=\skip65
\f@ncyO@erf=\skip66
\f@ncyO@olf=\skip67
\f@ncyO@orf=\skip68
)
Package biblatex Info: Trying to load language 'ngerman'...
Package biblatex Info: ... file 'ngerman.lbx' found.

(/usr/local/texlive/2014/texmf-dist/tex/latex/biblatex/lbx/ngerman.lbx
File: ngerman.lbx 2013/11/25 v2.8a biblatex localization (PK/JW/AB)
Package biblatex Info: Trying to load language 'german'...
Package biblatex Info: ... file 'german.lbx' found.

(/usr/local/texlive/2014/texmf-dist/tex/latex/biblatex/lbx/german.lbx
File: german.lbx 2013/11/25 v2.8a biblatex localization (PK/JW/AB)
))
Package csquotes Info: Checking for multilingual support...
Package csquotes Info: ... found 'babel' package.

(/Users/keksnicoh/unih/SS1516/py/dokumentation/Protokoll/.texpadtmp/Protokoll.a
ux

LaTeX Warning: Label `fig:ldr-bifurc' multiply defined.

)
\openout1 = `Protokoll.aux'.

LaTeX Font Info:    Checking defaults for OML/cmm/m/it on input line 62.
LaTeX Font Info:    ... okay on input line 62.
LaTeX Font Info:    Checking defaults for T1/cmr/m/n on input line 62.
LaTeX Font Info:    ... okay on input line 62.
LaTeX Font Info:    Checking defaults for OT1/cmr/m/n on input line 62.
LaTeX Font Info:    ... okay on input line 62.
LaTeX Font Info:    Checking defaults for OMS/cmsy/m/n on input line 62.
LaTeX Font Info:    ... okay on input line 62.
LaTeX Font Info:    Checking defaults for OMX/cmex/m/n on input line 62.
LaTeX Font Info:    ... okay on input line 62.
LaTeX Font Info:    Checking defaults for U/cmr/m/n on input line 62.
LaTeX Font Info:    ... okay on input line 62.
LaTeX Font Info:    Checking defaults for PD1/pdf/m/n on input line 62.
LaTeX Font Info:    ... okay on input line 62.
LaTeX Font Info:    Try loading font information for T1+lmr on input line 62.
 (/usr/local/texlive/2014/texmf-dist/tex/latex/lm/t1lmr.fd
File: t1lmr.fd 2009/10/30 v1.6 Font defs for Latin Modern
)
(/usr/local/texlive/2014/texmf-dist/tex/context/base/supp-pdf.mkii
[Loading MPS to PDF converter (version 2006.09.02).]
\scratchcounter=\count307
\scratchdimen=\dimen151
\scratchbox=\box57
\nofMPsegments=\count308
\nofMParguments=\count309
\everyMPshowfont=\toks25
\MPscratchCnt=\count310
\MPscratchDim=\dimen152
\MPnumerator=\count311
\makeMPintoPDFobject=\count312
\everyMPtoPDFconversion=\toks26
) (/usr/local/texlive/2014/texmf-dist/tex/latex/oberdiek/epstopdf-base.sty
Package: epstopdf-base 2010/02/09 v2.5 Base part for package epstopdf

(/usr/local/texlive/2014/texmf-dist/tex/latex/oberdiek/grfext.sty
Package: grfext 2010/08/19 v1.1 Manage graphics extensions (HO)
)
Package grfext Info: Graphics extension search list:
(grfext)             [.png,.pdf,.jpg,.mps,.jpeg,.jbig2,.jb2,.PNG,.PDF,.JPG,.JPE
G,.JBIG2,.JB2,.eps]
(grfext)             \AppendGraphicsExtensions on input line 452.

(/usr/local/texlive/2014/texmf-dist/tex/latex/latexconfig/epstopdf-sys.cfg
File: epstopdf-sys.cfg 2010/07/13 v1.3 Configuration of (r)epstopdf for TeX Liv
e
))
Package caption Info: Begin \AtBeginDocument code.
Package caption Info: hyperref package is loaded.
Package caption Info: listings package is loaded.
Package caption Info: sidecap package is loaded.
Package caption Info: End \AtBeginDocument code.
\c@lstlisting=\count313
\AtBeginShipoutBox=\box58
Package hyperref Info: Link coloring OFF on input line 62.

(/usr/local/texlive/2014/texmf-dist/tex/latex/hyperref/nameref.sty
Package: nameref 2012/10/27 v2.43 Cross-referencing by name of section

(/usr/local/texlive/2014/texmf-dist/tex/generic/oberdiek/gettitlestring.sty
Package: gettitlestring 2010/12/03 v1.4 Cleanup title references (HO)
)
\c@section@level=\count314
)
LaTeX Info: Redefining \ref on input line 62.
LaTeX Info: Redefining \pageref on input line 62.
LaTeX Info: Redefining \nameref on input line 62.

(/Users/keksnicoh/unih/SS1516/py/dokumentation/Protokoll/.texpadtmp/Protokoll.o
ut)
(/Users/keksnicoh/unih/SS1516/py/dokumentation/Protokoll/.texpadtmp/Protokoll.o
ut)
\@outlinefile=\write4
\openout4 = `Protokoll.out'.

 (/usr/local/texlive/2014/texmf-dist/tex/latex/ms/ragged2e.sty
Package: ragged2e 2009/05/21 v2.1 ragged2e Package (MS)

(/usr/local/texlive/2014/texmf-dist/tex/latex/ms/everysel.sty
Package: everysel 2011/10/28 v1.2 EverySelectfont Package (MS)

ABD: EverySelectfont initializing macros
LaTeX Info: Redefining \selectfont on input line 126.
)
\CenteringLeftskip=\skip69
\RaggedLeftLeftskip=\skip70
\RaggedRightLeftskip=\skip71
\CenteringRightskip=\skip72
\RaggedLeftRightskip=\skip73
\RaggedRightRightskip=\skip74
\CenteringParfillskip=\skip75
\RaggedLeftParfillskip=\skip76
\RaggedRightParfillskip=\skip77
\JustifyingParfillskip=\skip78
\CenteringParindent=\skip79
\RaggedLeftParindent=\skip80
\RaggedRightParindent=\skip81
\JustifyingParindent=\skip82
)
*geometry* driver: auto-detecting
*geometry* detected driver: pdftex
*geometry* verbose mode - [ preamble ] result:
* driver: pdftex
* paper: a4paper
* layout: <same size as paper>
* layoutoffset:(h,v)=(0.0pt,0.0pt)
* modes: 
* h-part:(L,W,R)=(42.67912pt, 497.92325pt, 56.9055pt)
* v-part:(T,H,B)=(71.13188pt, 702.78308pt, 71.13188pt)
* \paperwidth=597.50787pt
* \paperheight=845.04684pt
* \textwidth=497.92325pt
* \textheight=702.78308pt
* \oddsidemargin=-29.59087pt
* \evensidemargin=-29.59087pt
* \topmargin=-38.1381pt
* \headheight=12.0pt
* \headsep=25.0pt
* \topskip=12.0pt
* \footskip=30.0pt
* \marginparwidth=35.0pt
* \marginparsep=10.0pt
* \columnsep=10.0pt
* \skip\footins=10.8pt plus 4.0pt minus 2.0pt
* \hoffset=0.0pt
* \voffset=0.0pt
* \mag=1000
* \@twocolumnfalse
* \@twosidefalse
* \@mparswitchfalse
* \@reversemarginfalse
* (1in=72.27pt=25.4mm, 1cm=28.453pt)

Package biblatex Info: Input encoding 'utf8' detected.
Package biblatex Info: Automatic encoding selection.
(biblatex)             Assuming data encoding 'utf8'.
\openout3 = `Protokoll.bcf'.

Package biblatex Info: Trying to load bibliographic data...
Package biblatex Info: ... file 'Protokoll.bbl' found.

(/Users/keksnicoh/unih/SS1516/py/dokumentation/Protokoll/.texpadtmp/Protokoll.b
bl)
Package biblatex Info: Reference section=0 on input line 62.
Package biblatex Info: Reference segment=0 on input line 62.
 <funfunfun.jpg, id=132, 994.71625pt x 1061.9675pt>
File: funfunfun.jpg Graphic file (type jpg)
 <use funfunfun.jpg>
Package pdftex.def Info: funfunfun.jpg used on input line 67.
(pdftex.def)             Requested size: 248.67845pt x 265.49123pt.

<alien.jpg, id=133, 464.73625pt x 449.68pt>
File: alien.jpg Graphic file (type jpg)
 <use alien.jpg>
Package pdftex.def Info: alien.jpg used on input line 68.
(pdftex.def)             Requested size: 116.18378pt x 112.41972pt.
LaTeX Font Info:    Try loading font information for T1+pcr on input line 71.

(/usr/local/texlive/2014/texmf-dist/tex/latex/psnfss/t1pcr.fd
File: t1pcr.fd 2001/06/04 font definitions for T1/pcr.
)
LaTeX Font Info:    Try loading font information for OT1+lmr on input line 71.

(/usr/local/texlive/2014/texmf-dist/tex/latex/lm/ot1lmr.fd
File: ot1lmr.fd 2009/10/30 v1.6 Font defs for Latin Modern
)
LaTeX Font Info:    Try loading font information for OML+lmm on input line 71.

(/usr/local/texlive/2014/texmf-dist/tex/latex/lm/omllmm.fd
File: omllmm.fd 2009/10/30 v1.6 Font defs for Latin Modern
)
LaTeX Font Info:    Try loading font information for OMS+lmsy on input line 71.


(/usr/local/texlive/2014/texmf-dist/tex/latex/lm/omslmsy.fd
File: omslmsy.fd 2009/10/30 v1.6 Font defs for Latin Modern
)
LaTeX Font Info:    Try loading font information for OMX+lmex on input line 71.


(/usr/local/texlive/2014/texmf-dist/tex/latex/lm/omxlmex.fd
File: omxlmex.fd 2009/10/30 v1.6 Font defs for Latin Modern
)
LaTeX Font Info:    External font `lmex10' loaded for size
(Font)              <10.95> on input line 71.
LaTeX Font Info:    External font `lmex10' loaded for size
(Font)              <8> on input line 71.
LaTeX Font Info:    External font `lmex10' loaded for size
(Font)              <6> on input line 71.
LaTeX Font Info:    Try loading font information for U+msa on input line 71.

(/usr/local/texlive/2014/texmf-dist/tex/latex/amsfonts/umsa.fd
File: umsa.fd 2013/01/14 v3.01 AMS symbols A
)
LaTeX Font Info:    Try loading font information for U+msb on input line 71.

(/usr/local/texlive/2014/texmf-dist/tex/latex/amsfonts/umsb.fd
File: umsb.fd 2013/01/14 v3.01 AMS symbols B
)
LaTeX Font Info:    Try loading font information for U+rsfs on input line 71.

(/usr/local/texlive/2014/texmf-dist/tex/latex/jknapltx/ursfs.fd
File: ursfs.fd 1998/03/24 rsfs font definition file (jk)
)
Package babel Info: Redefining ngerman shorthand "|
(babel)             in language  on input line 72.
Package babel Info: Redefining ngerman shorthand "~
(babel)             in language  on input line 72.
Package babel Info: Redefining ngerman shorthand "|
(babel)             in language  on input line 72.
Package babel Info: Redefining ngerman shorthand "~
(babel)             in language  on input line 72.
 [1

{/usr/local/texlive/2014/texmf-var/fonts/map/pdftex/updmap/pdftex.map} <./funfu
nfun.jpg> <./alien.jpg>]
(/Users/keksnicoh/unih/SS1516/py/dokumentation/Protokoll/.texpadtmp/Protokoll.t
oc
LaTeX Font Info:    External font `lmex10' loaded for size
(Font)              <12> on input line 7.
)
\tf@toc=\write5
\openout5 = `Protokoll.toc'.

Package babel Info: Redefining ngerman shorthand "|
(babel)             in language  on input line 76.
Package babel Info: Redefining ngerman shorthand "~
(babel)             in language  on input line 76.
Package babel Info: Redefining ngerman shorthand "|
(babel)             in language  on input line 76.
Package babel Info: Redefining ngerman shorthand "~
(babel)             in language  on input line 76.
pdfTeX warning (ext4): destination with the same identifier (name{page.1}) has 
been already used, duplicate ignored
<to be read again> 
                   \relax 
l.76 $
      $\textit{Im folgenden bezeichnet }f^2(x) = f(f(x))$$ [1]
Package babel Info: Redefining ngerman shorthand "|
(babel)             in language  on input line 78.
Package babel Info: Redefining ngerman shorthand "~
(babel)             in language  on input line 78.
LaTeX Font Info:    Try loading font information for OMS+lmr on input line 84.

(/usr/local/texlive/2014/texmf-dist/tex/latex/lm/omslmr.fd
File: omslmr.fd 2009/10/30 v1.6 Font defs for Latin Modern
)
LaTeX Font Info:    Font shape `OMS/lmr/m/n' in size <12> not available
(Font)              Font shape `OMS/lmsy/m/n' tried instead on input line 84.

<logi/xn28.jpg, id=186, 1192.455pt x 1200.485pt>
File: logi/xn28.jpg Graphic file (type jpg)
 <use logi/xn28.jpg>
Package pdftex.def Info: logi/xn28.jpg used on input line 93.
(pdftex.def)             Requested size: 170.63812pt x 171.7853pt.

<logi/xn32.jpg, id=187, 1196.47pt x 1198.4775pt>
File: logi/xn32.jpg Graphic file (type jpg)
 <use logi/xn32.jpg>
Package pdftex.def Info: logi/xn32.jpg used on input line 94.
(pdftex.def)             Requested size: 170.63812pt x 170.91283pt.

<logi/xn345.jpg, id=188, 1196.47pt x 1194.4625pt>
File: logi/xn345.jpg Graphic file (type jpg)
 <use logi/xn345.jpg>
Package pdftex.def Info: logi/xn345.jpg used on input line 95.
(pdftex.def)             Requested size: 170.63812pt x 170.34026pt.

<logi/xn38.jpg, id=189, 1192.455pt x 1190.4475pt>
File: logi/xn38.jpg Graphic file (type jpg)
 <use logi/xn38.jpg>
Package pdftex.def Info: logi/xn38.jpg used on input line 96.
(pdftex.def)             Requested size: 170.63812pt x 170.34895pt.
LaTeX Font Info:    External font `lmex10' loaded for size
(Font)              <5> on input line 97.

<logi/kore.jpg, id=191, 600.2425pt x 598.235pt>
File: logi/kore.jpg Graphic file (type jpg)
 <use logi/kore.jpg>
Package pdftex.def Info: logi/kore.jpg used on input line 104.
(pdftex.def)             Requested size: 250.93842pt x 250.09769pt.

<logi/kurve280.jpg, id=194, 1202.4925pt x 1194.4625pt>
File: logi/kurve280.jpg Graphic file (type jpg)
 <use logi/kurve280.jpg>
Package pdftex.def Info: logi/kurve280.jpg used on input line 121.
(pdftex.def)             Requested size: 200.75073pt x 199.41074pt.

<logi/kurve305.jpg, id=195, 1202.4925pt x 1198.4775pt>
File: logi/kurve305.jpg Graphic file (type jpg)
 <use logi/kurve305.jpg>
Package pdftex.def Info: logi/kurve305.jpg used on input line 122.
(pdftex.def)             Requested size: 200.75073pt x 200.08102pt.

<logi/kurve347.jpg, id=196, 1198.4775pt x 1200.485pt>
File: logi/kurve347.jpg Graphic file (type jpg)
 <use logi/kurve347.jpg>
Package pdftex.def Info: logi/kurve347.jpg used on input line 123.
(pdftex.def)             Requested size: 200.75073pt x 201.0756pt.

<logi/kurve356.jpg, id=197, 1194.4625pt x 1196.47pt>
File: logi/kurve356.jpg Graphic file (type jpg)
 <use logi/kurve356.jpg>
Package pdftex.def Info: logi/kurve356.jpg used on input line 124.
(pdftex.def)             Requested size: 200.75073pt x 201.07861pt.
Package babel Info: Redefining ngerman shorthand "|
(babel)             in language  on input line 128.
Package babel Info: Redefining ngerman shorthand "~
(babel)             in language  on input line 128.
Package babel Info: Redefining ngerman shorthand "|
(babel)             in language  on input line 128.
Package babel Info: Redefining ngerman shorthand "~
(babel)             in language  on input line 128.

[2]
Package babel Info: Redefining ngerman shorthand "|
(babel)             in language  on input line 128.
Package babel Info: Redefining ngerman shorthand "~
(babel)             in language  on input line 128.
Package babel Info: Redefining ngerman shorthand "|
(babel)             in language  on input line 128.
Package babel Info: Redefining ngerman shorthand "~
(babel)             in language  on input line 128.
 [3 <./logi/xn28.jpg> <./logi/xn32.jpg> <./logi/xn345.jpg> <./logi/xn38.jpg> <.
/logi/kore.jpg>]
Package babel Info: Redefining ngerman shorthand "|
(babel)             in language  on input line 128.
Package babel Info: Redefining ngerman shorthand "~
(babel)             in language  on input line 128.
Package babel Info: Redefining ngerman shorthand "|
(babel)             in language  on input line 128.
Package babel Info: Redefining ngerman shorthand "~
(babel)             in language  on input line 128.
 [4 <./logi/kurve280.jpg> <./logi/kurve305.jpg> <./logi/kurve347.jpg> <./logi/k
urve356.jpg>]
Package babel Info: Redefining ngerman shorthand "|
(babel)             in language  on input line 129.
Package babel Info: Redefining ngerman shorthand "~
(babel)             in language  on input line 129.

<bifurkation-1.jpg, id=227, 1549.79pt x 685.56125pt>
File: bifurkation-1.jpg Graphic file (type jpg)
 <use bifurkation-1.jpg>
Package pdftex.def Info: bifurkation-1.jpg used on input line 136.
(pdftex.def)             Requested size: 271.00449pt x 200.75337pt.

<bifurk-zoom-jo.jpg, id=228, 599.23875pt x 597.23125pt>
File: bifurk-zoom-jo.jpg Graphic file (type jpg)

<use bifurk-zoom-jo.jpg>
Package pdftex.def Info: bifurk-zoom-jo.jpg used on input line 137.
(pdftex.def)             Requested size: 200.7485pt x 200.75034pt.
Package babel Info: Redefining ngerman shorthand "|
(babel)             in language  on input line 141.
Package babel Info: Redefining ngerman shorthand "~
(babel)             in language  on input line 141.
Package babel Info: Redefining ngerman shorthand "|
(babel)             in language  on input line 153.
Package babel Info: Redefining ngerman shorthand "~
(babel)             in language  on input line 153.
Package babel Info: Redefining ngerman shorthand "|
(babel)             in language  on input line 153.
Package babel Info: Redefining ngerman shorthand "~
(babel)             in language  on input line 153.
 [5 <./bifurkation-1.jpg> <./bifurk-zoom-jo.jpg>]
Package babel Info: Redefining ngerman shorthand "|
(babel)             in language  on input line 198.
Package babel Info: Redefining ngerman shorthand "~
(babel)             in language  on input line 198.
Package babel Info: Redefining ngerman shorthand "|
(babel)             in language  on input line 198.
Package babel Info: Redefining ngerman shorthand "~
(babel)             in language  on input line 198.

[6] <fixpunkt-2878.png, id=260, 1196.47pt x 1199.48125pt>
File: fixpunkt-2878.png Graphic file (type png)

<use fixpunkt-2878.png>
Package pdftex.def Info: fixpunkt-2878.png used on input line 236.
(pdftex.def)             Requested size: 150.17911pt x 150.56305pt.
 <fixpunkt-311.png, id=262, 1194.4625pt x 1197.47375pt>
File: fixpunkt-311.png Graphic file (type png)

<use fixpunkt-311.png>
Package pdftex.def Info: fixpunkt-311.png used on input line 237.
(pdftex.def)             Requested size: 150.18228pt x 150.56305pt.
 <intermittenz.png, id=263, 1205.50375pt x 816.04875pt>
File: intermittenz.png Graphic file (type png)

<use intermittenz.png>
Package pdftex.def Info: intermittenz.png used on input line 244.
(pdftex.def)             Requested size: 265.21164pt x 179.53128pt.

<analy-periodenv.jpg, id=264, 1198.4775pt x 1198.4775pt>
File: analy-periodenv.jpg Graphic file (type jpg)

<use analy-periodenv.jpg>
Package pdftex.def Info: analy-periodenv.jpg used on input line 245.
(pdftex.def)             Requested size: 179.76387pt x 179.76387pt.
Package babel Info: Redefining ngerman shorthand "|
(babel)             in language  on input line 251.
Package babel Info: Redefining ngerman shorthand "~
(babel)             in language  on input line 251.
 <bifurkpunkt.jpg, id=269, 599.23875pt x 599.23875pt>
File: bifurkpunkt.jpg Graphic file (type jpg)

<use bifurkpunkt.jpg>
Package pdftex.def Info: bifurkpunkt.jpg used on input line 267.
(pdftex.def)             Requested size: 150.5591pt x 150.56305pt.

<startwert/e0008n2.jpg, id=270, 1198.4775pt x 1198.4775pt>
File: startwert/e0008n2.jpg Graphic file (type jpg)

<use startwert/e0008n2.jpg>
Package pdftex.def Info: startwert/e0008n2.jpg used on input line 268.
(pdftex.def)             Requested size: 150.5591pt x 150.56305pt.

<startwert/zoomed10.jpg, id=271, 1198.4775pt x 1202.4925pt>
File: startwert/zoomed10.jpg Graphic file (type jpg)

<use startwert/zoomed10.jpg>
Package pdftex.def Info: startwert/zoomed10.jpg used on input line 269.
(pdftex.def)             Requested size: 150.04704pt x 150.56305pt.
Package babel Info: Redefining ngerman shorthand "|
(babel)             in language  on input line 273.
Package babel Info: Redefining ngerman shorthand "~
(babel)             in language  on input line 273.
Package babel Info: Redefining ngerman shorthand "|
(babel)             in language  on input line 277.
Package babel Info: Redefining ngerman shorthand "~
(babel)             in language  on input line 277.
Package babel Info: Redefining ngerman shorthand "|
(babel)             in language  on input line 277.
Package babel Info: Redefining ngerman shorthand "~
(babel)             in language  on input line 277.
 [7]
Package babel Info: Redefining ngerman shorthand "|
(babel)             in language  on input line 277.
Package babel Info: Redefining ngerman shorthand "~
(babel)             in language  on input line 277.
Package babel Info: Redefining ngerman shorthand "|
(babel)             in language  on input line 277.
Package babel Info: Redefining ngerman shorthand "~
(babel)             in language  on input line 277.
 [8 <./fixpunkt-2878.png> <./fixpunkt-311.png> <./intermittenz.png> <./analy-pe
riodenv.jpg> <./bifurkpunkt.jpg> <./startwert/e0008n2.jpg> <./startwert/zoomed1
0.jpg>]
Overfull \hbox (53.06021pt too wide) in paragraph at lines 291--293
\T1/lmr/m/n/12 In prak.iteration-log-extreme.py ha-ben wir nun zu den An-fangs-
be-din-gun-gen $\OML/lmm/m/it/12 x[] \OT1/lmr/m/n/12 = 0\OML/lmm/m/it/12 :\OT1/
lmr/m/n/12 4$\T1/lmr/m/n/12 , $\OML/lmm/m/it/12 r \OMS/lmsy/m/n/12 2 \OT1/lmr/m
/n/12 [3\OML/lmm/m/it/12 :\OT1/lmr/m/n/12 99999\OML/lmm/m/it/12 ; \OT1/lmr/m/n/
12 4\OML/lmm/m/it/12 :\OT1/lmr/m/n/12 999989]$\T1/lmr/m/n/12 ,
 []

Package babel Info: Redefining ngerman shorthand "|
(babel)             in language  on input line 303.
Package babel Info: Redefining ngerman shorthand "~
(babel)             in language  on input line 303.
Package babel Info: Redefining ngerman shorthand "|
(babel)             in language  on input line 328.
Package babel Info: Redefining ngerman shorthand "~
(babel)             in language  on input line 328.
Package babel Info: Redefining ngerman shorthand "|
(babel)             in language  on input line 328.
Package babel Info: Redefining ngerman shorthand "~
(babel)             in language  on input line 328.
[9]
Package babel Info: Redefining ngerman shorthand "|
(babel)             in language  on input line 329.
Package babel Info: Redefining ngerman shorthand "~
(babel)             in language  on input line 329.
 <lyapunov-definition-convergence.jpg, id=327, 1187.43625pt x 1196.47pt>
File: lyapunov-definition-convergence.jpg Graphic file (type jpg)

<use lyapunov-definition-convergence.jpg>
Package pdftex.def Info: lyapunov-definition-convergence.jpg used on input line
 340.
(pdftex.def)             Requested size: 159.37291pt x 160.60059pt.

<lyapunov-normiert-xr.jpg, id=328, 1198.4775pt x 1200.485pt>
File: lyapunov-normiert-xr.jpg Graphic file (type jpg)

<use lyapunov-normiert-xr.jpg>
Package pdftex.def Info: lyapunov-normiert-xr.jpg used on input line 341.
(pdftex.def)             Requested size: 160.3245pt x 160.60059pt.

<lyapunov-analytisch-xr.jpg, id=329, 1200.485pt x 1200.485pt>
File: lyapunov-analytisch-xr.jpg Graphic file (type jpg)

<use lyapunov-analytisch-xr.jpg>
Package pdftex.def Info: lyapunov-analytisch-xr.jpg used on input line 342.
(pdftex.def)             Requested size: 160.59305pt x 160.60059pt.
Package babel Info: Redefining ngerman shorthand "|
(babel)             in language  on input line 347.
Package babel Info: Redefining ngerman shorthand "~
(babel)             in language  on input line 347.
Package babel Info: Redefining ngerman shorthand "|
(babel)             in language  on input line 350.
Package babel Info: Redefining ngerman shorthand "~
(babel)             in language  on input line 350.
Package babel Info: Redefining ngerman shorthand "|
(babel)             in language  on input line 350.
Package babel Info: Redefining ngerman shorthand "~
(babel)             in language  on input line 350.
 [10 <./lyapunov-definition-convergence.jpg> <./lyapunov-normiert-xr.jpg> <./ly
apunov-analytisch-xr.jpg>]
<lya378-zoom.jpg, id=354, 1196.47pt x 1194.4625pt>
File: lya378-zoom.jpg Graphic file (type jpg)
 <use lya378-zoom.jpg>
Package pdftex.def Info: lya378-zoom.jpg used on input line 359.
(pdftex.def)             Requested size: 160.85924pt x 160.60059pt.

<lya378.jpg, id=355, 598.235pt x 598.235pt>
File: lya378.jpg Graphic file (type jpg)
 <use lya378.jpg>
Package pdftex.def Info: lya378.jpg used on input line 360.
(pdftex.def)             Requested size: 160.60364pt x 160.60059pt.

<lyapunov_r4.jpg, id=356, 1193.45876pt x 1198.4775pt>
File: lyapunov_r4.jpg Graphic file (type jpg)
 <use lyapunov_r4.jpg>
Package pdftex.def Info: lyapunov_r4.jpg used on input line 361.
(pdftex.def)             Requested size: 150.54778pt x 160.5988pt.
Package babel Info: Redefining ngerman shorthand "|
(babel)             in language  on input line 367.
Package babel Info: Redefining ngerman shorthand "~
(babel)             in language  on input line 367.
Package babel Info: Redefining ngerman shorthand "|
(babel)             in language  on input line 370.
Package babel Info: Redefining ngerman shorthand "~
(babel)             in language  on input line 370.
Package babel Info: Redefining ngerman shorthand "|
(babel)             in language  on input line 370.
Package babel Info: Redefining ngerman shorthand "~
(babel)             in language  on input line 370.

[11 <./lya378-zoom.jpg> <./lya378.jpg> <./lyapunov_r4.jpg>]
Package babel Info: Redefining ngerman shorthand "|
(babel)             in language  on input line 371.
Package babel Info: Redefining ngerman shorthand "~
(babel)             in language  on input line 371.

<lya-rauschen.png, id=371, 1197.47375pt x 1194.4625pt>
File: lya-rauschen.png Graphic file (type png)
 <use lya-rauschen.png>
Package pdftex.def Info: lya-rauschen.png used on input line 420.
(pdftex.def)             Requested size: 251.56827pt x 250.93842pt.

<iteration/bifurk-log-lyapunov-periode.png, id=372, 1025.8325pt x 518.93875pt>
File: iteration/bifurk-log-lyapunov-periode.png Graphic file (type png)

<use iteration/bifurk-log-lyapunov-periode.png>
Package pdftex.def Info: iteration/bifurk-log-lyapunov-periode.png used on inpu
t line 427.
(pdftex.def)             Requested size: 461.62038pt x 233.52028pt.
Package babel Info: Redefining ngerman shorthand "|
(babel)             in language  on input line 431.
Package babel Info: Redefining ngerman shorthand "~
(babel)             in language  on input line 431.
Package babel Info: Redefining ngerman shorthand "|
(babel)             in language  on input line 431.
Package babel Info: Redefining ngerman shorthand "~
(babel)             in language  on input line 431.
 [12]
Package babel Info: Redefining ngerman shorthand "|
(babel)             in language  on input line 432.
Package babel Info: Redefining ngerman shorthand "~
(babel)             in language  on input line 432.
Package babel Info: Redefining ngerman shorthand "|
(babel)             in language  on input line 448.
Package babel Info: Redefining ngerman shorthand "~
(babel)             in language  on input line 448.
Package babel Info: Redefining ngerman shorthand "|
(babel)             in language  on input line 448.
Package babel Info: Redefining ngerman shorthand "~
(babel)             in language  on input line 448.
 [13 <./lya-rauschen.png>]
<bifurkation-sin.jpg, id=410, 850.17625pt x 397.485pt>
File: bifurkation-sin.jpg Graphic file (type jpg)

<use bifurkation-sin.jpg>
Package pdftex.def Info: bifurkation-sin.jpg used on input line 457.
(pdftex.def)             Requested size: 220.82007pt x 230.86897pt.

<bifurkation-sin-zoom.jpg, id=411, 982.67125pt x 598.235pt>
File: bifurkation-sin-zoom.jpg Graphic file (type jpg)

<use bifurkation-sin-zoom.jpg>
Package pdftex.def Info: bifurkation-sin-zoom.jpg used on input line 458.
(pdftex.def)             Requested size: 220.8216pt x 230.86432pt.
Package babel Info: Redefining ngerman shorthand "|
(babel)             in language  on input line 462.
Package babel Info: Redefining ngerman shorthand "~
(babel)             in language  on input line 462.
Package babel Info: Redefining ngerman shorthand "|
(babel)             in language  on input line 462.
Package babel Info: Redefining ngerman shorthand "~
(babel)             in language  on input line 462.
 [14 <./iteration/bifurk-log-lyapunov-periode.png>]
Package babel Info: Redefining ngerman shorthand "|
(babel)             in language  on input line 463.
Package babel Info: Redefining ngerman shorthand "~
(babel)             in language  on input line 463.

Underfull \hbox (badness 10000) in paragraph at lines 473--475

 []

Package babel Info: Redefining ngerman shorthand "|
(babel)             in language  on input line 475.
Package babel Info: Redefining ngerman shorthand "~
(babel)             in language  on input line 475.

<duffing-awp1-500k-nach-500k-h0,1-euler.png, id=421, 599.23875pt x 601.24625pt>
File: duffing-awp1-500k-nach-500k-h0,1-euler.png Graphic file (type png)
<use duffing-awp1-500k-nach-500k-h0,1-euler.png>
Package pdftex.def Info: duffing-awp1-500k-nach-500k-h0,1-euler.png used on inp
ut line 478.
(pdftex.def)             Requested size: 149.80931pt x 150.31119pt.

<duffing-awp1-500k-nach-500k-h0,08-euler.png, id=422, 594.22pt x 597.23125pt>
File: duffing-awp1-500k-nach-500k-h0,08-euler.png Graphic file (type png)

<use duffing-awp1-500k-nach-500k-h0,08-euler.png>
Package pdftex.def Info: duffing-awp1-500k-nach-500k-h0,08-euler.png used on in
put line 479.
(pdftex.def)             Requested size: 148.55463pt x 149.30743pt.

<duffing-awp1-h2-runge-kutta.jpg, id=423, 599.23875pt x 599.23875pt>
File: duffing-awp1-h2-runge-kutta.jpg Graphic file (type jpg)

<use duffing-awp1-h2-runge-kutta.jpg>
Package pdftex.def Info: duffing-awp1-h2-runge-kutta.jpg used on input line 480
.
(pdftex.def)             Requested size: 149.80931pt x 149.80931pt.

<duffing-awp2-500k-nach-500k-h0,01-runge.png, id=431, 599.23875pt x 597.23125pt
>
File: duffing-awp2-500k-nach-500k-h0,01-runge.png Graphic file (type png)
 <use duffing-awp2-500k-nach-500k-h0,01-runge.png>
Package pdftex.def Info: duffing-awp2-500k-nach-500k-h0,01-runge.png used on in
put line 491.
(pdftex.def)             Requested size: 119.84563pt x 119.44412pt.

<duffing-awp3-500k-nach-500k-h0,01-runge.png, id=432, 597.23125pt x 600.2425pt>
File: duffing-awp3-500k-nach-500k-h0,01-runge.png Graphic file (type png)
<use duffing-awp3-500k-nach-500k-h0,01-runge.png>
Package pdftex.def Info: duffing-awp3-500k-nach-500k-h0,01-runge.png used on in
put line 492.
(pdftex.def)             Requested size: 119.44412pt x 120.04637pt.

<duffing-awp4-500k-nach-500k-h0,01-runge.png, id=433, 598.235pt x 600.2425pt>
File: duffing-awp4-500k-nach-500k-h0,01-runge.png Graphic file (type png)

<use duffing-awp4-500k-nach-500k-h0,01-runge.png>
Package pdftex.def Info: duffing-awp4-500k-nach-500k-h0,01-runge.png used on in
put line 493.
(pdftex.def)             Requested size: 119.64487pt x 120.04637pt.

<duffing-awp5-500k-nach-500k-h0,01-runge.png, id=434, 599.23875pt x 601.24625pt
>
File: duffing-awp5-500k-nach-500k-h0,01-runge.png Graphic file (type png)
 <use duffing-awp5-500k-nach-500k-h0,01-runge.png>
Package pdftex.def Info: duffing-awp5-500k-nach-500k-h0,01-runge.png used on in
put line 494.
(pdftex.def)             Requested size: 119.84563pt x 120.24712pt.
Package babel Info: Redefining ngerman shorthand "|
(babel)             in language  on input line 499.
Package babel Info: Redefining ngerman shorthand "~
(babel)             in language  on input line 499.
Package babel Info: Redefining ngerman shorthand "|
(babel)             in language  on input line 499.
Package babel Info: Redefining ngerman shorthand "~
(babel)             in language  on input line 499.
 [15 <./bifurkation-sin.jpg> <./bifurkation-sin-zoom.jpg>]
Package babel Info: Redefining ngerman shorthand "|
(babel)             in language  on input line 499.
Package babel Info: Redefining ngerman shorthand "~
(babel)             in language  on input line 499.

<duffing-phase-RK-lambda0,04-h0,001.jpg, id=446, 598.235pt x 598.235pt>
File: duffing-phase-RK-lambda0,04-h0,001.jpg Graphic file (type jpg)

<use duffing-phase-RK-lambda0,04-h0,001.jpg>
Package pdftex.def Info: duffing-phase-RK-lambda0,04-h0,001.jpg used on input l
ine 505.
(pdftex.def)             Requested size: 239.28975pt x 239.28975pt.

<duffing-poincare-2000k-after100k-euler-lambda0,04-eps7,5.jpg, id=447, 599.2387
5pt x 598.235pt>
File: duffing-poincare-2000k-after100k-euler-lambda0,04-eps7,5.jpg Graphic file
 (type jpg)

<use duffing-poincare-2000k-after100k-euler-lambda0,04-eps7,5.jpg>
Package pdftex.def Info: duffing-poincare-2000k-after100k-euler-lambda0,04-eps7
,5.jpg used on input line 506.
(pdftex.def)             Requested size: 239.69125pt x 239.28975pt.
Package babel Info: Redefining ngerman shorthand "|
(babel)             in language  on input line 510.
Package babel Info: Redefining ngerman shorthand "~
(babel)             in language  on input line 510.
Package babel Info: Redefining ngerman shorthand "|
(babel)             in language  on input line 510.
Package babel Info: Redefining ngerman shorthand "~
(babel)             in language  on input line 510.
 [16 <./duffing-awp1-500k-nach-500k-h0,1-euler.png> <./duffing-awp1-500k-nach-5
00k-h0,08-euler.png> <./duffing-awp1-h2-runge-kutta.jpg> <./duffing-awp2-500k-n
ach-500k-h0,01-runge.png> <./duffing-awp3-500k-nach-500k-h0,01-runge.png> <./du
ffing-awp4-500k-nach-500k-h0,01-runge.png> <./duffing-awp5-500k-nach-500k-h0,01
-runge.png>]
Package babel Info: Redefining ngerman shorthand "|
(babel)             in language  on input line 511.
Package babel Info: Redefining ngerman shorthand "~
(babel)             in language  on input line 511.

<schaltskizze.png, id=462, 316.18124pt x 251.94125pt>
File: schaltskizze.png Graphic file (type png)
 <use schaltskizze.png>
Package pdftex.def Info: schaltskizze.png used on input line 515.
(pdftex.def)             Requested size: 189.7102pt x 151.16591pt.
Package babel Info: Redefining ngerman shorthand "|
(babel)             in language  on input line 520.
Package babel Info: Redefining ngerman shorthand "~
(babel)             in language  on input line 520.
Package babel Info: Redefining ngerman shorthand "|
(babel)             in language  on input line 528.
Package babel Info: Redefining ngerman shorthand "~
(babel)             in language  on input line 528.
Package babel Info: Redefining ngerman shorthand "|
(babel)             in language  on input line 528.
Package babel Info: Redefining ngerman shorthand "~
(babel)             in language  on input line 528.

[17 <./duffing-phase-RK-lambda0,04-h0,001.jpg> <./duffing-poincare-2000k-after1
00k-euler-lambda0,04-eps7,5.jpg>]
Package babel Info: Redefining ngerman shorthand "|
(babel)             in language  on input line 541.
Package babel Info: Redefining ngerman shorthand "~
(babel)             in language  on input line 541.
Package babel Info: Redefining ngerman shorthand "|
(babel)             in language  on input line 541.
Package babel Info: Redefining ngerman shorthand "~
(babel)             in language  on input line 541.
 [18 <./schaltskizze.png>]
Package babel Info: Redefining ngerman shorthand "|
(babel)             in language  on input line 542.
Package babel Info: Redefining ngerman shorthand "~
(babel)             in language  on input line 542.

Underfull \hbox (badness 6220) in paragraph at lines 549--549
\T1/lmr/m/n/12 Ka-pa-zi-tt der Di-ode in
 []


Underfull \hbox (badness 6220) in paragraph at lines 550--550
\T1/lmr/m/n/12 Ka-pa-zi-tt der Di-ode in
 []


Underfull \hbox (badness 10000) in paragraph at lines 551--551
[]\T1/lmr/m/n/12 Konstante pro-por-tio-nal
 []

<runge-oszillation-100k-2V.png, id=482, 597.23125pt x 597.23125pt>
File: runge-oszillation-100k-2V.png Graphic file (type png)

<use runge-oszillation-100k-2V.png>
Package pdftex.def Info: runge-oszillation-100k-2V.png used on input line 564.
(pdftex.def)             Requested size: 301.13007pt x 180.6744pt.

<schwing-runge-nach300k-weitere20k-10-9-1V.png, id=483, 599.23875pt x 598.235pt
>
File: schwing-runge-nach300k-weitere20k-10-9-1V.png Graphic file (type png)
 <use schwing-runge-nach300k-weitere20k-10-9-1V.png>
Package pdftex.def Info: schwing-runge-nach300k-weitere20k-10-9-1V.png used on 
input line 570.
(pdftex.def)             Requested size: 155.7984pt x 155.53743pt.

<schwing-runge-nach300k-weitere20k-10-9-1,2V.png, id=484, 597.23125pt x 598.235
pt>
File: schwing-runge-nach300k-weitere20k-10-9-1,2V.png Graphic file (type png)
 <use schwing-runge-nach300k-weitere20k-10-9-1,2V.png>
Package pdftex.def Info: schwing-runge-nach300k-weitere20k-10-9-1,2V.png used o
n input line 571.
(pdftex.def)             Requested size: 155.27646pt x 155.53743pt.

<schwing-runge-nach300k-weitere20k-10-9-1,42V.png, id=485, 598.235pt x 598.235p
t>
File: schwing-runge-nach300k-weitere20k-10-9-1,42V.png Graphic file (type png)
 <use schwing-runge-nach300k-weitere20k-10-9-1,42V.png>
Package pdftex.def Info: schwing-runge-nach300k-weitere20k-10-9-1,42V.png used 
on input line 572.
(pdftex.def)             Requested size: 155.53743pt x 155.53743pt.
Package babel Info: Redefining ngerman shorthand "|
(babel)             in language  on input line 576.
Package babel Info: Redefining ngerman shorthand "~
(babel)             in language  on input line 576.

<schwing-runge-nach300k-weitere20k-10-9-20V.png, id=489, 598.235pt x 599.23875p
t>
File: schwing-runge-nach300k-weitere20k-10-9-20V.png Graphic file (type png)
 <use schwing-runge-nach300k-weitere20k-10-9-20V.png>
Package pdftex.def Info: schwing-runge-nach300k-weitere20k-10-9-20V.png used on
 input line 583.
(pdftex.def)             Requested size: 155.53743pt x 155.7984pt.

<schwing-runge-nach300k-weitere20k-10-9-30V.png, id=490, 597.23125pt x 594.22pt
>
File: schwing-runge-nach300k-weitere20k-10-9-30V.png Graphic file (type png)
 <use schwing-runge-nach300k-weitere20k-10-9-30V.png>
Package pdftex.def Info: schwing-runge-nach300k-weitere20k-10-9-30V.png used on
 input line 584.
(pdftex.def)             Requested size: 155.27646pt x 154.49355pt.

<schwing-runge-nach300k-weitere120k-10-9-34V.png, id=491, 599.23875pt x 598.235
pt>
File: schwing-runge-nach300k-weitere120k-10-9-34V.png Graphic file (type png)
 <use schwing-runge-nach300k-weitere120k-10-9-34V.png>
Package pdftex.def Info: schwing-runge-nach300k-weitere120k-10-9-34V.png used o
n input line 585.
(pdftex.def)             Requested size: 155.7984pt x 155.53743pt.

<schwing-runge-nach300k-weitere50k-10-8-searching-chaos1.png, id=493, 598.235pt
 x 598.235pt>
File: schwing-runge-nach300k-weitere50k-10-8-searching-chaos1.png Graphic file 
(type png)

<use schwing-runge-nach300k-weitere50k-10-8-searching-chaos1.png>
Package pdftex.def Info: schwing-runge-nach300k-weitere50k-10-8-searching-chaos
1.png used on input line 593.
(pdftex.def)             Requested size: 197.41815pt x 197.41815pt.

<schwing-runge-nach300k-weitere50k-10-8-finding-chaos1.png, id=494, 597.23125pt
 x 598.235pt>
File: schwing-runge-nach300k-weitere50k-10-8-finding-chaos1.png Graphic file (t
ype png)
 <use schwing-runge-nach300k-weitere50k-10-8-finding-chaos1.png>
Package pdftex.def Info: schwing-runge-nach300k-weitere50k-10-8-finding-chaos1.
png used on input line 594.
(pdftex.def)             Requested size: 197.08691pt x 197.41815pt.

<schwing-euler-nach2500k-weitere100k-3,4V.png, id=495, 599.23875pt x 599.23875p
t>
File: schwing-euler-nach2500k-weitere100k-3,4V.png Graphic file (type png)
 <use schwing-euler-nach2500k-weitere100k-3,4V.png>
Package pdftex.def Info: schwing-euler-nach2500k-weitere100k-3,4V.png used on i
nput line 600.
(pdftex.def)             Requested size: 119.84563pt x 119.84563pt.

<schwing-euler-nach2500k-weitere100k-3,6V.png, id=496, 597.23125pt x 596.2275pt
>
File: schwing-euler-nach2500k-weitere100k-3,6V.png Graphic file (type png)
 <use schwing-euler-nach2500k-weitere100k-3,6V.png>
Package pdftex.def Info: schwing-euler-nach2500k-weitere100k-3,6V.png used on i
nput line 601.
(pdftex.def)             Requested size: 119.44412pt x 119.24338pt.

<schwing-euler-nach2500k-weitere100k-4,4V.png, id=497, 597.23125pt x 597.23125p
t>
File: schwing-euler-nach2500k-weitere100k-4,4V.png Graphic file (type png)
 <use schwing-euler-nach2500k-weitere100k-4,4V.png>
Package pdftex.def Info: schwing-euler-nach2500k-weitere100k-4,4V.png used on i
nput line 602.
(pdftex.def)             Requested size: 119.44412pt x 119.44412pt.

<schwing-euler-nach2500k-weitere100k-4,602V.png, id=498, 597.23125pt x 597.2312
5pt>
File: schwing-euler-nach2500k-weitere100k-4,602V.png Graphic file (type png)
 <use schwing-euler-nach2500k-weitere100k-4,602V.png>
Package pdftex.def Info: schwing-euler-nach2500k-weitere100k-4,602V.png used on
 input line 603.
(pdftex.def)             Requested size: 119.44412pt x 119.44412pt.
Package babel Info: Redefining ngerman shorthand "|
(babel)             in language  on input line 609.
Package babel Info: Redefining ngerman shorthand "~
(babel)             in language  on input line 609.
Package babel Info: Redefining ngerman shorthand "|
(babel)             in language  on input line 609.
Package babel Info: Redefining ngerman shorthand "~
(babel)             in language  on input line 609.
 [19 <./runge-oszillation-100k-2V.png>]
Package babel Info: Redefining ngerman shorthand "|
(babel)             in language  on input line 609.
Package babel Info: Redefining ngerman shorthand "~
(babel)             in language  on input line 609.
Package babel Info: Redefining ngerman shorthand "|
(babel)             in language  on input line 609.
Package babel Info: Redefining ngerman shorthand "~
(babel)             in language  on input line 609.
 [20 <./schwing-runge-nach300k-weitere20k-10-9-1V.png> <./schwing-runge-nach300
k-weitere20k-10-9-1,2V.png> <./schwing-runge-nach300k-weitere20k-10-9-1,42V.png
> <./schwing-runge-nach300k-weitere20k-10-9-20V.png> <./schwing-runge-nach300k-
weitere20k-10-9-30V.png> <./schwing-runge-nach300k-weitere120k-10-9-34V.png>]
Package babel Info: Redefining ngerman shorthand "|
(babel)             in language  on input line 609.
Package babel Info: Redefining ngerman shorthand "~
(babel)             in language  on input line 609.
Package babel Info: Redefining ngerman shorthand "|
(babel)             in language  on input line 609.
Package babel Info: Redefining ngerman shorthand "~
(babel)             in language  on input line 609.
 [21 <./schwing-runge-nach300k-weitere50k-10-8-searching-chaos1.png> <./schwing
-runge-nach300k-weitere50k-10-8-finding-chaos1.png> <./schwing-euler-nach2500k-
weitere100k-3,4V.png> <./schwing-euler-nach2500k-weitere100k-3,6V.png> <./schwi
ng-euler-nach2500k-weitere100k-4,4V.png> <./schwing-euler-nach2500k-weitere100k
-4,602V.png>]
Package babel Info: Redefining ngerman shorthand "|
(babel)             in language  on input line 609.
Package babel Info: Redefining ngerman shorthand "~
(babel)             in language  on input line 609.

<schwing-v5-euler.jpg, id=531, 599.23875pt x 599.23875pt>
File: schwing-v5-euler.jpg Graphic file (type jpg)

<use schwing-v5-euler.jpg>
Package pdftex.def Info: schwing-v5-euler.jpg used on input line 613.
(pdftex.def)             Requested size: 197.74939pt x 197.74939pt.

<schwing-v5-euler-poincare.png, id=532, 597.23125pt x 596.2275pt>
File: schwing-v5-euler-poincare.png Graphic file (type png)

<use schwing-v5-euler-poincare.png>
Package pdftex.def Info: schwing-v5-euler-poincare.png used on input line 614.
(pdftex.def)             Requested size: 197.08691pt x 196.75568pt.
Package babel Info: Redefining ngerman shorthand "|
(babel)             in language  on input line 619.
Package babel Info: Redefining ngerman shorthand "~
(babel)             in language  on input line 619.

<schwing-bifurc-von-0-8-in-0,01schritten-400k-strom.png, id=533, 599.23875pt x 
599.23875pt>
File: schwing-bifurc-von-0-8-in-0,01schritten-400k-strom.png Graphic file (type
 png)
 <use schwing-bifurc-von-0-8-in-0,01schritten-400k-strom.png>
Package pdftex.def Info: schwing-bifurc-von-0-8-in-0,01schritten-400k-strom.png
 used on input line 622.
(pdftex.def)             Requested size: 239.69125pt x 239.69125pt.

<schwing-bifurc-von-0-8-in-0,01schritten-400k-spannung.png, id=534, 597.23125pt
 x 597.23125pt>
File: schwing-bifurc-von-0-8-in-0,01schritten-400k-spannung.png Graphic file (t
ype png)

<use schwing-bifurc-von-0-8-in-0,01schritten-400k-spannung.png>
Package pdftex.def Info: schwing-bifurc-von-0-8-in-0,01schritten-400k-spannung.
png used on input line 623.
(pdftex.def)             Requested size: 238.88826pt x 238.88826pt.
Package babel Info: Redefining ngerman shorthand "|
(babel)             in language  on input line 628.
Package babel Info: Redefining ngerman shorthand "~
(babel)             in language  on input line 628.
Package babel Info: Redefining ngerman shorthand "|
(babel)             in language  on input line 628.
Package babel Info: Redefining ngerman shorthand "~
(babel)             in language  on input line 628.
 [22 <./schwing-v5-euler.jpg> <./schwing-v5-euler-poincare.png> <./schwing-bifu
rc-von-0-8-in-0,01schritten-400k-strom.png> <./schwing-bifurc-von-0-8-in-0,01sc
hritten-400k-spannung.png>]
Package babel Info: Redefining ngerman shorthand "|
(babel)             in language  on input line 628.
Package babel Info: Redefining ngerman shorthand "~
(babel)             in language  on input line 628.
Package babel Info: Redefining ngerman shorthand "|
(babel)             in language  on input line 629.
Package babel Info: Redefining ngerman shorthand "~
(babel)             in language  on input line 629.
 <aufbau1.jpg, id=548, 598.235pt x 209.78375pt>
File: aufbau1.jpg Graphic file (type jpg)
 <use aufbau1.jpg>
Package pdftex.def Info: aufbau1.jpg used on input line 632.
(pdftex.def)             Requested size: 239.28975pt x 83.912pt.

<aufbau2.jpg, id=549, 672.5125pt x 359.3425pt>
File: aufbau2.jpg Graphic file (type jpg)
 <use aufbau2.jpg>
Package pdftex.def Info: aufbau2.jpg used on input line 633.
(pdftex.def)             Requested size: 255.5574pt x 136.55156pt.
Package babel Info: Redefining ngerman shorthand "|
(babel)             in language  on input line 638.
Package babel Info: Redefining ngerman shorthand "~
(babel)             in language  on input line 638.

<800khz-5V-oszi.jpg, id=552, 1917.1625pt x 1467.4825pt>
File: 800khz-5V-oszi.jpg Graphic file (type jpg)

<use 800khz-5V-oszi.jpg>
Package pdftex.def Info: 800khz-5V-oszi.jpg used on input line 643.
(pdftex.def)             Requested size: 191.72748pt x 146.75684pt.

<800khz-5V-phase.jpg, id=553, 1703.36375pt x 1319.93124pt>
File: 800khz-5V-phase.jpg Graphic file (type jpg)

<use 800khz-5V-phase.jpg>
Package pdftex.def Info: 800khz-5V-phase.jpg used on input line 644.
(pdftex.def)             Requested size: 187.37059pt x 145.19289pt.

<800khz-134V-phase.jpg, id=554, 3117.6475pt x 2381.89874pt>
File: 800khz-134V-phase.jpg Graphic file (type jpg)

<use 800khz-134V-phase.jpg>
Package pdftex.def Info: 800khz-134V-phase.jpg used on input line 651.
(pdftex.def)             Requested size: 155.89151pt x 119.10191pt.

<800khz-112V-phase.jpg, id=555, 2813.51125pt x 2189.17876pt>
File: 800khz-112V-phase.jpg Graphic file (type jpg)

<use 800khz-112V-phase.jpg>
Package pdftex.def Info: 800khz-112V-phase.jpg used on input line 652.
(pdftex.def)             Requested size: 154.72212pt x 120.3885pt.

<800khz-29,6V-phase-chaos.jpg, id=556, 2423.0525pt x 2027.575pt>
File: 800khz-29,6V-phase-chaos.jpg Graphic file (type jpg)

<use 800khz-29,6V-phase-chaos.jpg>
Package pdftex.def Info: 800khz-29,6V-phase-chaos.jpg used on input line 653.
(pdftex.def)             Requested size: 145.37688pt x 121.64925pt.
Package babel Info: Redefining ngerman shorthand "|
(babel)             in language  on input line 657.
Package babel Info: Redefining ngerman shorthand "~
(babel)             in language  on input line 657.

<bif-ldr/dreieck_1.jpg, id=561, 1027.84pt x 770.88pt>
File: bif-ldr/dreieck_1.jpg Graphic file (type jpg)

<use bif-ldr/dreieck_1.jpg>
Package pdftex.def Info: bif-ldr/dreieck_1.jpg used on input line 664.
(pdftex.def)             Requested size: 123.33548pt x 92.5016pt.

<bif-ldr/dreieck_2.jpg, id=562, 1027.84pt x 770.88pt>
File: bif-ldr/dreieck_2.jpg Graphic file (type jpg)

<use bif-ldr/dreieck_2.jpg>
Package pdftex.def Info: bif-ldr/dreieck_2.jpg used on input line 665.
(pdftex.def)             Requested size: 123.33548pt x 92.5016pt.

<bif-ldr/dreieck_3.jpg, id=563, 1027.84pt x 770.88pt>
File: bif-ldr/dreieck_3.jpg Graphic file (type jpg)

<use bif-ldr/dreieck_3.jpg>
Package pdftex.def Info: bif-ldr/dreieck_3.jpg used on input line 666.
(pdftex.def)             Requested size: 123.33548pt x 92.5016pt.
Package babel Info: Redefining ngerman shorthand "|
(babel)             in language  on input line 670.
Package babel Info: Redefining ngerman shorthand "~
(babel)             in language  on input line 670.
Package babel Info: Redefining ngerman shorthand "|
(babel)             in language  on input line 670.
Package babel Info: Redefining ngerman shorthand "~
(babel)             in language  on input line 670.
 [23 <./aufbau1.jpg> <./aufbau2.jpg>]
<bif-ldr/bifurc-bad.jpg, id=573, 1027.84pt x 770.88pt>
File: bif-ldr/bifurc-bad.jpg Graphic file (type jpg)

<use bif-ldr/bifurc-bad.jpg>
Package pdftex.def Info: bif-ldr/bifurc-bad.jpg used on input line 675.
(pdftex.def)             Requested size: 185.00322pt x 138.75241pt.

<bif-ldr/bifurc-good.jpg, id=574, 1027.84pt x 770.88pt>
File: bif-ldr/bifurc-good.jpg Graphic file (type jpg)

<use bif-ldr/bifurc-good.jpg>
Package pdftex.def Info: bif-ldr/bifurc-good.jpg used on input line 676.
(pdftex.def)             Requested size: 185.00322pt x 138.75241pt.
Package babel Info: Redefining ngerman shorthand "|
(babel)             in language  on input line 680.
Package babel Info: Redefining ngerman shorthand "~
(babel)             in language  on input line 680.
Package babel Info: Redefining ngerman shorthand "|
(babel)             in language  on input line 682.
Package babel Info: Redefining ngerman shorthand "~
(babel)             in language  on input line 682.
Package babel Info: Redefining ngerman shorthand "|
(babel)             in language  on input line 682.
Package babel Info: Redefining ngerman shorthand "~
(babel)             in language  on input line 682.
 [24 <./800khz-5V-oszi.jpg> <./800khz-5V-phase.jpg> <./800khz-134V-phase.jpg> <
./800khz-112V-phase.jpg> <./800khz-29,6V-phase-chaos.jpg> <./bif-ldr/dreieck_1.
jpg> <./bif-ldr/dreieck_2.jpg> <./bif-ldr/dreieck_3.jpg>] <bif-ldr/bifurc-zoom.
jpg, id=583, 1027.84pt x 770.88pt>
File: bif-ldr/bifurc-zoom.jpg Graphic file (type jpg)

<use bif-ldr/bifurc-zoom.jpg>
Package pdftex.def Info: bif-ldr/bifurc-zoom.jpg used on input line 689.
(pdftex.def)             Requested size: 185.00322pt x 138.75241pt.

<bif-ldr/bifurc-zoom2.jpg, id=584, 1027.84pt x 770.88pt>
File: bif-ldr/bifurc-zoom2.jpg Graphic file (type jpg)

<use bif-ldr/bifurc-zoom2.jpg>
Package pdftex.def Info: bif-ldr/bifurc-zoom2.jpg used on input line 690.
(pdftex.def)             Requested size: 185.00322pt x 138.75241pt.
Package babel Info: Redefining ngerman shorthand "|
(babel)             in language  on input line 695.
Package babel Info: Redefining ngerman shorthand "~
(babel)             in language  on input line 695.
Package babel Info: Redefining ngerman shorthand "|
(babel)             in language  on input line 701.
Package babel Info: Redefining ngerman shorthand "~
(babel)             in language  on input line 701.
Package babel Info: Redefining ngerman shorthand "|
(babel)             in language  on input line 701.
Package babel Info: Redefining ngerman shorthand "~
(babel)             in language  on input line 701.
 [25 <./bif-ldr/bifurc-bad.jpg> <./bif-ldr/bifurc-good.jpg> <./bif-ldr/bifurc-z
oom.jpg> <./bif-ldr/bifurc-zoom2.jpg>]
Package babel Info: Redefining ngerman shorthand "|
(babel)             in language  on input line 701.
Package babel Info: Redefining ngerman shorthand "~
(babel)             in language  on input line 701.
Package babel Info: Redefining ngerman shorthand "|
(babel)             in language  on input line 701.
Package babel Info: Redefining ngerman shorthand "~
(babel)             in language  on input line 701.
 [26]
Package babel Info: Redefining ngerman shorthand "|
(babel)             in language  on input line 701.
Package babel Info: Redefining ngerman shorthand "~
(babel)             in language  on input line 701.
Package babel Info: Redefining ngerman shorthand "|
(babel)             in language  on input line 703.
Package babel Info: Redefining ngerman shorthand "~
(babel)             in language  on input line 703.

<log-konv-r3.jpg, id=600, 600.2425pt x 597.23125pt>
File: log-konv-r3.jpg Graphic file (type jpg)
 <use log-konv-r3.jpg>
Package pdftex.def Info: log-konv-r3.jpg used on input line 721.
(pdftex.def)             Requested size: 150.06026pt x 149.30743pt.
Package babel Info: Redefining ngerman shorthand "|
(babel)             in language  on input line 726.
Package babel Info: Redefining ngerman shorthand "~
(babel)             in language  on input line 726.
Package babel Info: Redefining ngerman shorthand "|
(babel)             in language  on input line 726.
Package babel Info: Redefining ngerman shorthand "~
(babel)             in language  on input line 726.

[27 <./log-konv-r3.jpg>]
Package babel Info: Redefining ngerman shorthand "|
(babel)             in language  on input line 726.
Package babel Info: Redefining ngerman shorthand "~
(babel)             in language  on input line 726.
Package babel Info: Redefining ngerman shorthand "|
(babel)             in language  on input line 727.
Package babel Info: Redefining ngerman shorthand "~
(babel)             in language  on input line 727.
Package babel Info: Redefining ngerman shorthand "|
(babel)             in language  on input line 745.
Package babel Info: Redefining ngerman shorthand "~
(babel)             in language  on input line 745.
Package babel Info: Redefining ngerman shorthand "|
(babel)             in language  on input line 745.
Package babel Info: Redefining ngerman shorthand "~
(babel)             in language  on input line 745.
 [28]
Package babel Info: Redefining ngerman shorthand "|
(babel)             in language  on input line 746.
Package babel Info: Redefining ngerman shorthand "~
(babel)             in language  on input line 746.
Package babel Info: Redefining ngerman shorthand "|
(babel)             in language  on input line 792.
Package babel Info: Redefining ngerman shorthand "~
(babel)             in language  on input line 792.
Package babel Info: Redefining ngerman shorthand "|
(babel)             in language  on input line 792.
Package babel Info: Redefining ngerman shorthand "~
(babel)             in language  on input line 792.
 [29]
Package babel Info: Redefining ngerman shorthand "|
(babel)             in language  on input line 793.
Package babel Info: Redefining ngerman shorthand "~
(babel)             in language  on input line 793.
Package atveryend Info: Empty hook `BeforeClearDocument' on input line 817.
Package babel Info: Redefining ngerman shorthand "|
(babel)             in language  on input line 817.
Package babel Info: Redefining ngerman shorthand "~
(babel)             in language  on input line 817.
Package babel Info: Redefining ngerman shorthand "|
(babel)             in language  on input line 817.
Package babel Info: Redefining ngerman shorthand "~
(babel)             in language  on input line 817.
 [30]
Package atveryend Info: Empty hook `AfterLastShipout' on input line 817.

(/Users/keksnicoh/unih/SS1516/py/dokumentation/Protokoll/.texpadtmp/Protokoll.a
ux)
Package atveryend Info: Executing hook `AtVeryEndDocument' on input line 817.
Package atveryend Info: Executing hook `AtEndAfterFileList' on input line 817.
Package rerunfilecheck Info: File `Protokoll.out' has not changed.
(rerunfilecheck)             Checksum: 90E64159FC33CA584FD38FEBB800E805;2162.


LaTeX Warning: There were multiply-defined labels.

Package logreq Info: Writing requests to 'Protokoll.run.xml'.
\openout1 = `Protokoll.run.xml'.

Package atveryend Info: Empty hook `AtVeryVeryEnd' on input line 817.
 ) 
Here is how much of TeX's memory you used:
 17202 strings out of 493117
 272382 string characters out of 6135432
 746787 words of memory out of 5000000
 20079 multiletter control sequences out of 15000+600000
 82872 words of font info for 68 fonts, out of 8000000 for 9000
 1145 hyphenation exceptions out of 8191
 37i,11n,49p,961b,1447s stack positions out of 5000i,500n,10000p,200000b,80000s
{/usr/local/texlive/2014/texmf-dist/fonts/enc/dvips/lm/lm-ec.enc}{/usr/local/
texlive/2014/texmf-dist/fonts/enc/dvips/lm/lm-mathex.enc}{/usr/local/texlive/20
14/texmf-dist/fonts/enc/dvips/lm/lm-mathsy.enc}{/usr/local/texlive/2014/texmf-d
ist/fonts/enc/dvips/lm/lm-mathit.enc}{/usr/local/texlive/2014/texmf-dist/fonts/
enc/dvips/lm/lm-rm.enc}{/usr/local/texlive/2014/texmf-dist/fonts/enc/dvips/base
/8r.enc}</usr/local/texlive/2014/texmf-dist/fonts/type1/public/lm/lmbx10.pfb></
usr/local/texlive/2014/texmf-dist/fonts/type1/public/lm/lmbx12.pfb></usr/local/
texlive/2014/texmf-dist/fonts/type1/public/lm/lmbx8.pfb></usr/local/texlive/201
4/texmf-dist/fonts/type1/public/lm/lmcsc10.pfb></usr/local/texlive/2014/texmf-d
ist/fonts/type1/public/lm/lmex10.pfb></usr/local/texlive/2014/texmf-dist/fonts/
type1/public/lm/lmmi12.pfb></usr/local/texlive/2014/texmf-dist/fonts/type1/publ
ic/lm/lmmi6.pfb></usr/local/texlive/2014/texmf-dist/fonts/type1/public/lm/lmmi8
.pfb></usr/local/texlive/2014/texmf-dist/fonts/type1/public/lm/lmr10.pfb></usr/
local/texlive/2014/texmf-dist/fonts/type1/public/lm/lmr12.pfb></usr/local/texli
ve/2014/texmf-dist/fonts/type1/public/lm/lmr17.pfb></usr/local/texlive/2014/tex
mf-dist/fonts/type1/public/lm/lmr6.pfb></usr/local/texlive/2014/texmf-dist/font
s/type1/public/lm/lmr8.pfb></usr/local/texlive/2014/texmf-dist/fonts/type1/publ
ic/lm/lmri12.pfb></usr/local/texlive/2014/texmf-dist/fonts/type1/public/lm/lmsy
10.pfb></usr/local/texlive/2014/texmf-dist/fonts/type1/public/lm/lmsy6.pfb></us
r/local/texlive/2014/texmf-dist/fonts/type1/public/lm/lmsy8.pfb></usr/local/tex
live/2014/texmf-dist/fonts/type1/public/amsfonts/symbols/msbm10.pfb></usr/local
/texlive/2014/texmf-dist/fonts/type1/urw/courier/ucrr8a.pfb>
Output written on /Users/keksnicoh/unih/SS1516/py/dokumentation/Protokoll/.texp
adtmp/Protokoll.pdf (31 pages, 8685407 bytes).
PDF statistics:
 813 PDF objects out of 1000 (max. 8388607)
 649 compressed objects within 7 object streams
 227 named destinations out of 1000 (max. 500000)
 617 words of extra memory for PDF output out of 10000 (max. 10000000)

