This is pdfTeX, Version 3.14159265-2.6-1.40.16 (TeX Live 2015) (preloaded format=pdflatex 2015.6.25)  30 AUG 2015 17:33
entering extended mode
 restricted \write18 enabled.
 file:line:error style messages enabled.
 %&-line parsing enabled.
**Protokoll.tex
(./Protokoll.tex
LaTeX2e <2015/01/01>
Babel <3.9l> and hyphenation patterns for 79 languages loaded.
(/usr/local/texlive/2015/texmf-dist/tex/latex/koma-script/scrartcl.cls
Document Class: scrartcl 2015/05/06 v3.17a KOMA-Script document class (article)

(/usr/local/texlive/2015/texmf-dist/tex/latex/koma-script/scrkbase.sty
Package: scrkbase 2015/05/06 v3.17a KOMA-Script package (KOMA-Script-dependent 
basics and keyval usage)

(/usr/local/texlive/2015/texmf-dist/tex/latex/koma-script/scrbase.sty
Package: scrbase 2015/05/06 v3.17a KOMA-Script package (KOMA-Script-independent
 basics and keyval usage)

(/usr/local/texlive/2015/texmf-dist/tex/latex/graphics/keyval.sty
Package: keyval 2014/10/28 v1.15 key=value parser (DPC)
\KV@toks@=\toks14
)
(/usr/local/texlive/2015/texmf-dist/tex/latex/koma-script/scrlfile.sty
Package: scrlfile 2015/05/06 v3.17a KOMA-Script package (loading files)

Package scrlfile, 2015/05/06 v3.17a KOMA-Script package (loading files)
                  Copyright (C) Markus Kohm

))) (/usr/local/texlive/2015/texmf-dist/tex/latex/koma-script/tocbasic.sty
Package: tocbasic 2015/05/06 v3.17a KOMA-Script package (handling toc-files)
)
Package tocbasic Info: omitting babel extension for `toc'
(tocbasic)             because of feature `nobabel' available
(tocbasic)             for `toc' on input line 122.
Package tocbasic Info: omitting babel extension for `lof'
(tocbasic)             because of feature `nobabel' available
(tocbasic)             for `lof' on input line 123.
Package tocbasic Info: omitting babel extension for `lot'
(tocbasic)             because of feature `nobabel' available
(tocbasic)             for `lot' on input line 124.
Class scrartcl Info: File `scrsize11pt.clo' used instead of
(scrartcl)           file `scrsize11.clo' to setup font sizes on input line 194
2.

(/usr/local/texlive/2015/texmf-dist/tex/latex/koma-script/scrsize11pt.clo
File: scrsize11pt.clo 2015/05/06 v3.17a KOMA-Script font size class option (11p
t)
)
(/usr/local/texlive/2015/texmf-dist/tex/latex/koma-script/typearea.sty
Package: typearea 2015/05/06 v3.17a KOMA-Script package (type area)

Package typearea, 2015/05/06 v3.17a KOMA-Script package (type area)
                  Copyright (C) Frank Neukam, 1992-1994
                  Copyright (C) Markus Kohm, 1994-

\ta@bcor=\skip41
\ta@div=\count79
\ta@hblk=\skip42
\ta@vblk=\skip43
\ta@temp=\skip44
\footheight=\skip45
Package typearea Info: These are the values describing the layout:
(typearea)             DIV  = 10
(typearea)             BCOR = 0.0pt
(typearea)             \paperwidth      = 597.50793pt
(typearea)              \textwidth      = 418.25555pt
(typearea)              DIV departure   = -6%
(typearea)              \evensidemargin = 17.3562pt
(typearea)              \oddsidemargin  = 17.3562pt
(typearea)             \paperheight     = 845.04694pt
(typearea)              \textheight     = 595.80026pt
(typearea)              \topmargin      = -25.16531pt
(typearea)              \headheight     = 17.0pt
(typearea)              \headsep        = 20.40001pt
(typearea)              \topskip        = 11.0pt
(typearea)              \footskip       = 47.6pt
(typearea)              \baselineskip   = 13.6pt
(typearea)              on input line 1485.
)
\c@part=\count80
\c@section=\count81
\c@subsection=\count82
\c@subsubsection=\count83
\c@paragraph=\count84
\c@subparagraph=\count85
LaTeX Info: Redefining \textsubscript on input line 3718.
\abovecaptionskip=\skip46
\belowcaptionskip=\skip47
\c@pti@nb@sid@b@x=\box26
\c@figure=\count86
\c@table=\count87
\bibindent=\dimen102
) (/usr/local/texlive/2015/texmf-dist/tex/latex/base/inputenc.sty
Package: inputenc 2015/03/17 v1.2c Input encoding file
\inpenc@prehook=\toks15
\inpenc@posthook=\toks16

(/usr/local/texlive/2015/texmf-dist/tex/latex/base/utf8.def
File: utf8.def 2014/09/29 v1.1m UTF-8 support for inputenc
Now handling font encoding OML ...
... no UTF-8 mapping file for font encoding OML
Now handling font encoding T1 ...
... processing UTF-8 mapping file for font encoding T1

(/usr/local/texlive/2015/texmf-dist/tex/latex/base/t1enc.dfu
File: t1enc.dfu 2014/09/29 v1.1m UTF-8 support for inputenc
   defining Unicode char U+00A1 (decimal 161)
   defining Unicode char U+00A3 (decimal 163)
   defining Unicode char U+00AB (decimal 171)
   defining Unicode char U+00BB (decimal 187)
   defining Unicode char U+00BF (decimal 191)
   defining Unicode char U+00C0 (decimal 192)
   defining Unicode char U+00C1 (decimal 193)
   defining Unicode char U+00C2 (decimal 194)
   defining Unicode char U+00C3 (decimal 195)
   defining Unicode char U+00C4 (decimal 196)
   defining Unicode char U+00C5 (decimal 197)
   defining Unicode char U+00C6 (decimal 198)
   defining Unicode char U+00C7 (decimal 199)
   defining Unicode char U+00C8 (decimal 200)
   defining Unicode char U+00C9 (decimal 201)
   defining Unicode char U+00CA (decimal 202)
   defining Unicode char U+00CB (decimal 203)
   defining Unicode char U+00CC (decimal 204)
   defining Unicode char U+00CD (decimal 205)
   defining Unicode char U+00CE (decimal 206)
   defining Unicode char U+00CF (decimal 207)
   defining Unicode char U+00D0 (decimal 208)
   defining Unicode char U+00D1 (decimal 209)
   defining Unicode char U+00D2 (decimal 210)
   defining Unicode char U+00D3 (decimal 211)
   defining Unicode char U+00D4 (decimal 212)
   defining Unicode char U+00D5 (decimal 213)
   defining Unicode char U+00D6 (decimal 214)
   defining Unicode char U+00D8 (decimal 216)
   defining Unicode char U+00D9 (decimal 217)
   defining Unicode char U+00DA (decimal 218)
   defining Unicode char U+00DB (decimal 219)
   defining Unicode char U+00DC (decimal 220)
   defining Unicode char U+00DD (decimal 221)
   defining Unicode char U+00DE (decimal 222)
   defining Unicode char U+00DF (decimal 223)
   defining Unicode char U+00E0 (decimal 224)
   defining Unicode char U+00E1 (decimal 225)
   defining Unicode char U+00E2 (decimal 226)
   defining Unicode char U+00E3 (decimal 227)
   defining Unicode char U+00E4 (decimal 228)
   defining Unicode char U+00E5 (decimal 229)
   defining Unicode char U+00E6 (decimal 230)
   defining Unicode char U+00E7 (decimal 231)
   defining Unicode char U+00E8 (decimal 232)
   defining Unicode char U+00E9 (decimal 233)
   defining Unicode char U+00EA (decimal 234)
   defining Unicode char U+00EB (decimal 235)
   defining Unicode char U+00EC (decimal 236)
   defining Unicode char U+00ED (decimal 237)
   defining Unicode char U+00EE (decimal 238)
   defining Unicode char U+00EF (decimal 239)
   defining Unicode char U+00F0 (decimal 240)
   defining Unicode char U+00F1 (decimal 241)
   defining Unicode char U+00F2 (decimal 242)
   defining Unicode char U+00F3 (decimal 243)
   defining Unicode char U+00F4 (decimal 244)
   defining Unicode char U+00F5 (decimal 245)
   defining Unicode char U+00F6 (decimal 246)
   defining Unicode char U+00F8 (decimal 248)
   defining Unicode char U+00F9 (decimal 249)
   defining Unicode char U+00FA (decimal 250)
   defining Unicode char U+00FB (decimal 251)
   defining Unicode char U+00FC (decimal 252)
   defining Unicode char U+00FD (decimal 253)
   defining Unicode char U+00FE (decimal 254)
   defining Unicode char U+00FF (decimal 255)
   defining Unicode char U+0102 (decimal 258)
   defining Unicode char U+0103 (decimal 259)
   defining Unicode char U+0104 (decimal 260)
   defining Unicode char U+0105 (decimal 261)
   defining Unicode char U+0106 (decimal 262)
   defining Unicode char U+0107 (decimal 263)
   defining Unicode char U+010C (decimal 268)
   defining Unicode char U+010D (decimal 269)
   defining Unicode char U+010E (decimal 270)
   defining Unicode char U+010F (decimal 271)
   defining Unicode char U+0110 (decimal 272)
   defining Unicode char U+0111 (decimal 273)
   defining Unicode char U+0118 (decimal 280)
   defining Unicode char U+0119 (decimal 281)
   defining Unicode char U+011A (decimal 282)
   defining Unicode char U+011B (decimal 283)
   defining Unicode char U+011E (decimal 286)
   defining Unicode char U+011F (decimal 287)
   defining Unicode char U+0130 (decimal 304)
   defining Unicode char U+0131 (decimal 305)
   defining Unicode char U+0132 (decimal 306)
   defining Unicode char U+0133 (decimal 307)
   defining Unicode char U+0139 (decimal 313)
   defining Unicode char U+013A (decimal 314)
   defining Unicode char U+013D (decimal 317)
   defining Unicode char U+013E (decimal 318)
   defining Unicode char U+0141 (decimal 321)
   defining Unicode char U+0142 (decimal 322)
   defining Unicode char U+0143 (decimal 323)
   defining Unicode char U+0144 (decimal 324)
   defining Unicode char U+0147 (decimal 327)
   defining Unicode char U+0148 (decimal 328)
   defining Unicode char U+014A (decimal 330)
   defining Unicode char U+014B (decimal 331)
   defining Unicode char U+0150 (decimal 336)
   defining Unicode char U+0151 (decimal 337)
   defining Unicode char U+0152 (decimal 338)
   defining Unicode char U+0153 (decimal 339)
   defining Unicode char U+0154 (decimal 340)
   defining Unicode char U+0155 (decimal 341)
   defining Unicode char U+0158 (decimal 344)
   defining Unicode char U+0159 (decimal 345)
   defining Unicode char U+015A (decimal 346)
   defining Unicode char U+015B (decimal 347)
   defining Unicode char U+015E (decimal 350)
   defining Unicode char U+015F (decimal 351)
   defining Unicode char U+0160 (decimal 352)
   defining Unicode char U+0161 (decimal 353)
   defining Unicode char U+0162 (decimal 354)
   defining Unicode char U+0163 (decimal 355)
   defining Unicode char U+0164 (decimal 356)
   defining Unicode char U+0165 (decimal 357)
   defining Unicode char U+016E (decimal 366)
   defining Unicode char U+016F (decimal 367)
   defining Unicode char U+0170 (decimal 368)
   defining Unicode char U+0171 (decimal 369)
   defining Unicode char U+0178 (decimal 376)
   defining Unicode char U+0179 (decimal 377)
   defining Unicode char U+017A (decimal 378)
   defining Unicode char U+017B (decimal 379)
   defining Unicode char U+017C (decimal 380)
   defining Unicode char U+017D (decimal 381)
   defining Unicode char U+017E (decimal 382)
   defining Unicode char U+200C (decimal 8204)
   defining Unicode char U+2013 (decimal 8211)
   defining Unicode char U+2014 (decimal 8212)
   defining Unicode char U+2018 (decimal 8216)
   defining Unicode char U+2019 (decimal 8217)
   defining Unicode char U+201A (decimal 8218)
   defining Unicode char U+201C (decimal 8220)
   defining Unicode char U+201D (decimal 8221)
   defining Unicode char U+201E (decimal 8222)
   defining Unicode char U+2030 (decimal 8240)
   defining Unicode char U+2031 (decimal 8241)
   defining Unicode char U+2039 (decimal 8249)
   defining Unicode char U+203A (decimal 8250)
   defining Unicode char U+2423 (decimal 9251)
)
Now handling font encoding OT1 ...
... processing UTF-8 mapping file for font encoding OT1

(/usr/local/texlive/2015/texmf-dist/tex/latex/base/ot1enc.dfu
File: ot1enc.dfu 2014/09/29 v1.1m UTF-8 support for inputenc
   defining Unicode char U+00A1 (decimal 161)
   defining Unicode char U+00A3 (decimal 163)
   defining Unicode char U+00B8 (decimal 184)
   defining Unicode char U+00BF (decimal 191)
   defining Unicode char U+00C5 (decimal 197)
   defining Unicode char U+00C6 (decimal 198)
   defining Unicode char U+00D8 (decimal 216)
   defining Unicode char U+00DF (decimal 223)
   defining Unicode char U+00E6 (decimal 230)
   defining Unicode char U+00EC (decimal 236)
   defining Unicode char U+00ED (decimal 237)
   defining Unicode char U+00EE (decimal 238)
   defining Unicode char U+00EF (decimal 239)
   defining Unicode char U+00F8 (decimal 248)
   defining Unicode char U+0131 (decimal 305)
   defining Unicode char U+0141 (decimal 321)
   defining Unicode char U+0142 (decimal 322)
   defining Unicode char U+0152 (decimal 338)
   defining Unicode char U+0153 (decimal 339)
   defining Unicode char U+2013 (decimal 8211)
   defining Unicode char U+2014 (decimal 8212)
   defining Unicode char U+2018 (decimal 8216)
   defining Unicode char U+2019 (decimal 8217)
   defining Unicode char U+201C (decimal 8220)
   defining Unicode char U+201D (decimal 8221)
)
Now handling font encoding OMS ...
... processing UTF-8 mapping file for font encoding OMS

(/usr/local/texlive/2015/texmf-dist/tex/latex/base/omsenc.dfu
File: omsenc.dfu 2014/09/29 v1.1m UTF-8 support for inputenc
   defining Unicode char U+00A7 (decimal 167)
   defining Unicode char U+00B6 (decimal 182)
   defining Unicode char U+00B7 (decimal 183)
   defining Unicode char U+2020 (decimal 8224)
   defining Unicode char U+2021 (decimal 8225)
   defining Unicode char U+2022 (decimal 8226)
)
Now handling font encoding OMX ...
... no UTF-8 mapping file for font encoding OMX
Now handling font encoding U ...
... no UTF-8 mapping file for font encoding U
   defining Unicode char U+00A9 (decimal 169)
   defining Unicode char U+00AA (decimal 170)
   defining Unicode char U+00AE (decimal 174)
   defining Unicode char U+00BA (decimal 186)
   defining Unicode char U+02C6 (decimal 710)
   defining Unicode char U+02DC (decimal 732)
   defining Unicode char U+200C (decimal 8204)
   defining Unicode char U+2026 (decimal 8230)
   defining Unicode char U+2122 (decimal 8482)
   defining Unicode char U+2423 (decimal 9251)
))
(/usr/local/texlive/2015/texmf-dist/tex/latex/base/fontenc.sty
Package: fontenc 2005/09/27 v1.99g Standard LaTeX package

(/usr/local/texlive/2015/texmf-dist/tex/latex/base/t1enc.def
File: t1enc.def 2005/09/27 v1.99g Standard LaTeX file
LaTeX Font Info:    Redeclaring font encoding T1 on input line 48.
))
(/usr/local/texlive/2015/texmf-dist/tex/latex/lm/lmodern.sty
Package: lmodern 2009/10/30 v1.6 Latin Modern Fonts
LaTeX Font Info:    Overwriting symbol font `operators' in version `normal'
(Font)                  OT1/cmr/m/n --> OT1/lmr/m/n on input line 22.
LaTeX Font Info:    Overwriting symbol font `letters' in version `normal'
(Font)                  OML/cmm/m/it --> OML/lmm/m/it on input line 23.
LaTeX Font Info:    Overwriting symbol font `symbols' in version `normal'
(Font)                  OMS/cmsy/m/n --> OMS/lmsy/m/n on input line 24.
LaTeX Font Info:    Overwriting symbol font `largesymbols' in version `normal'
(Font)                  OMX/cmex/m/n --> OMX/lmex/m/n on input line 25.
LaTeX Font Info:    Overwriting symbol font `operators' in version `bold'
(Font)                  OT1/cmr/bx/n --> OT1/lmr/bx/n on input line 26.
LaTeX Font Info:    Overwriting symbol font `letters' in version `bold'
(Font)                  OML/cmm/b/it --> OML/lmm/b/it on input line 27.
LaTeX Font Info:    Overwriting symbol font `symbols' in version `bold'
(Font)                  OMS/cmsy/b/n --> OMS/lmsy/b/n on input line 28.
LaTeX Font Info:    Overwriting symbol font `largesymbols' in version `bold'
(Font)                  OMX/cmex/m/n --> OMX/lmex/m/n on input line 29.
LaTeX Font Info:    Overwriting math alphabet `\mathbf' in version `normal'
(Font)                  OT1/cmr/bx/n --> OT1/lmr/bx/n on input line 31.
LaTeX Font Info:    Overwriting math alphabet `\mathsf' in version `normal'
(Font)                  OT1/cmss/m/n --> OT1/lmss/m/n on input line 32.
LaTeX Font Info:    Overwriting math alphabet `\mathit' in version `normal'
(Font)                  OT1/cmr/m/it --> OT1/lmr/m/it on input line 33.
LaTeX Font Info:    Overwriting math alphabet `\mathtt' in version `normal'
(Font)                  OT1/cmtt/m/n --> OT1/lmtt/m/n on input line 34.
LaTeX Font Info:    Overwriting math alphabet `\mathbf' in version `bold'
(Font)                  OT1/cmr/bx/n --> OT1/lmr/bx/n on input line 35.
LaTeX Font Info:    Overwriting math alphabet `\mathsf' in version `bold'
(Font)                  OT1/cmss/bx/n --> OT1/lmss/bx/n on input line 36.
LaTeX Font Info:    Overwriting math alphabet `\mathit' in version `bold'
(Font)                  OT1/cmr/bx/it --> OT1/lmr/bx/it on input line 37.
LaTeX Font Info:    Overwriting math alphabet `\mathtt' in version `bold'
(Font)                  OT1/cmtt/m/n --> OT1/lmtt/m/n on input line 38.
)
(/usr/local/texlive/2015/texmf-dist/tex/generic/babel/babel.sty
Package: babel 2014/09/25 3.9l The Babel package

(/usr/local/texlive/2015/texmf-dist/tex/generic/babel-german/ngerman.ldf
Language: ngerman 2013/12/13 v2.7 German support for babel (new orthography)

(/usr/local/texlive/2015/texmf-dist/tex/generic/babel-german/ngermanb.ldf
Language: ngermanb 2013/12/13 v2.7 German support for babel (new orthography)

(/usr/local/texlive/2015/texmf-dist/tex/generic/babel/babel.def
File: babel.def 2014/09/25 3.9l Babel common definitions
\babel@savecnt=\count88
\U@D=\dimen103
)
\l@naustrian = a dialect from \language\l@ngerman 
\l@nswissgerman = a dialect from \language\l@ngerman 
Package babel Info: Making " an active character on input line 88.
)))
(/usr/local/texlive/2015/texmf-dist/tex/latex/psnfss/courier.sty
Package: courier 2005/04/12 PSNFSS-v9.2a (WaS) 
)
(/usr/local/texlive/2015/texmf-dist/tex/latex/amsmath/amsmath.sty
Package: amsmath 2013/01/14 v2.14 AMS math features
\@mathmargin=\skip48

For additional information on amsmath, use the `?' option.
(/usr/local/texlive/2015/texmf-dist/tex/latex/amsmath/amstext.sty
Package: amstext 2000/06/29 v2.01

(/usr/local/texlive/2015/texmf-dist/tex/latex/amsmath/amsgen.sty
File: amsgen.sty 1999/11/30 v2.0
\@emptytoks=\toks17
\ex@=\dimen104
))
(/usr/local/texlive/2015/texmf-dist/tex/latex/amsmath/amsbsy.sty
Package: amsbsy 1999/11/29 v1.2d
\pmbraise@=\dimen105
)
(/usr/local/texlive/2015/texmf-dist/tex/latex/amsmath/amsopn.sty
Package: amsopn 1999/12/14 v2.01 operator names
)
\inf@bad=\count89
LaTeX Info: Redefining \frac on input line 210.
\uproot@=\count90
\leftroot@=\count91
LaTeX Info: Redefining \overline on input line 306.
\classnum@=\count92
\DOTSCASE@=\count93
LaTeX Info: Redefining \ldots on input line 378.
LaTeX Info: Redefining \dots on input line 381.
LaTeX Info: Redefining \cdots on input line 466.
\Mathstrutbox@=\box27
\strutbox@=\box28
\big@size=\dimen106
LaTeX Font Info:    Redeclaring font encoding OML on input line 566.
LaTeX Font Info:    Redeclaring font encoding OMS on input line 567.
\macc@depth=\count94
\c@MaxMatrixCols=\count95
\dotsspace@=\muskip10
\c@parentequation=\count96
\dspbrk@lvl=\count97
\tag@help=\toks18
\row@=\count98
\column@=\count99
\maxfields@=\count100
\andhelp@=\toks19
\eqnshift@=\dimen107
\alignsep@=\dimen108
\tagshift@=\dimen109
\tagwidth@=\dimen110
\totwidth@=\dimen111
\lineht@=\dimen112
\@envbody=\toks20
\multlinegap=\skip49
\multlinetaggap=\skip50
\mathdisplay@stack=\toks21
LaTeX Info: Redefining \[ on input line 2665.
LaTeX Info: Redefining \] on input line 2666.
)
(/usr/local/texlive/2015/texmf-dist/tex/latex/graphics/graphicx.sty
Package: graphicx 2014/10/28 v1.0g Enhanced LaTeX Graphics (DPC,SPQR)

(/usr/local/texlive/2015/texmf-dist/tex/latex/graphics/graphics.sty
Package: graphics 2014/10/28 v1.0p Standard LaTeX Graphics (DPC,SPQR)

(/usr/local/texlive/2015/texmf-dist/tex/latex/graphics/trig.sty
Package: trig 1999/03/16 v1.09 sin cos tan (DPC)
)
(/usr/local/texlive/2015/texmf-dist/tex/latex/latexconfig/graphics.cfg
File: graphics.cfg 2010/04/23 v1.9 graphics configuration of TeX Live
)
Package graphics Info: Driver file: pdftex.def on input line 94.

(/usr/local/texlive/2015/texmf-dist/tex/latex/pdftex-def/pdftex.def
File: pdftex.def 2011/05/27 v0.06d Graphics/color for pdfTeX

(/usr/local/texlive/2015/texmf-dist/tex/generic/oberdiek/infwarerr.sty
Package: infwarerr 2010/04/08 v1.3 Providing info/warning/error messages (HO)
)
(/usr/local/texlive/2015/texmf-dist/tex/generic/oberdiek/ltxcmds.sty
Package: ltxcmds 2011/11/09 v1.22 LaTeX kernel commands for general use (HO)
)
\Gread@gobject=\count101
))
\Gin@req@height=\dimen113
\Gin@req@width=\dimen114
)
(/usr/local/texlive/2015/texmf-dist/tex/latex/tools/multicol.sty
Package: multicol 2015/03/31 v1.8m multicolumn formatting (FMi)
\c@tracingmulticols=\count102
\mult@box=\box29
\multicol@leftmargin=\dimen115
\c@unbalance=\count103
\c@collectmore=\count104
\doublecol@number=\count105
\multicoltolerance=\count106
\multicolpretolerance=\count107
\full@width=\dimen116
\page@free=\dimen117
\premulticols=\dimen118
\postmulticols=\dimen119
\multicolsep=\skip51
\multicolbaselineskip=\skip52
\partial@page=\box30
\last@line=\box31
\maxbalancingoverflow=\dimen120
\mult@rightbox=\box32
\mult@grightbox=\box33
\mult@gfirstbox=\box34
\mult@firstbox=\box35
\@tempa=\box36
\@tempa=\box37
\@tempa=\box38
\@tempa=\box39
\@tempa=\box40
\@tempa=\box41
\@tempa=\box42
\@tempa=\box43
\@tempa=\box44
\@tempa=\box45
\@tempa=\box46
\@tempa=\box47
\@tempa=\box48
\@tempa=\box49
\@tempa=\box50
\@tempa=\box51
\@tempa=\box52
\c@columnbadness=\count108
\c@finalcolumnbadness=\count109
\last@try=\dimen121
\multicolovershoot=\dimen122
\multicolundershoot=\dimen123
\mult@nat@firstbox=\box53
\colbreak@box=\box54
\mc@col@check@num=\count110
)
(/usr/local/texlive/2015/texmf-dist/tex/latex/geometry/geometry.sty
Package: geometry 2010/09/12 v5.6 Page Geometry

(/usr/local/texlive/2015/texmf-dist/tex/generic/oberdiek/ifpdf.sty
Package: ifpdf 2011/01/30 v2.3 Provides the ifpdf switch (HO)
Package ifpdf Info: pdfTeX in PDF mode is detected.
)
(/usr/local/texlive/2015/texmf-dist/tex/generic/oberdiek/ifvtex.sty
Package: ifvtex 2010/03/01 v1.5 Detect VTeX and its facilities (HO)
Package ifvtex Info: VTeX not detected.
)
(/usr/local/texlive/2015/texmf-dist/tex/generic/ifxetex/ifxetex.sty
Package: ifxetex 2010/09/12 v0.6 Provides ifxetex conditional
)
\Gm@cnth=\count111
\Gm@cntv=\count112
\c@Gm@tempcnt=\count113
\Gm@bindingoffset=\dimen124
\Gm@wd@mp=\dimen125
\Gm@odd@mp=\dimen126
\Gm@even@mp=\dimen127
\Gm@layoutwidth=\dimen128
\Gm@layoutheight=\dimen129
\Gm@layouthoffset=\dimen130
\Gm@layoutvoffset=\dimen131
\Gm@dimlist=\toks22
)
(/usr/local/texlive/2015/texmf-dist/tex/latex/preprint/authblk.sty
Package: authblk 2001/02/27 1.3 (PWD)
\affilsep=\skip53
\@affilsep=\skip54
\c@Maxaffil=\count114
\c@authors=\count115
\c@affil=\count116
)
(/usr/local/texlive/2015/texmf-dist/tex/latex/caption/caption.sty
Package: caption 2013/05/02 v3.3-89 Customizing captions (AR)

(/usr/local/texlive/2015/texmf-dist/tex/latex/caption/caption3.sty
Package: caption3 2013/05/02 v1.6-88 caption3 kernel (AR)
Package caption3 Info: TeX engine: e-TeX on input line 57.
\captionmargin=\dimen132
\captionmargin@=\dimen133
\captionwidth=\dimen134
\caption@tempdima=\dimen135
\caption@indent=\dimen136
\caption@parindent=\dimen137
\caption@hangindent=\dimen138
)
Package caption Info: KOMA-Script document class.
\c@ContinuedFloat=\count117
)
(/usr/local/texlive/2015/texmf-dist/tex/latex/listings/listings.sty
\lst@mode=\count118
\lst@gtempboxa=\box55
\lst@token=\toks23
\lst@length=\count119
\lst@currlwidth=\dimen139
\lst@column=\count120
\lst@pos=\count121
\lst@lostspace=\dimen140
\lst@width=\dimen141
\lst@newlines=\count122
\lst@lineno=\count123
\lst@maxwidth=\dimen142

(/usr/local/texlive/2015/texmf-dist/tex/latex/listings/lstmisc.sty
File: lstmisc.sty 2014/09/06 1.5e (Carsten Heinz)
\c@lstnumber=\count124
\lst@skipnumbers=\count125
\lst@framebox=\box56
)
(/usr/local/texlive/2015/texmf-dist/tex/latex/listings/listings.cfg
File: listings.cfg 2014/09/06 1.5e listings configuration
))
Package: listings 2014/09/06 1.5e (Carsten Heinz)

(/usr/local/texlive/2015/texmf-dist/tex/latex/hyperref/hyperref.sty
Package: hyperref 2012/11/06 v6.83m Hypertext links for LaTeX

(/usr/local/texlive/2015/texmf-dist/tex/generic/oberdiek/hobsub-hyperref.sty
Package: hobsub-hyperref 2012/05/28 v1.13 Bundle oberdiek, subset hyperref (HO)


(/usr/local/texlive/2015/texmf-dist/tex/generic/oberdiek/hobsub-generic.sty
Package: hobsub-generic 2012/05/28 v1.13 Bundle oberdiek, subset generic (HO)
Package: hobsub 2012/05/28 v1.13 Construct package bundles (HO)
Package hobsub Info: Skipping package `infwarerr' (already loaded).
Package hobsub Info: Skipping package `ltxcmds' (already loaded).
Package: ifluatex 2010/03/01 v1.3 Provides the ifluatex switch (HO)
Package ifluatex Info: LuaTeX not detected.
Package hobsub Info: Skipping package `ifvtex' (already loaded).
Package: intcalc 2007/09/27 v1.1 Expandable calculations with integers (HO)
Package hobsub Info: Skipping package `ifpdf' (already loaded).
Package: etexcmds 2011/02/16 v1.5 Avoid name clashes with e-TeX commands (HO)
Package etexcmds Info: Could not find \expanded.
(etexcmds)             That can mean that you are not using pdfTeX 1.50 or
(etexcmds)             that some package has redefined \expanded.
(etexcmds)             In the latter case, load this package earlier.
Package: kvsetkeys 2012/04/25 v1.16 Key value parser (HO)
Package: kvdefinekeys 2011/04/07 v1.3 Define keys (HO)
Package: pdftexcmds 2011/11/29 v0.20 Utility functions of pdfTeX for LuaTeX (HO
)
Package pdftexcmds Info: LuaTeX not detected.
Package pdftexcmds Info: \pdf@primitive is available.
Package pdftexcmds Info: \pdf@ifprimitive is available.
Package pdftexcmds Info: \pdfdraftmode found.
Package: pdfescape 2011/11/25 v1.13 Implements pdfTeX's escape features (HO)
Package: bigintcalc 2012/04/08 v1.3 Expandable calculations on big integers (HO
)
Package: bitset 2011/01/30 v1.1 Handle bit-vector datatype (HO)
Package: uniquecounter 2011/01/30 v1.2 Provide unlimited unique counter (HO)
)
Package hobsub Info: Skipping package `hobsub' (already loaded).
Package: letltxmacro 2010/09/02 v1.4 Let assignment for LaTeX macros (HO)
Package: hopatch 2012/05/28 v1.2 Wrapper for package hooks (HO)
Package: xcolor-patch 2011/01/30 xcolor patch
Package: atveryend 2011/06/30 v1.8 Hooks at the very end of document (HO)
Package atveryend Info: \enddocument detected (standard20110627).
Package: atbegshi 2011/10/05 v1.16 At begin shipout hook (HO)
Package: refcount 2011/10/16 v3.4 Data extraction from label references (HO)
Package: hycolor 2011/01/30 v1.7 Color options for hyperref/bookmark (HO)
)
(/usr/local/texlive/2015/texmf-dist/tex/latex/oberdiek/auxhook.sty
Package: auxhook 2011/03/04 v1.3 Hooks for auxiliary files (HO)
)
(/usr/local/texlive/2015/texmf-dist/tex/latex/oberdiek/kvoptions.sty
Package: kvoptions 2011/06/30 v3.11 Key value format for package options (HO)
)
\@linkdim=\dimen143
\Hy@linkcounter=\count126
\Hy@pagecounter=\count127

(/usr/local/texlive/2015/texmf-dist/tex/latex/hyperref/pd1enc.def
File: pd1enc.def 2012/11/06 v6.83m Hyperref: PDFDocEncoding definition (HO)
Now handling font encoding PD1 ...
... no UTF-8 mapping file for font encoding PD1
)
\Hy@SavedSpaceFactor=\count128

(/usr/local/texlive/2015/texmf-dist/tex/latex/latexconfig/hyperref.cfg
File: hyperref.cfg 2002/06/06 v1.2 hyperref configuration of TeXLive
)
Package hyperref Info: Hyper figures OFF on input line 4443.
Package hyperref Info: Link nesting OFF on input line 4448.
Package hyperref Info: Hyper index ON on input line 4451.
Package hyperref Info: Plain pages OFF on input line 4458.
Package hyperref Info: Backreferencing OFF on input line 4463.
Package hyperref Info: Implicit mode ON; LaTeX internals redefined.
Package hyperref Info: Bookmarks ON on input line 4688.
\c@Hy@tempcnt=\count129

(/usr/local/texlive/2015/texmf-dist/tex/latex/url/url.sty
\Urlmuskip=\muskip11
Package: url 2013/09/16  ver 3.4  Verb mode for urls, etc.
)
LaTeX Info: Redefining \url on input line 5041.
\XeTeXLinkMargin=\dimen144
\Fld@menulength=\count130
\Field@Width=\dimen145
\Fld@charsize=\dimen146
Package hyperref Info: Hyper figures OFF on input line 6295.
Package hyperref Info: Link nesting OFF on input line 6300.
Package hyperref Info: Hyper index ON on input line 6303.
Package hyperref Info: backreferencing OFF on input line 6310.
Package hyperref Info: Link coloring OFF on input line 6315.
Package hyperref Info: Link coloring with OCG OFF on input line 6320.
Package hyperref Info: PDF/A mode OFF on input line 6325.
LaTeX Info: Redefining \ref on input line 6365.
LaTeX Info: Redefining \pageref on input line 6369.
\Hy@abspage=\count131
\c@Item=\count132
\c@Hfootnote=\count133
)

Package hyperref Message: Driver (autodetected): hpdftex.

(/usr/local/texlive/2015/texmf-dist/tex/latex/hyperref/hpdftex.def
File: hpdftex.def 2012/11/06 v6.83m Hyperref driver for pdfTeX
\Fld@listcount=\count134
\c@bookmark@seq@number=\count135

(/usr/local/texlive/2015/texmf-dist/tex/latex/oberdiek/rerunfilecheck.sty
Package: rerunfilecheck 2011/04/15 v1.7 Rerun checks for auxiliary files (HO)
Package uniquecounter Info: New unique counter `rerunfilecheck' on input line 2
82.
)
\Hy@SectionHShift=\skip55
)
(/usr/local/texlive/2015/texmf-dist/tex/latex/graphics/color.sty
Package: color 2014/10/28 v1.1a Standard LaTeX Color (DPC)

(/usr/local/texlive/2015/texmf-dist/tex/latex/latexconfig/color.cfg
File: color.cfg 2007/01/18 v1.5 color configuration of teTeX/TeXLive
)
Package color Info: Driver file: pdftex.def on input line 142.
)
(/usr/local/texlive/2015/texmf-dist/tex/latex/amsfonts/amssymb.sty
Package: amssymb 2013/01/14 v3.01 AMS font symbols

(/usr/local/texlive/2015/texmf-dist/tex/latex/amsfonts/amsfonts.sty
Package: amsfonts 2013/01/14 v3.01 Basic AMSFonts support
\symAMSa=\mathgroup4
\symAMSb=\mathgroup5
LaTeX Font Info:    Overwriting math alphabet `\mathfrak' in version `bold'
(Font)                  U/euf/m/n --> U/euf/b/n on input line 106.
))
(/usr/local/texlive/2015/texmf-dist/tex/latex/sidecap/sidecap.sty
Package: sidecap 2003/06/06 v1.6f SideCap Package (RN/HjG)

(/usr/local/texlive/2015/texmf-dist/tex/latex/base/ifthen.sty
Package: ifthen 2014/09/29 v1.1c Standard LaTeX ifthen package (DPC)
)
\SC@BOXWD=\dimen147
\SC@CAPWD=\dimen148
\SC@tempdima=\dimen149
\SC@tempdimb=\dimen150
\c@SC@C=\count136
\SC@BOX=\box57
)
(/usr/local/texlive/2015/texmf-dist/tex/latex/biblatex/biblatex.sty
Package: biblatex 2015/04/19 v3.0 programmable bibliographies (PK/JW/AB)


Package biblatex Warning: No "backend" specified, using Biber backend.
(biblatex)                To use BibTeX, load biblatex with 
(biblatex)                the "backend=bibtex" option.

(/usr/local/texlive/2015/texmf-dist/tex/latex/biblatex/biblatex2.sty
Package: biblatex2 2015/04/19 v3.0 programmable bibliographies (biber) (PK/JW/A
B)

(/usr/local/texlive/2015/texmf-dist/tex/latex/etoolbox/etoolbox.sty
Package: etoolbox 2015/05/04 v2.2 e-TeX tools for LaTeX (JAW)
\etb@tempcnta=\count137
)
(/usr/local/texlive/2015/texmf-dist/tex/latex/logreq/logreq.sty
Package: logreq 2010/08/04 v1.0 xml request logger
\lrq@indent=\count138

(/usr/local/texlive/2015/texmf-dist/tex/latex/logreq/logreq.def
File: logreq.def 2010/08/04 v1.0 logreq spec v1.0
))
\c@tabx@nest=\count139
\c@listtotal=\count140
\c@listcount=\count141
\c@liststart=\count142
\c@liststop=\count143
\c@citecount=\count144
\c@citetotal=\count145
\c@multicitecount=\count146
\c@multicitetotal=\count147
\c@instcount=\count148
\c@maxnames=\count149
\c@minnames=\count150
\c@maxitems=\count151
\c@minitems=\count152
\c@citecounter=\count153
\c@savedcitecounter=\count154
\c@uniquelist=\count155
\c@uniquename=\count156
\c@refsection=\count157
\c@refsegment=\count158
\c@maxextratitle=\count159
\c@maxextratitleyear=\count160
\c@maxextrayear=\count161
\c@maxextraalpha=\count162
\c@abbrvpenalty=\count163
\c@highnamepenalty=\count164
\c@lownamepenalty=\count165
\c@maxparens=\count166
\c@parenlevel=\count167
\blx@tempcnta=\count168
\blx@tempcntb=\count169
\blx@tempcntc=\count170
\blx@maxsection=\count171
\blx@maxsegment@0=\count172
\blx@notetype=\count173
\blx@parenlevel@text=\count174
\blx@parenlevel@foot=\count175
\blx@sectionciteorder@0=\count176
\labelnumberwidth=\skip56
\labelalphawidth=\skip57
\biblabelsep=\skip58
\bibitemsep=\skip59
\bibnamesep=\skip60
\bibinitsep=\skip61
\bibparsep=\skip62
\bibhang=\skip63
\blx@bcfin=\read1
\blx@bcfout=\write3
\c@mincomprange=\count177
\c@maxcomprange=\count178
\c@mincompwidth=\count179
Package biblatex Info: Trying to load biblatex default data model...
Package biblatex Info: ... file 'blx-dm.def' found.

(/usr/local/texlive/2015/texmf-dist/tex/latex/biblatex/blx-dm.def)
Package biblatex Info: Trying to load biblatex style data model...
Package biblatex Info: ... file 'numeric.dbx' not found.
Package biblatex Info: Trying to load biblatex custom data model...
Package biblatex Info: ... file 'biblatex-dm.cfg' not found.
\c@afterword=\count180
\c@savedafterword=\count181
\c@annotator=\count182
\c@savedannotator=\count183
\c@author=\count184
\c@savedauthor=\count185
\c@bookauthor=\count186
\c@savedbookauthor=\count187
\c@commentator=\count188
\c@savedcommentator=\count189
\c@editor=\count190
\c@savededitor=\count191
\c@editora=\count192
\c@savededitora=\count193
\c@editorb=\count194
\c@savededitorb=\count195
\c@editorc=\count196
\c@savededitorc=\count197
\c@foreword=\count198
\c@savedforeword=\count199
\c@holder=\count200
\c@savedholder=\count201
\c@introduction=\count202
\c@savedintroduction=\count203
\c@namea=\count204
\c@savednamea=\count205
\c@nameb=\count206
\c@savednameb=\count207
\c@namec=\count208
\c@savednamec=\count209
\c@translator=\count210
\c@savedtranslator=\count211
\c@shortauthor=\count212
\c@savedshortauthor=\count213
\c@shorteditor=\count214
\c@savedshorteditor=\count215
\c@labelname=\count216
\c@savedlabelname=\count217
\c@institution=\count218
\c@savedinstitution=\count219
\c@lista=\count220
\c@savedlista=\count221
\c@listb=\count222
\c@savedlistb=\count223
\c@listc=\count224
\c@savedlistc=\count225
\c@listd=\count226
\c@savedlistd=\count227
\c@liste=\count228
\c@savedliste=\count229
\c@listf=\count230
\c@savedlistf=\count231
\c@location=\count232
\c@savedlocation=\count233
\c@organization=\count266
\c@savedorganization=\count267
\c@origlocation=\count268
\c@savedoriglocation=\count269
\c@origpublisher=\count270
\c@savedorigpublisher=\count271
\c@publisher=\count272
\c@savedpublisher=\count273
\c@language=\count274
\c@savedlanguage=\count275
\c@pageref=\count276
\c@savedpageref=\count277
\shorthandwidth=\skip64
\shortjournalwidth=\skip65
\shortserieswidth=\skip66
\shorttitlewidth=\skip67
\shortauthorwidth=\skip68
\shorteditorwidth=\skip69
Package biblatex Info: Trying to load compatibility code...
Package biblatex Info: ... file 'blx-compat.def' found.

(/usr/local/texlive/2015/texmf-dist/tex/latex/biblatex/blx-compat.def
File: blx-compat.def 2015/04/19 v3.0 biblatex compatibility (PK/JW/AB)
)
Package biblatex Info: Trying to load generic definitions...
Package biblatex Info: ... file 'biblatex.def' found.

(/usr/local/texlive/2015/texmf-dist/tex/latex/biblatex/biblatex.def
File: biblatex.def 
\c@textcitecount=\count278
\c@textcitetotal=\count279
\c@textcitemaxnames=\count280
\c@biburlnumpenalty=\count281
\c@biburlucpenalty=\count282
\c@biburllcpenalty=\count283
\c@smartand=\count284
)
Package biblatex Info: Trying to load bibliography style 'numeric'...
Package biblatex Info: ... file 'numeric.bbx' found.

(/usr/local/texlive/2015/texmf-dist/tex/latex/biblatex/bbx/numeric.bbx
File: numeric.bbx 2015/04/19 v3.0 biblatex bibliography style (PK/JW/AB)
Package biblatex Info: Trying to load bibliography style 'standard'...
Package biblatex Info: ... file 'standard.bbx' found.

(/usr/local/texlive/2015/texmf-dist/tex/latex/biblatex/bbx/standard.bbx
File: standard.bbx 2015/04/19 v3.0 biblatex bibliography style (PK/JW/AB)
\c@bbx:relatedcount=\count285
\c@bbx:relatedtotal=\count286
))
Package biblatex Info: Trying to load citation style 'numeric'...
Package biblatex Info: ... file 'numeric.cbx' found.

(/usr/local/texlive/2015/texmf-dist/tex/latex/biblatex/cbx/numeric.cbx
File: numeric.cbx 2015/04/19 v3.0 biblatex citation style (PK/JW/AB)
Package biblatex Info: Redefining '\cite'.
Package biblatex Info: Redefining '\parencite'.
Package biblatex Info: Redefining '\footcite'.
Package biblatex Info: Redefining '\footcitetext'.
Package biblatex Info: Redefining '\smartcite'.
Package biblatex Info: Redefining '\supercite'.
Package biblatex Info: Redefining '\textcite'.
Package biblatex Info: Redefining '\textcites'.
Package biblatex Info: Redefining '\cites'.
Package biblatex Info: Redefining '\parencites'.
Package biblatex Info: Redefining '\smartcites'.
)
Package biblatex Info: Trying to load configuration file...
Package biblatex Info: ... file 'biblatex.cfg' found.

(/usr/local/texlive/2015/texmf-dist/tex/latex/biblatex/biblatex.cfg
File: biblatex.cfg 
)))
(/usr/local/texlive/2015/texmf-dist/tex/latex/csquotes/csquotes.sty
Package: csquotes 2015/04/15 v5.1e context-sensitive quotations (JAW)
\csq@reset=\count287
\csq@gtype=\count288
\csq@glevel=\count289
\csq@qlevel=\count290
\csq@maxlvl=\count291
\csq@tshold=\count292
\csq@ltx@everypar=\toks24

(/usr/local/texlive/2015/texmf-dist/tex/latex/csquotes/csquotes.def
File: csquotes.def 2015/04/15 v5.1e csquotes generic definitions (JAW)
)
Package csquotes Info: Trying to load configuration file 'csquotes.cfg'...
Package csquotes Info: ... configuration file loaded successfully.

(/usr/local/texlive/2015/texmf-dist/tex/latex/csquotes/csquotes.cfg
File: csquotes.cfg 
)
Package csquotes Info: Option 'babel' depreciated.
(csquotes)             Using 'autostyle'.
Package csquotes Info: Enabling multilingual quotes.
Package csquotes Info: Redefining alias 'german' -> 'german/guillemets'.
)
(/usr/local/texlive/2015/texmf-dist/tex/latex/listings/lstlang1.sty
File: lstlang1.sty 2014/09/06 1.5e listings language file
)
(/usr/local/texlive/2015/texmf-dist/tex/latex/listings/lstmisc.sty
File: lstmisc.sty 2014/09/06 1.5e (Carsten Heinz)
)
(/usr/local/texlive/2015/texmf-dist/tex/latex/jknapltx/mathrsfs.sty
Package: mathrsfs 1996/01/01 Math RSFS package v1.0 (jk)
\symrsfs=\mathgroup6
)
Package biblatex Info: Trying to load language 'ngerman'...
Package biblatex Info: ... file 'ngerman.lbx' found.

(/usr/local/texlive/2015/texmf-dist/tex/latex/biblatex/lbx/ngerman.lbx
File: ngerman.lbx 2015/04/19 v3.0 biblatex localization (PK/JW/AB)
Package biblatex Info: Trying to load language 'german'...
Package biblatex Info: ... file 'german.lbx' found.

(/usr/local/texlive/2015/texmf-dist/tex/latex/biblatex/lbx/german.lbx
File: german.lbx 2015/04/19 v3.0 biblatex localization (PK/JW/AB)
))
Package csquotes Info: Checking for multilingual support...
Package csquotes Info: ... found 'babel' package.

(./Protokoll.aux

LaTeX Warning: Label `fig:ldr-aufbau1' multiply defined.

)
\openout1 = `Protokoll.aux'.

LaTeX Font Info:    Checking defaults for OML/cmm/m/it on input line 58.
LaTeX Font Info:    ... okay on input line 58.
LaTeX Font Info:    Checking defaults for T1/cmr/m/n on input line 58.
LaTeX Font Info:    ... okay on input line 58.
LaTeX Font Info:    Checking defaults for OT1/cmr/m/n on input line 58.
LaTeX Font Info:    ... okay on input line 58.
LaTeX Font Info:    Checking defaults for OMS/cmsy/m/n on input line 58.
LaTeX Font Info:    ... okay on input line 58.
LaTeX Font Info:    Checking defaults for OMX/cmex/m/n on input line 58.
LaTeX Font Info:    ... okay on input line 58.
LaTeX Font Info:    Checking defaults for U/cmr/m/n on input line 58.
LaTeX Font Info:    ... okay on input line 58.
LaTeX Font Info:    Checking defaults for PD1/pdf/m/n on input line 58.
LaTeX Font Info:    ... okay on input line 58.
LaTeX Font Info:    Try loading font information for T1+lmr on input line 58.
 (/usr/local/texlive/2015/texmf-dist/tex/latex/lm/t1lmr.fd
File: t1lmr.fd 2009/10/30 v1.6 Font defs for Latin Modern
)
(/usr/local/texlive/2015/texmf-dist/tex/context/base/supp-pdf.mkii
[Loading MPS to PDF converter (version 2006.09.02).]
\scratchcounter=\count293
\scratchdimen=\dimen151
\scratchbox=\box58
\nofMPsegments=\count294
\nofMParguments=\count295
\everyMPshowfont=\toks25
\MPscratchCnt=\count296
\MPscratchDim=\dimen152
\MPnumerator=\count297
\makeMPintoPDFobject=\count298
\everyMPtoPDFconversion=\toks26
) (/usr/local/texlive/2015/texmf-dist/tex/latex/oberdiek/epstopdf-base.sty
Package: epstopdf-base 2010/02/09 v2.5 Base part for package epstopdf

(/usr/local/texlive/2015/texmf-dist/tex/latex/oberdiek/grfext.sty
Package: grfext 2010/08/19 v1.1 Manage graphics extensions (HO)
)
Package grfext Info: Graphics extension search list:
(grfext)             [.png,.pdf,.jpg,.mps,.jpeg,.jbig2,.jb2,.PNG,.PDF,.JPG,.JPE
G,.JBIG2,.JB2,.eps]
(grfext)             \AppendGraphicsExtensions on input line 452.

(/usr/local/texlive/2015/texmf-dist/tex/latex/latexconfig/epstopdf-sys.cfg
File: epstopdf-sys.cfg 2010/07/13 v1.3 Configuration of (r)epstopdf for TeX Liv
e
))
*geometry* driver: auto-detecting
*geometry* detected driver: pdftex

Package geometry Warning: The marginal notes overrun the paper.
     Add 15.6854pt and more to the right margin.

*geometry* verbose mode - [ preamble ] result:
* driver: pdftex
* paper: a4paper
* layout: <same size as paper>
* layoutoffset:(h,v)=(0.0pt,0.0pt)
* modes: 
* h-part:(L,W,R)=(42.67912pt, 497.92325pt, 56.9055pt)
* v-part:(T,H,B)=(71.13188pt, 702.78308pt, 71.13188pt)
* \paperwidth=597.50787pt
* \paperheight=845.04684pt
* \textwidth=497.92325pt
* \textheight=702.78308pt
* \oddsidemargin=-29.59087pt
* \evensidemargin=-29.59087pt
* \topmargin=-38.53812pt
* \headheight=17.0pt
* \headsep=20.40001pt
* \topskip=11.0pt
* \footskip=47.6pt
* \marginparwidth=59.7508pt
* \marginparsep=12.8401pt
* \columnsep=10.0pt
* \skip\footins=10.0pt plus 4.0pt minus 2.0pt
* \hoffset=0.0pt
* \voffset=0.0pt
* \mag=1000
* \@twocolumnfalse
* \@twosidefalse
* \@mparswitchfalse
* \@reversemarginfalse
* (1in=72.27pt=25.4mm, 1cm=28.453pt)

Package caption Info: Begin \AtBeginDocument code.
Package caption Info: hyperref package is loaded.
Package caption Info: listings package is loaded.
Package caption Info: sidecap package is loaded.
Package caption Info: End \AtBeginDocument code.
\c@lstlisting=\count299
\AtBeginShipoutBox=\box59
Package hyperref Info: Link coloring OFF on input line 58.
(/usr/local/texlive/2015/texmf-dist/tex/latex/hyperref/nameref.sty
Package: nameref 2012/10/27 v2.43 Cross-referencing by name of section

(/usr/local/texlive/2015/texmf-dist/tex/generic/oberdiek/gettitlestring.sty
Package: gettitlestring 2010/12/03 v1.4 Cleanup title references (HO)
)
\c@section@level=\count300
)
LaTeX Info: Redefining \ref on input line 58.
LaTeX Info: Redefining \pageref on input line 58.
LaTeX Info: Redefining \nameref on input line 58.

(./Protokoll.out) (./Protokoll.out)
\@outlinefile=\write4
\openout4 = `Protokoll.out'.


(/usr/local/texlive/2015/texmf-dist/tex/latex/ms/ragged2e.sty
Package: ragged2e 2009/05/21 v2.1 ragged2e Package (MS)

(/usr/local/texlive/2015/texmf-dist/tex/latex/ms/everysel.sty
Package: everysel 2011/10/28 v1.2 EverySelectfont Package (MS)

ABD: EverySelectfont initializing macros
LaTeX Info: Redefining \selectfont on input line 126.
)
\CenteringLeftskip=\skip70
\RaggedLeftLeftskip=\skip71
\RaggedRightLeftskip=\skip72
\CenteringRightskip=\skip73
\RaggedLeftRightskip=\skip74
\RaggedRightRightskip=\skip75
\CenteringParfillskip=\skip76
\RaggedLeftParfillskip=\skip77
\RaggedRightParfillskip=\skip78
\JustifyingParfillskip=\skip79
\CenteringParindent=\skip80
\RaggedLeftParindent=\skip81
\RaggedRightParindent=\skip82
\JustifyingParindent=\skip83
)
Package biblatex Info: Input encoding 'utf8' detected.
Package biblatex Info: Automatic encoding selection.
(biblatex)             Assuming data encoding 'utf8'.
\openout3 = `Protokoll.bcf'.

Package biblatex Info: Trying to load bibliographic data...
Package biblatex Info: ... file 'Protokoll.bbl' found.
 (./Protokoll.bbl)
Package biblatex Info: Reference section=0 on input line 58.
Package biblatex Info: Reference segment=0 on input line 58.
LaTeX Font Info:    Try loading font information for T1+lmss on input line 60.

(/usr/local/texlive/2015/texmf-dist/tex/latex/lm/t1lmss.fd
File: t1lmss.fd 2009/10/30 v1.6 Font defs for Latin Modern
)
<funfunfun.png, id=100, 994.71625pt x 1061.9675pt>
File: funfunfun.png Graphic file (type png)
 <use funfunfun.png>
Package pdftex.def Info: funfunfun.png used on input line 61.
(pdftex.def)             Requested size: 248.67845pt x 265.49123pt.
Package babel Info: Redefining ngerman shorthand "|
(babel)             in language  on input line 68.
Package babel Info: Redefining ngerman shorthand "~
(babel)             in language  on input line 68.
LaTeX Font Info:    Try loading font information for T1+pcr on input line 69.

(/usr/local/texlive/2015/texmf-dist/tex/latex/psnfss/t1pcr.fd
File: t1pcr.fd 2001/06/04 font definitions for T1/pcr.
)
LaTeX Font Info:    Try loading font information for OT1+lmr on input line 69.

(/usr/local/texlive/2015/texmf-dist/tex/latex/lm/ot1lmr.fd
File: ot1lmr.fd 2009/10/30 v1.6 Font defs for Latin Modern
)
LaTeX Font Info:    Try loading font information for OML+lmm on input line 69.

(/usr/local/texlive/2015/texmf-dist/tex/latex/lm/omllmm.fd
File: omllmm.fd 2009/10/30 v1.6 Font defs for Latin Modern
)
LaTeX Font Info:    Try loading font information for OMS+lmsy on input line 69.


(/usr/local/texlive/2015/texmf-dist/tex/latex/lm/omslmsy.fd
File: omslmsy.fd 2009/10/30 v1.6 Font defs for Latin Modern
)
LaTeX Font Info:    Try loading font information for OMX+lmex on input line 69.


(/usr/local/texlive/2015/texmf-dist/tex/latex/lm/omxlmex.fd
File: omxlmex.fd 2009/10/30 v1.6 Font defs for Latin Modern
)
LaTeX Font Info:    External font `lmex10' loaded for size
(Font)              <10.95> on input line 69.
LaTeX Font Info:    External font `lmex10' loaded for size
(Font)              <8> on input line 69.
LaTeX Font Info:    External font `lmex10' loaded for size
(Font)              <6> on input line 69.
LaTeX Font Info:    Try loading font information for U+msa on input line 69.

(/usr/local/texlive/2015/texmf-dist/tex/latex/amsfonts/umsa.fd
File: umsa.fd 2013/01/14 v3.01 AMS symbols A
)
LaTeX Font Info:    Try loading font information for U+msb on input line 69.

(/usr/local/texlive/2015/texmf-dist/tex/latex/amsfonts/umsb.fd
File: umsb.fd 2013/01/14 v3.01 AMS symbols B
)
LaTeX Font Info:    Try loading font information for U+rsfs on input line 69.

(/usr/local/texlive/2015/texmf-dist/tex/latex/jknapltx/ursfs.fd
File: ursfs.fd 1998/03/24 rsfs font definition file (jk)
)
(./Protokoll.toc
Package babel Info: Redefining ngerman shorthand "|
(babel)             in language  on input line 11.
Package babel Info: Redefining ngerman shorthand "~
(babel)             in language  on input line 11.
Package babel Info: Redefining ngerman shorthand "|
(babel)             in language  on input line 11.
Package babel Info: Redefining ngerman shorthand "~
(babel)             in language  on input line 11.
 [1


{/usr/local/texlive/2015/texmf-var/fonts/map/pdftex/updmap/pdftex.map} <./funfu
nfun.png>])
\tf@toc=\write5
\openout5 = `Protokoll.toc'.

Package babel Info: Redefining ngerman shorthand "|
(babel)             in language  on input line 75.
Package babel Info: Redefining ngerman shorthand "~
(babel)             in language  on input line 75.

<bifurkation.png, id=144, 1549.79pt x 685.56125pt>
File: bifurkation.png Graphic file (type png)
 <use bifurkation.png>
Package pdftex.def Info: bifurkation.png used on input line 82.
(pdftex.def)             Requested size: 464.94058pt x 205.66995pt.
LaTeX Font Info:    External font `lmex10' loaded for size
(Font)              <5> on input line 83.
Package babel Info: Redefining ngerman shorthand "|
(babel)             in language  on input line 86.
Package babel Info: Redefining ngerman shorthand "~
(babel)             in language  on input line 86.


LaTeX Warning: Command \textless invalid in math mode on input line 96.


LaTeX Warning: Command \textless invalid in math mode on input line 96.

Package babel Info: Redefining ngerman shorthand "|
(babel)             in language  on input line 102.
Package babel Info: Redefining ngerman shorthand "~
(babel)             in language  on input line 102.
Package babel Info: Redefining ngerman shorthand "|
(babel)             in language  on input line 102.
Package babel Info: Redefining ngerman shorthand "~
(babel)             in language  on input line 102.
[2] <fixpunkt-2878.png, id=157, 1196.47pt x 1199.48125pt>
File: fixpunkt-2878.png Graphic file (type png)

<use fixpunkt-2878.png>
Package pdftex.def Info: fixpunkt-2878.png used on input line 125.
(pdftex.def)             Requested size: 239.28976pt x 239.892pt.
 <fixpunkt-311.png, id=158, 1194.4625pt x 1197.47375pt>
File: fixpunkt-311.png Graphic file (type png)

<use fixpunkt-311.png>
Package pdftex.def Info: fixpunkt-311.png used on input line 126.
(pdftex.def)             Requested size: 238.88826pt x 239.49051pt.

Underfull \hbox (badness 2884) in paragraph at lines 127--127
[][]|\T1/lmr/m/n/8 Ver-lauf der Ite-ra-tio-nen bei fes-ten Pa-ra-me-ter r. Lin-
kes Bild zeigt einen sta-bi-len Fix-punkt bei r=2.878,
 []


Underfull \hbox (badness 1609) in paragraph at lines 127--127
\T1/lmr/m/n/8 rech-tes Bild zeigt in-sta-bi-len Fix-punkt bei r=3.113. Der Ver-
lauf der lo-gis-ti-schen Funk-ti-on $\OML/lmm/m/it/8 f\OT1/lmr/m/n/8 (\OML/lmm/
m/it/8 x\OT1/lmr/m/n/8 )$\T1/lmr/m/n/8 , $\OML/lmm/m/it/8 f[]\OT1/lmr/m/n/8 (\O
ML/lmm/m/it/8 x\OT1/lmr/m/n/8 )$ \T1/lmr/m/n/8 so-
 []


Underfull \hbox (badness 5681) in paragraph at lines 127--127
\T1/lmr/m/n/8 wie die Ein-heits-ge-ra-de $\OML/lmm/m/it/8 y \OT1/lmr/m/n/8 = \O
ML/lmm/m/it/8 x$ \T1/lmr/m/n/8 sind auf-ge-tra-gen . Als Li-nie Ver-bun-den ge-
plot-tet sind die Fol-gen
 []


Underfull \hbox (badness 3701) in paragraph at lines 127--127
\T1/lmr/m/n/8 ($\OML/lmm/m/it/8 x[]; \OT1/lmr/m/n/8 0\OML/lmm/m/it/8 :\OT1/lmr/
m/n/8 0)\OML/lmm/m/it/8 ; \OT1/lmr/m/n/8 (\OML/lmm/m/it/8 x[]; x[]\OT1/lmr/m/n/
8 )\OML/lmm/m/it/8 ; \OT1/lmr/m/n/8 (\OML/lmm/m/it/8 x[]; x[]\OT1/lmr/m/n/8 )\O
ML/lmm/m/it/8 ; \OT1/lmr/m/n/8 (\OML/lmm/m/it/8 x[]; x[]\OT1/lmr/m/n/8 )\OML/lm
m/m/it/8 ; \OT1/lmr/m/n/8 (\OML/lmm/m/it/8 x[]; x[]\OT1/lmr/m/n/8 )\OML/lmm/m/i
t/8 ; \OT1/lmr/m/n/8 (\OML/lmm/m/it/8 x[]; x[]\OT1/lmr/m/n/8 )\OML/lmm/m/it/8 ;
 :::$ \T1/lmr/m/n/8 Sour-ce-co-de: prak/logisitsch-no-opt-
 []

<intermittenz.png, id=159, 1205.50375pt x 816.04875pt>
File: intermittenz.png Graphic file (type png)
 <use intermittenz.png>
Package pdftex.def Info: intermittenz.png used on input line 133.
(pdftex.def)             Requested size: 265.21164pt x 179.53128pt.

<analy-periodenv.png, id=160, 1194.4625pt x 1200.485pt>
File: analy-periodenv.png Graphic file (type png)

<use analy-periodenv.png>
Package pdftex.def Info: analy-periodenv.png used on input line 134.
(pdftex.def)             Requested size: 179.16164pt x 180.06497pt.
Package babel Info: Redefining ngerman shorthand "|
(babel)             in language  on input line 139.
Package babel Info: Redefining ngerman shorthand "~
(babel)             in language  on input line 139.
Package babel Info: Redefining ngerman shorthand "|
(babel)             in language  on input line 145.
Package babel Info: Redefining ngerman shorthand "~
(babel)             in language  on input line 145.
Package babel Info: Redefining ngerman shorthand "|
(babel)             in language  on input line 145.
Package babel Info: Redefining ngerman shorthand "~
(babel)             in language  on input line 145.
 [3 <./bifurkation.png>]
Package babel Info: Redefining ngerman shorthand "|
(babel)             in language  on input line 145.
Package babel Info: Redefining ngerman shorthand "~
(babel)             in language  on input line 145.
Package babel Info: Redefining ngerman shorthand "|
(babel)             in language  on input line 145.
Package babel Info: Redefining ngerman shorthand "~
(babel)             in language  on input line 145.
 [4 <./fixpunkt-2878.png> <./fixpunkt-311.png> <./intermittenz.png> <./analy-pe
riodenv.png>]
Overfull \hbox (15.57469pt too wide) in paragraph at lines 157--159
\T1/lmr/m/n/10.95 In prak.iteration-log-extreme.py ha-ben wir nun zu den An-fan
gs-be-din-gun-gen $\OML/lmm/m/it/10.95 x[] \OT1/lmr/m/n/10.95 = 0\OML/lmm/m/it/
10.95 :\OT1/lmr/m/n/10.95 4$\T1/lmr/m/n/10.95 , $\OML/lmm/m/it/10.95 r \OMS/lms
y/m/n/10.95 2 \OT1/lmr/m/n/10.95 [3\OML/lmm/m/it/10.95 :\OT1/lmr/m/n/10.95 9999
9\OML/lmm/m/it/10.95 ; \OT1/lmr/m/n/10.95 4\OML/lmm/m/it/10.95 :\OT1/lmr/m/n/10
.95 999989]$\T1/lmr/m/n/10.95 ,
 []


LaTeX Warning: Reference `eq:extreme-bifurc-final' on page 5 undefined on input
 line 169.

Package babel Info: Redefining ngerman shorthand "|
(babel)             in language  on input line 171.
Package babel Info: Redefining ngerman shorthand "~
(babel)             in language  on input line 171.

LaTeX Warning: Reference `eq:lyapunov-def' on page 5 undefined on input line 18
7.


LaTeX Warning: Reference `eq:lyapunov-analytisch' on page 5 undefined on input 
line 187.


LaTeX Warning: Reference `eq:lyapunov-renormiert' on page 5 undefined on input 
line 187.


LaTeX Warning: Reference `eq:lyapunov-def' on page 5 undefined on input line 18
8.


LaTeX Warning: Reference `eq:lyapunov-renormiert' on page 5 undefined on input 
line 189.

Package babel Info: Redefining ngerman shorthand "|
(babel)             in language  on input line 199.
Package babel Info: Redefining ngerman shorthand "~
(babel)             in language  on input line 199.
Package babel Info: Redefining ngerman shorthand "|
(babel)             in language  on input line 199.
Package babel Info: Redefining ngerman shorthand "~
(babel)             in language  on input line 199.
[5] <iteration/lyapunov-1.png, id=210, 601.24625pt x 597.23125pt>
File: iteration/lyapunov-1.png Graphic file (type png)

<use iteration/lyapunov-1.png>
Package pdftex.def Info: iteration/lyapunov-1.png used on input line 211.
(pdftex.def)             Requested size: 168.3478pt x 167.2236pt.

<iteration/lyapunov-2.png, id=211, 598.235pt x 599.23875pt>
File: iteration/lyapunov-2.png Graphic file (type png)

<use iteration/lyapunov-2.png>
Package pdftex.def Info: iteration/lyapunov-2.png used on input line 212.
(pdftex.def)             Requested size: 167.50465pt x 167.7857pt.

<iteration/lyapunov-3.png, id=212, 598.235pt x 600.2425pt>
File: iteration/lyapunov-3.png Graphic file (type png)

<use iteration/lyapunov-3.png>
Package pdftex.def Info: iteration/lyapunov-3.png used on input line 213.
(pdftex.def)             Requested size: 167.50465pt x 168.06674pt.

Overfull \hbox (10.30052pt too wide) in paragraph at lines 211--214
[][] [] [] 
 []

Package babel Info: Redefining ngerman shorthand "|
(babel)             in language  on input line 218.
Package babel Info: Redefining ngerman shorthand "~
(babel)             in language  on input line 218.
<lya378-zoom.png, id=215, 1196.47pt x 1194.4625pt>
File: lya378-zoom.png Graphic file (type png)
 <use lya378-zoom.png>
Package pdftex.def Info: lya378-zoom.png used on input line 228.
(pdftex.def)             Requested size: 215.3553pt x 214.99397pt.

<lya378.png, id=216, 598.235pt x 598.235pt>
File: lya378.png Graphic file (type png)
 <use lya378.png>
Package pdftex.def Info: lya378.png used on input line 229.
(pdftex.def)             Requested size: 215.36443pt x 215.36443pt.
Package babel Info: Redefining ngerman shorthand "|
(babel)             in language  on input line 235.
Package babel Info: Redefining ngerman shorthand "~
(babel)             in language  on input line 235.

<lyapunov-analysis-300.png, id=218, 1196.47pt x 576.1525pt>
File: lyapunov-analysis-300.png Graphic file (type png)

<use lyapunov-analysis-300.png>
Package pdftex.def Info: lyapunov-analysis-300.png used on input line 239.
(pdftex.def)             Requested size: 200.75pt x 200.75087pt.

<lyapunov-analysis-305.png, id=219, 1340.00626pt x 804.00375pt>
File: lyapunov-analysis-305.png Graphic file (type png)

<use lyapunov-analysis-305.png>
Package pdftex.def Info: lyapunov-analysis-305.png used on input line 240.
(pdftex.def)             Requested size: 200.7469pt x 200.74281pt.
Package babel Info: Redefining ngerman shorthand "|
(babel)             in language  on input line 244.
Package babel Info: Redefining ngerman shorthand "~
(babel)             in language  on input line 244.
Package babel Info: Redefining ngerman shorthand "|
(babel)             in language  on input line 244.
Package babel Info: Redefining ngerman shorthand "~
(babel)             in language  on input line 244.
 [6 <./iteration/lyapunov-1.png> <./iteration/lyapunov-2.png> <./iteration/lyap
unov-3.png>]
Package babel Info: Redefining ngerman shorthand "|
(babel)             in language  on input line 247.
Package babel Info: Redefining ngerman shorthand "~
(babel)             in language  on input line 247.


LaTeX Warning: Reference `eq:bedinung-1' on page 7 undefined on input line 267.



LaTeX Warning: Reference `eq:bedinung-1' on page 7 undefined on input line 268.


Package babel Info: Redefining ngerman shorthand "|
(babel)             in language  on input line 271.
Package babel Info: Redefining ngerman shorthand "~
(babel)             in language  on input line 271.
Package babel Info: Redefining ngerman shorthand "|
(babel)             in language  on input line 271.
Package babel Info: Redefining ngerman shorthand "~
(babel)             in language  on input line 271.
[7 <./lya378-zoom.png> <./lya378.png>]
<lya-rauschen.png, id=262, 1197.47375pt x 1194.4625pt>
File: lya-rauschen.png Graphic file (type png)
 <use lya-rauschen.png>
Package pdftex.def Info: lya-rauschen.png used on input line 295.
(pdftex.def)             Requested size: 239.49051pt x 238.88826pt.

Underfull \hbox (badness 1215) in paragraph at lines 299--299
\T1/lmr/m/n/8 ra-tio-nen. Ei-ne pr-zi-se Kon-ver-genz ist nicht
 []


<iteration/bifurk-log-lyapunov-periode.png, id=263, 1025.8325pt x 518.93875pt>
File: iteration/bifurk-log-lyapunov-periode.png Graphic file (type png)

<use iteration/bifurk-log-lyapunov-periode.png>
Package pdftex.def Info: iteration/bifurk-log-lyapunov-periode.png used on inpu
t line 305.
(pdftex.def)             Requested size: 461.62038pt x 233.52028pt.
Package babel Info: Redefining ngerman shorthand "|
(babel)             in language  on input line 316.
Package babel Info: Redefining ngerman shorthand "~
(babel)             in language  on input line 316.
Package babel Info: Redefining ngerman shorthand "|
(babel)             in language  on input line 318.
Package babel Info: Redefining ngerman shorthand "~
(babel)             in language  on input line 318.
Package babel Info: Redefining ngerman shorthand "|
(babel)             in language  on input line 318.
Package babel Info: Redefining ngerman shorthand "~
(babel)             in language  on input line 318.
 [8 <./lyapunov-analysis-300.png> <./lyapunov-analysis-305.png>]
Package babel Info: Redefining ngerman shorthand "|
(babel)             in language  on input line 318.
Package babel Info: Redefining ngerman shorthand "~
(babel)             in language  on input line 318.
Package babel Info: Redefining ngerman shorthand "|
(babel)             in language  on input line 318.
Package babel Info: Redefining ngerman shorthand "~
(babel)             in language  on input line 318.
 [9 <./lya-rauschen.png> <./iteration/bifurk-log-lyapunov-periode.png>]
<bifurkation-sin.png, id=295, 850.17625pt x 397.485pt>
File: bifurkation-sin.png Graphic file (type png)

<use bifurkation-sin.png>
Package pdftex.def Info: bifurkation-sin.png used on input line 341.
(pdftex.def)             Requested size: 467.59839pt x 218.61742pt.

<bifurkation-sin-zoom.png, id=296, 982.67125pt x 598.235pt>
File: bifurkation-sin-zoom.png Graphic file (type png)

<use bifurkation-sin-zoom.png>
Package pdftex.def Info: bifurkation-sin-zoom.png used on input line 342.
(pdftex.def)             Requested size: 461.85556pt x 281.17049pt.
Package babel Info: Redefining ngerman shorthand "|
(babel)             in language  on input line 346.
Package babel Info: Redefining ngerman shorthand "~
(babel)             in language  on input line 346.
Package babel Info: Redefining ngerman shorthand "|
(babel)             in language  on input line 346.
Package babel Info: Redefining ngerman shorthand "~
(babel)             in language  on input line 346.
 [10]
Package babel Info: Redefining ngerman shorthand "|
(babel)             in language  on input line 346.
Package babel Info: Redefining ngerman shorthand "~
(babel)             in language  on input line 346.
Package babel Info: Redefining ngerman shorthand "|
(babel)             in language  on input line 346.
Package babel Info: Redefining ngerman shorthand "~
(babel)             in language  on input line 346.
 [11 <./bifurkation-sin.png> <./bifurkation-sin-zoom.png>]
Package babel Info: Redefining ngerman shorthand "|
(babel)             in language  on input line 347.
Package babel Info: Redefining ngerman shorthand "~
(babel)             in language  on input line 347.


LaTeX Warning: Citation 'wiki:runge' on page 12 undefined on input line 354.


Underfull \hbox (badness 10000) in paragraph at lines 357--359

 []

Package babel Info: Redefining ngerman shorthand "|
(babel)             in language  on input line 359.
Package babel Info: Redefining ngerman shorthand "~
(babel)             in language  on input line 359.

<duffing-awp1-500k-nach-500k-h0,1-euler.png, id=312, 599.23875pt x 601.24625pt>
File: duffing-awp1-500k-nach-500k-h0,1-euler.png Graphic file (type png)
<use duffing-awp1-500k-nach-500k-h0,1-euler.png>
Package pdftex.def Info: duffing-awp1-500k-nach-500k-h0,1-euler.png used on inp
ut line 362.
(pdftex.def)             Requested size: 167.7857pt x 168.3478pt.

<duffing-awp1-500k-nach-500k-h0,08-euler.png, id=313, 594.22pt x 597.23125pt>
File: duffing-awp1-500k-nach-500k-h0,08-euler.png Graphic file (type png)

<use duffing-awp1-500k-nach-500k-h0,08-euler.png>
Package pdftex.def Info: duffing-awp1-500k-nach-500k-h0,08-euler.png used on in
put line 363.
(pdftex.def)             Requested size: 166.38046pt x 167.2236pt.

<duffing-awp1-500k-nach-500k-h0,1-runge.png, id=314, 598.235pt x 597.23125pt>
File: duffing-awp1-500k-nach-500k-h0,1-runge.png Graphic file (type png)

<use duffing-awp1-500k-nach-500k-h0,1-runge.png>
Package pdftex.def Info: duffing-awp1-500k-nach-500k-h0,1-runge.png used on inp
ut line 364.
(pdftex.def)             Requested size: 167.50465pt x 167.2236pt.

Overfull \hbox (8.61424pt too wide) in paragraph at lines 362--365
[][] [] [] 
 []


<duffing-awp2-500k-nach-500k-h0,01-runge.png, id=317, 599.23875pt x 597.23125pt
>
File: duffing-awp2-500k-nach-500k-h0,01-runge.png Graphic file (type png)
 <use duffing-awp2-500k-nach-500k-h0,01-runge.png>
Package pdftex.def Info: duffing-awp2-500k-nach-500k-h0,01-runge.png used on in
put line 375.
(pdftex.def)             Requested size: 239.69125pt x 238.88826pt.

<duffing-awp3-500k-nach-500k-h0,01-runge.png, id=318, 597.23125pt x 600.2425pt>
File: duffing-awp3-500k-nach-500k-h0,01-runge.png Graphic file (type png)
<use duffing-awp3-500k-nach-500k-h0,01-runge.png>
Package pdftex.def Info: duffing-awp3-500k-nach-500k-h0,01-runge.png used on in
put line 376.
(pdftex.def)             Requested size: 238.88826pt x 240.09274pt.

<duffing-awp4-500k-nach-500k-h0,01-runge.png, id=319, 598.235pt x 600.2425pt>
File: duffing-awp4-500k-nach-500k-h0,01-runge.png Graphic file (type png)

<use duffing-awp4-500k-nach-500k-h0,01-runge.png>
Package pdftex.def Info: duffing-awp4-500k-nach-500k-h0,01-runge.png used on in
put line 377.
(pdftex.def)             Requested size: 239.28975pt x 240.09274pt.

<duffing-awp5-500k-nach-500k-h0,01-runge.png, id=320, 599.23875pt x 601.24625pt
>
File: duffing-awp5-500k-nach-500k-h0,01-runge.png Graphic file (type png)
 <use duffing-awp5-500k-nach-500k-h0,01-runge.png>
Package pdftex.def Info: duffing-awp5-500k-nach-500k-h0,01-runge.png used on in
put line 378.
(pdftex.def)             Requested size: 239.69125pt x 240.49423pt.

Underfull \hbox (badness 10000) in paragraph at lines 375--379
[][] []
 []

Package babel Info: Redefining ngerman shorthand "|
(babel)             in language  on input line 382.
Package babel Info: Redefining ngerman shorthand "~
(babel)             in language  on input line 382.
Package babel Info: Redefining ngerman shorthand "|
(babel)             in language  on input line 384.
Package babel Info: Redefining ngerman shorthand "~
(babel)             in language  on input line 384.
Package babel Info: Redefining ngerman shorthand "|
(babel)             in language  on input line 384.
Package babel Info: Redefining ngerman shorthand "~
(babel)             in language  on input line 384.
[12 <./duffing-awp1-500k-nach-500k-h0,1-euler.png> <./duffing-awp1-500k-nach-50
0k-h0,08-euler.png> <./duffing-awp1-500k-nach-500k-h0,1-runge.png>]
Package babel Info: Redefining ngerman shorthand "|
(babel)             in language  on input line 384.
Package babel Info: Redefining ngerman shorthand "~
(babel)             in language  on input line 384.
Package babel Info: Redefining ngerman shorthand "|
(babel)             in language  on input line 384.
Package babel Info: Redefining ngerman shorthand "~
(babel)             in language  on input line 384.
 [13 <./duffing-awp2-500k-nach-500k-h0,01-runge.png> <./duffing-awp3-500k-nach-
500k-h0,01-runge.png> <./duffing-awp4-500k-nach-500k-h0,01-runge.png> <./duffin
g-awp5-500k-nach-500k-h0,01-runge.png>] <poincare-772.png, id=347, 1204.5pt x 1
200.485pt>
File: poincare-772.png Graphic file (type png)

<use poincare-772.png>
Package pdftex.def Info: poincare-772.png used on input line 396.
(pdftex.def)             Requested size: 240.89574pt x 240.09274pt.
Package babel Info: Redefining ngerman shorthand "|
(babel)             in language  on input line 400.
Package babel Info: Redefining ngerman shorthand "~
(babel)             in language  on input line 400.
 <schaltskizze.png, id=349, 316.18124pt x 251.94125pt>
File: schaltskizze.png Graphic file (type png)

<use schaltskizze.png>
Package pdftex.def Info: schaltskizze.png used on input line 404.
(pdftex.def)             Requested size: 189.7102pt x 151.16591pt.
Package babel Info: Redefining ngerman shorthand "|
(babel)             in language  on input line 409.
Package babel Info: Redefining ngerman shorthand "~
(babel)             in language  on input line 409.
Package babel Info: Redefining ngerman shorthand "|
(babel)             in language  on input line 413.
Package babel Info: Redefining ngerman shorthand "~
(babel)             in language  on input line 413.
Package babel Info: Redefining ngerman shorthand "|
(babel)             in language  on input line 413.
Package babel Info: Redefining ngerman shorthand "~
(babel)             in language  on input line 413.
 [14 <./poincare-772.png>]
Package babel Info: Redefining ngerman shorthand "|
(babel)             in language  on input line 430.
Package babel Info: Redefining ngerman shorthand "~
(babel)             in language  on input line 430.

Underfull \hbox (badness 3219) in paragraph at lines 437--437
[]\T1/lmr/m/n/10.95 Konstante pro-por-tio-nal zur
 []


Underfull \hbox (badness 3219) in paragraph at lines 438--438
[]\T1/lmr/m/n/10.95 Konstante pro-por-tio-nal zur
 []


Underfull \hbox (badness 10000) in paragraph at lines 438--438
\T1/lmr/m/n/10.95 Ka-pa-zi-tt der Di-ode in
 []

Package babel Info: Redefining ngerman shorthand "|
(babel)             in language  on input line 445.
Package babel Info: Redefining ngerman shorthand "~
(babel)             in language  on input line 445.
Package babel Info: Redefining ngerman shorthand "|
(babel)             in language  on input line 445.
Package babel Info: Redefining ngerman shorthand "~
(babel)             in language  on input line 445.
[15 <./schaltskizze.png>]
<runge-oszillation-100k-2V.png, id=377, 597.23125pt x 597.23125pt>
File: runge-oszillation-100k-2V.png Graphic file (type png)

<use runge-oszillation-100k-2V.png>
Package pdftex.def Info: runge-oszillation-100k-2V.png used on input line 451.
(pdftex.def)             Requested size: 418.05902pt x 418.05902pt.
Package babel Info: Redefining ngerman shorthand "|
(babel)             in language  on input line 455.
Package babel Info: Redefining ngerman shorthand "~
(babel)             in language  on input line 455.

<schwing-runge-nach50k-weitere200k-10-9.png, id=379, 598.235pt x 598.235pt>
File: schwing-runge-nach50k-weitere200k-10-9.png Graphic file (type png)

<use schwing-runge-nach50k-weitere200k-10-9.png>
Package pdftex.def Info: schwing-runge-nach50k-weitere200k-10-9.png used on inp
ut line 458.
(pdftex.def)             Requested size: 167.50465pt x 167.50465pt.

<schwing-runge-nach100k-weitere200k-10-9.png, id=380, 598.235pt x 597.23125pt>
File: schwing-runge-nach100k-weitere200k-10-9.png Graphic file (type png)

<use schwing-runge-nach100k-weitere200k-10-9.png>
Package pdftex.def Info: schwing-runge-nach100k-weitere200k-10-9.png used on in
put line 459.
(pdftex.def)             Requested size: 167.50465pt x 167.2236pt.

<schwing-runge-nach200k-weitere200k-10-9.png, id=381, 597.23125pt x 598.235pt>
File: schwing-runge-nach200k-weitere200k-10-9.png Graphic file (type png)

<use schwing-runge-nach200k-weitere200k-10-9.png>
Package pdftex.def Info: schwing-runge-nach200k-weitere200k-10-9.png used on in
put line 460.
(pdftex.def)             Requested size: 167.2236pt x 167.50465pt.

Overfull \hbox (9.17633pt too wide) in paragraph at lines 458--461
[][] [] [] 
 []


<schwing-runge-nach300k-weitere20k-10-9-1V.png, id=383, 599.23875pt x 598.235pt
>
File: schwing-runge-nach300k-weitere20k-10-9-1V.png Graphic file (type png)
 <use schwing-runge-nach300k-weitere20k-10-9-1V.png>
Package pdftex.def Info: schwing-runge-nach300k-weitere20k-10-9-1V.png used on 
input line 466.
(pdftex.def)             Requested size: 167.7857pt x 167.50465pt.

<schwing-runge-nach300k-weitere20k-10-9-1,2V.png, id=384, 597.23125pt x 598.235
pt>
File: schwing-runge-nach300k-weitere20k-10-9-1,2V.png Graphic file (type png)
 <use schwing-runge-nach300k-weitere20k-10-9-1,2V.png>
Package pdftex.def Info: schwing-runge-nach300k-weitere20k-10-9-1,2V.png used o
n input line 467.
(pdftex.def)             Requested size: 167.2236pt x 167.50465pt.

<schwing-runge-nach300k-weitere20k-10-9-1,42V.png, id=385, 598.235pt x 598.235p
t>
File: schwing-runge-nach300k-weitere20k-10-9-1,42V.png Graphic file (type png)
 <use schwing-runge-nach300k-weitere20k-10-9-1,42V.png>
Package pdftex.def Info: schwing-runge-nach300k-weitere20k-10-9-1,42V.png used 
on input line 468.
(pdftex.def)             Requested size: 167.50465pt x 167.50465pt.

Overfull \hbox (9.45738pt too wide) in paragraph at lines 466--469
[][] [] [] 
 []


<schwing-runge-nach300k-weitere20k-10-9-20V.png, id=388, 598.235pt x 599.23875p
t>
File: schwing-runge-nach300k-weitere20k-10-9-20V.png Graphic file (type png)
 <use schwing-runge-nach300k-weitere20k-10-9-20V.png>
Package pdftex.def Info: schwing-runge-nach300k-weitere20k-10-9-20V.png used on
 input line 474.
(pdftex.def)             Requested size: 167.50465pt x 167.7857pt.

<schwing-runge-nach300k-weitere20k-10-9-30V.png, id=389, 597.23125pt x 594.22pt
>
File: schwing-runge-nach300k-weitere20k-10-9-30V.png Graphic file (type png)
 <use schwing-runge-nach300k-weitere20k-10-9-30V.png>
Package pdftex.def Info: schwing-runge-nach300k-weitere20k-10-9-30V.png used on
 input line 475.
(pdftex.def)             Requested size: 167.2236pt x 166.38046pt.

<schwing-runge-nach300k-weitere120k-10-9-34V.png, id=390, 599.23875pt x 598.235
pt>
File: schwing-runge-nach300k-weitere120k-10-9-34V.png Graphic file (type png)
 <use schwing-runge-nach300k-weitere120k-10-9-34V.png>
Package pdftex.def Info: schwing-runge-nach300k-weitere120k-10-9-34V.png used o
n input line 476.
(pdftex.def)             Requested size: 167.7857pt x 167.50465pt.

Overfull \hbox (9.45738pt too wide) in paragraph at lines 474--477
[][] [] [] 
 []


<schwing-runge-nach300k-weitere50k-10-8-searching-chaos1.png, id=392, 598.235pt
 x 598.235pt>
File: schwing-runge-nach300k-weitere50k-10-8-searching-chaos1.png Graphic file 
(type png)

<use schwing-runge-nach300k-weitere50k-10-8-searching-chaos1.png>
Package pdftex.def Info: schwing-runge-nach300k-weitere50k-10-8-searching-chaos
1.png used on input line 483.
(pdftex.def)             Requested size: 251.25699pt x 251.25699pt.

<schwing-runge-nach300k-weitere50k-10-8-finding-chaos1.png, id=393, 597.23125pt
 x 598.235pt>
File: schwing-runge-nach300k-weitere50k-10-8-finding-chaos1.png Graphic file (t
ype png)
 <use schwing-runge-nach300k-weitere50k-10-8-finding-chaos1.png>
Package pdftex.def Info: schwing-runge-nach300k-weitere50k-10-8-finding-chaos1.
png used on input line 484.
(pdftex.def)             Requested size: 250.8354pt x 251.25699pt.

Overfull \hbox (6.60248pt too wide) in paragraph at lines 483--485
[][] [] 
 []


<schwing-euler-nach2500k-weitere100k-3,4V.png, id=396, 599.23875pt x 599.23875p
t>
File: schwing-euler-nach2500k-weitere100k-3,4V.png Graphic file (type png)
 <use schwing-euler-nach2500k-weitere100k-3,4V.png>
Package pdftex.def Info: schwing-euler-nach2500k-weitere100k-3,4V.png used on i
nput line 490.
(pdftex.def)             Requested size: 251.67856pt x 251.67856pt.

<schwing-euler-nach2500k-weitere100k-3,6V.png, id=397, 597.23125pt x 596.2275pt
>
File: schwing-euler-nach2500k-weitere100k-3,6V.png Graphic file (type png)
 <use schwing-euler-nach2500k-weitere100k-3,6V.png>
Package pdftex.def Info: schwing-euler-nach2500k-weitere100k-3,6V.png used on i
nput line 491.
(pdftex.def)             Requested size: 250.8354pt x 250.41383pt.

Overfull \hbox (7.02405pt too wide) in paragraph at lines 490--492
[][] [] 
 []


<schwing-euler-nach2500k-weitere100k-4,4V.png, id=398, 597.23125pt x 597.23125p
t>
File: schwing-euler-nach2500k-weitere100k-4,4V.png Graphic file (type png)
 <use schwing-euler-nach2500k-weitere100k-4,4V.png>
Package pdftex.def Info: schwing-euler-nach2500k-weitere100k-4,4V.png used on i
nput line 496.
(pdftex.def)             Requested size: 250.8354pt x 250.8354pt.

<schwing-euler-nach2500k-weitere100k-4,602V.png, id=399, 597.23125pt x 597.2312
5pt>
File: schwing-euler-nach2500k-weitere100k-4,602V.png Graphic file (type png)
 <use schwing-euler-nach2500k-weitere100k-4,602V.png>
Package pdftex.def Info: schwing-euler-nach2500k-weitere100k-4,602V.png used on
 input line 497.
(pdftex.def)             Requested size: 250.8354pt x 250.8354pt.

Overfull \hbox (6.1809pt too wide) in paragraph at lines 496--498
[][] [] 
 []

Package babel Info: Redefining ngerman shorthand "|
(babel)             in language  on input line 502.
Package babel Info: Redefining ngerman shorthand "~
(babel)             in language  on input line 502.
<schwing-500k-nach-10k-8V-phase.png, id=401, 597.23125pt x 598.235pt>
File: schwing-500k-nach-10k-8V-phase.png Graphic file (type png)

<use schwing-500k-nach-10k-8V-phase.png>
Package pdftex.def Info: schwing-500k-nach-10k-8V-phase.png used on input line 
505.
(pdftex.def)             Requested size: 238.88826pt x 239.28975pt.

<schwing-500k-nach-10k-8V-poin.png, id=402, 598.235pt x 598.235pt>
File: schwing-500k-nach-10k-8V-poin.png Graphic file (type png)

<use schwing-500k-nach-10k-8V-poin.png>
Package pdftex.def Info: schwing-500k-nach-10k-8V-poin.png used on input line 5
06.
(pdftex.def)             Requested size: 239.28975pt x 239.28975pt.

<schwing-500k-nach-10k-7V-phase.png, id=404, 593.21625pt x 597.23125pt>
File: schwing-500k-nach-10k-7V-phase.png Graphic file (type png)

<use schwing-500k-nach-10k-7V-phase.png>
Package pdftex.def Info: schwing-500k-nach-10k-7V-phase.png used on input line 
512.
(pdftex.def)             Requested size: 237.28229pt x 238.88826pt.

<schwing-500k-nach-10k-7V-poin.png, id=405, 596.2275pt x 599.23875pt>
File: schwing-500k-nach-10k-7V-poin.png Graphic file (type png)

<use schwing-500k-nach-10k-7V-poin.png>
Package pdftex.def Info: schwing-500k-nach-10k-7V-poin.png used on input line 5
13.
(pdftex.def)             Requested size: 238.48677pt x 239.69125pt.
Package babel Info: Redefining ngerman shorthand "|
(babel)             in language  on input line 518.
Package babel Info: Redefining ngerman shorthand "~
(babel)             in language  on input line 518.
Package babel Info: Redefining ngerman shorthand "|
(babel)             in language  on input line 522.
Package babel Info: Redefining ngerman shorthand "~
(babel)             in language  on input line 522.

<aufbau1.png, id=407, 419.5675pt x 165.61874pt>
File: aufbau1.png Graphic file (type png)
 <use aufbau1.png>
Package pdftex.def Info: aufbau1.png used on input line 525.
(pdftex.def)             Requested size: 251.74243pt x 99.37201pt.

<aufbau2.png, id=408, 503.8825pt x 271.0125pt>
File: aufbau2.png Graphic file (type png)
 <use aufbau2.png>
Package pdftex.def Info: aufbau2.png used on input line 526.
(pdftex.def)             Requested size: 251.94063pt x 135.5059pt.

Overfull \hbox (8.19315pt too wide) in paragraph at lines 525--527
[][] [] 
 []

Package babel Info: Redefining ngerman shorthand "|
(babel)             in language  on input line 531.
Package babel Info: Redefining ngerman shorthand "~
(babel)             in language  on input line 531.
Package babel Info: Redefining ngerman shorthand "|
(babel)             in language  on input line 531.
Package babel Info: Redefining ngerman shorthand "~
(babel)             in language  on input line 531.
[16]
Package babel Info: Redefining ngerman shorthand "|
(babel)             in language  on input line 531.
Package babel Info: Redefining ngerman shorthand "~
(babel)             in language  on input line 531.
Package babel Info: Redefining ngerman shorthand "|
(babel)             in language  on input line 531.
Package babel Info: Redefining ngerman shorthand "~
(babel)             in language  on input line 531.
 [17 <./runge-oszillation-100k-2V.png> <./schwing-runge-nach50k-weitere200k-10-
9.png> <./schwing-runge-nach100k-weitere200k-10-9.png> <./schwing-runge-nach200
k-weitere200k-10-9.png>]
Package babel Info: Redefining ngerman shorthand "|
(babel)             in language  on input line 531.
Package babel Info: Redefining ngerman shorthand "~
(babel)             in language  on input line 531.
Package babel Info: Redefining ngerman shorthand "|
(babel)             in language  on input line 531.
Package babel Info: Redefining ngerman shorthand "~
(babel)             in language  on input line 531.
 [18 <./schwing-runge-nach300k-weitere20k-10-9-1V.png> <./schwing-runge-nach300
k-weitere20k-10-9-1,2V.png> <./schwing-runge-nach300k-weitere20k-10-9-1,42V.png
> <./schwing-runge-nach300k-weitere20k-10-9-20V.png> <./schwing-runge-nach300k-
weitere20k-10-9-30V.png> <./schwing-runge-nach300k-weitere120k-10-9-34V.png>]
Package babel Info: Redefining ngerman shorthand "|
(babel)             in language  on input line 531.
Package babel Info: Redefining ngerman shorthand "~
(babel)             in language  on input line 531.
Package babel Info: Redefining ngerman shorthand "|
(babel)             in language  on input line 531.
Package babel Info: Redefining ngerman shorthand "~
(babel)             in language  on input line 531.
 [19 <./schwing-runge-nach300k-weitere50k-10-8-searching-chaos1.png> <./schwing
-runge-nach300k-weitere50k-10-8-finding-chaos1.png> <./schwing-euler-nach2500k-
weitere100k-3,4V.png> <./schwing-euler-nach2500k-weitere100k-3,6V.png>]
Package babel Info: Redefining ngerman shorthand "|
(babel)             in language  on input line 531.
Package babel Info: Redefining ngerman shorthand "~
(babel)             in language  on input line 531.
Package babel Info: Redefining ngerman shorthand "|
(babel)             in language  on input line 531.
Package babel Info: Redefining ngerman shorthand "~
(babel)             in language  on input line 531.
 [20 <./schwing-euler-nach2500k-weitere100k-4,4V.png> <./schwing-euler-nach2500
k-weitere100k-4,602V.png> <./schwing-500k-nach-10k-8V-phase.png> <./schwing-500
k-nach-10k-8V-poin.png>]
Package babel Info: Redefining ngerman shorthand "|
(babel)             in language  on input line 532.
Package babel Info: Redefining ngerman shorthand "~
(babel)             in language  on input line 532.
Package babel Info: Redefining ngerman shorthand "|
(babel)             in language  on input line 533.
Package babel Info: Redefining ngerman shorthand "~
(babel)             in language  on input line 533.

<800khz-5V-oszi.png, id=459, 1917.1625pt x 1467.4825pt>
File: 800khz-5V-oszi.png Graphic file (type png)

<use 800khz-5V-oszi.png>
Package pdftex.def Info: 800khz-5V-oszi.png used on input line 538.
(pdftex.def)             Requested size: 191.72748pt x 146.75684pt.

<800khz-5V-phase.png, id=460, 1703.36375pt x 1319.93124pt>
File: 800khz-5V-phase.png Graphic file (type png)

<use 800khz-5V-phase.png>
Package pdftex.def Info: 800khz-5V-phase.png used on input line 539.
(pdftex.def)             Requested size: 187.37059pt x 145.19289pt.

<800khz-134V-phase.png, id=461, 3117.6475pt x 2381.89874pt>
File: 800khz-134V-phase.png Graphic file (type png)

<use 800khz-134V-phase.png>
Package pdftex.def Info: 800khz-134V-phase.png used on input line 546.
(pdftex.def)             Requested size: 155.89151pt x 119.10191pt.

<800khz-112V-phase.png, id=462, 2813.51125pt x 2189.17876pt>
File: 800khz-112V-phase.png Graphic file (type png)

<use 800khz-112V-phase.png>
Package pdftex.def Info: 800khz-112V-phase.png used on input line 547.
(pdftex.def)             Requested size: 154.72212pt x 120.3885pt.

<800khz-29,6V-phase-chaos.png, id=463, 2423.0525pt x 2027.575pt>
File: 800khz-29,6V-phase-chaos.png Graphic file (type png)

<use 800khz-29,6V-phase-chaos.png>
Package pdftex.def Info: 800khz-29,6V-phase-chaos.png used on input line 548.
(pdftex.def)             Requested size: 145.37688pt x 121.64925pt.
Package babel Info: Redefining ngerman shorthand "|
(babel)             in language  on input line 552.
Package babel Info: Redefining ngerman shorthand "~
(babel)             in language  on input line 552.

<bif-ldr/dreieck_1.jpg, id=466, 1027.84pt x 770.88pt>
File: bif-ldr/dreieck_1.jpg Graphic file (type jpg)

<use bif-ldr/dreieck_1.jpg>
Package pdftex.def Info: bif-ldr/dreieck_1.jpg used on input line 558.
(pdftex.def)             Requested size: 123.33548pt x 92.5016pt.

<bif-ldr/dreieck_2.jpg, id=467, 1027.84pt x 770.88pt>
File: bif-ldr/dreieck_2.jpg Graphic file (type jpg)

<use bif-ldr/dreieck_2.jpg>
Package pdftex.def Info: bif-ldr/dreieck_2.jpg used on input line 559.
(pdftex.def)             Requested size: 123.33548pt x 92.5016pt.

<bif-ldr/dreieck_3.jpg, id=468, 1027.84pt x 770.88pt>
File: bif-ldr/dreieck_3.jpg Graphic file (type jpg)

<use bif-ldr/dreieck_3.jpg>
Package pdftex.def Info: bif-ldr/dreieck_3.jpg used on input line 560.
(pdftex.def)             Requested size: 123.33548pt x 92.5016pt.
Package babel Info: Redefining ngerman shorthand "|
(babel)             in language  on input line 564.
Package babel Info: Redefining ngerman shorthand "~
(babel)             in language  on input line 564.
Package babel Info: Redefining ngerman shorthand "|
(babel)             in language  on input line 564.
Package babel Info: Redefining ngerman shorthand "~
(babel)             in language  on input line 564.
 [21 <./schwing-500k-nach-10k-7V-phase.png> <./schwing-500k-nach-10k-7V-poin.pn
g> <./aufbau1.png> <./aufbau2.png>]
<bif-ldr/bifurc-bad.jpg, id=479, 1027.84pt x 770.88pt>
File: bif-ldr/bifurc-bad.jpg Graphic file (type jpg)

<use bif-ldr/bifurc-bad.jpg>
Package pdftex.def Info: bif-ldr/bifurc-bad.jpg used on input line 569.
(pdftex.def)             Requested size: 185.00322pt x 138.75241pt.

<bif-ldr/bifurc-good.jpg, id=480, 1027.84pt x 770.88pt>
File: bif-ldr/bifurc-good.jpg Graphic file (type jpg)

<use bif-ldr/bifurc-good.jpg>
Package pdftex.def Info: bif-ldr/bifurc-good.jpg used on input line 570.
(pdftex.def)             Requested size: 185.00322pt x 138.75241pt.
Package babel Info: Redefining ngerman shorthand "|
(babel)             in language  on input line 573.
Package babel Info: Redefining ngerman shorthand "~
(babel)             in language  on input line 573.
Package babel Info: Redefining ngerman shorthand "|
(babel)             in language  on input line 573.
Package babel Info: Redefining ngerman shorthand "~
(babel)             in language  on input line 573.
 [22 <./800khz-5V-oszi.png> <./800khz-5V-phase.png> <./800khz-134V-phase.png> <
./800khz-112V-phase.png> <./800khz-29,6V-phase-chaos.png> <./bif-ldr/dreieck_1.
jpg> <./bif-ldr/dreieck_2.jpg> <./bif-ldr/dreieck_3.jpg>]
Package babel Info: Redefining ngerman shorthand "|
(babel)             in language  on input line 574.
Package babel Info: Redefining ngerman shorthand "~
(babel)             in language  on input line 574.


LaTeX Warning: Reference `fig:ldr-bifurc-zoo' on page 23 undefined on input lin
e 579.

<bif-ldr/bifurc-zoom.jpg, id=493, 1027.84pt x 770.88pt>
File: bif-ldr/bifurc-zoom.jpg Graphic file (type jpg)

<use bif-ldr/bifurc-zoom.jpg>
Package pdftex.def Info: bif-ldr/bifurc-zoom.jpg used on input line 583.
(pdftex.def)             Requested size: 185.00322pt x 138.75241pt.

<bif-ldr/bifurc-zoom2.jpg, id=494, 1027.84pt x 770.88pt>
File: bif-ldr/bifurc-zoom2.jpg Graphic file (type jpg)

<use bif-ldr/bifurc-zoom2.jpg>
Package pdftex.def Info: bif-ldr/bifurc-zoom2.jpg used on input line 584.
(pdftex.def)             Requested size: 185.00322pt x 138.75241pt.
Package babel Info: Redefining ngerman shorthand "|
(babel)             in language  on input line 590.
Package babel Info: Redefining ngerman shorthand "~
(babel)             in language  on input line 590.
Package babel Info: Redefining ngerman shorthand "|
(babel)             in language  on input line 592.
Package babel Info: Redefining ngerman shorthand "~
(babel)             in language  on input line 592.
LaTeX Font Info:    Try loading font information for OMS+lmr on input line 596.


(/usr/local/texlive/2015/texmf-dist/tex/latex/lm/omslmr.fd
File: omslmr.fd 2009/10/30 v1.6 Font defs for Latin Modern
)
LaTeX Font Info:    Font shape `OMS/lmr/m/n' in size <10.95> not available
(Font)              Font shape `OMS/lmsy/m/n' tried instead on input line 596.
Package atveryend Info: Empty hook `BeforeClearDocument' on input line 602.
Package babel Info: Redefining ngerman shorthand "|
(babel)             in language  on input line 602.
Package babel Info: Redefining ngerman shorthand "~
(babel)             in language  on input line 602.
Package babel Info: Redefining ngerman shorthand "|
(babel)             in language  on input line 602.
Package babel Info: Redefining ngerman shorthand "~
(babel)             in language  on input line 602.
 [23 <./bif-ldr/bifurc-bad.jpg> <./bif-ldr/bifurc-good.jpg> <./bif-ldr/bifurc-z
oom.jpg> <./bif-ldr/bifurc-zoom2.jpg>]
Package babel Info: Redefining ngerman shorthand "|
(babel)             in language  on input line 602.
Package babel Info: Redefining ngerman shorthand "~
(babel)             in language  on input line 602.
Package babel Info: Redefining ngerman shorthand "|
(babel)             in language  on input line 602.
Package babel Info: Redefining ngerman shorthand "~
(babel)             in language  on input line 602.
 [24]
Package atveryend Info: Empty hook `AfterLastShipout' on input line 602.
 (./Protokoll.aux)
Package atveryend Info: Executing hook `AtVeryEndDocument' on input line 602.
Package atveryend Info: Executing hook `AtEndAfterFileList' on input line 602.


Package rerunfilecheck Warning: File `Protokoll.out' has changed.
(rerunfilecheck)                Rerun to get outlines right
(rerunfilecheck)                or use package `bookmark'.

Package rerunfilecheck Info: Checksums for `Protokoll.out':
(rerunfilecheck)             Before: 48DF429EBB3129071983DB46FEA657A9;1675
(rerunfilecheck)             After:  5AF0651C21DD5FBF37FA266A51C10077;1753.

LaTeX Warning: There were undefined references.


LaTeX Warning: There were multiply-defined labels.


Package biblatex Warning: Please (re)run Biber on the file:
(biblatex)                Protokoll
(biblatex)                and rerun LaTeX afterwards.

Package logreq Info: Writing requests to 'Protokoll.run.xml'.
\openout1 = `Protokoll.run.xml'.

Package atveryend Info: Empty hook `AtVeryVeryEnd' on input line 602.
 ) 
Here is how much of TeX's memory you used:
 18704 strings out of 493089
 303439 string characters out of 6134842
 836331 words of memory out of 5000000
 21684 multiletter control sequences out of 15000+600000
 68975 words of font info for 60 fonts, out of 8000000 for 9000
 1145 hyphenation exceptions out of 8191
 41i,10n,49p,1066b,1904s stack positions out of 5000i,500n,10000p,200000b,80000s
pdfTeX warning (dest): name{equation.4.1} has been referenced but does not ex
ist, replaced by a fixed one

pdfTeX warning (dest): name{subsubsection.2.2.2} has been referenced but does n
ot exist, replaced by a fixed one

pdfTeX warning (dest): name{subsubsection.2.2.1} has been referenced but does n
ot exist, replaced by a fixed one

{/usr/local/texlive/2015/texmf-dist/fonts/enc/dvips/lm/lm-ec.enc}{/usr/local/te
xlive/2015/texmf-dist/fonts/enc/dvips/lm/lm-mathex.enc}{/usr/local/texlive/2015
/texmf-dist/fonts/enc/dvips/lm/lm-mathsy.enc}{/usr/local/texlive/2015/texmf-dis
t/fonts/enc/dvips/lm/lm-mathit.enc}{/usr/local/texlive/2015/texmf-dist/fonts/en
c/dvips/lm/lm-rm.enc}{/usr/local/texlive/2015/texmf-dist/fonts/enc/dvips/base/8
r.enc}</usr/local/texlive/2015/texmf-dist/fonts/type1/public/lm/lmbx10.pfb></us
r/local/texlive/2015/texmf-dist/fonts/type1/public/lm/lmbx8.pfb></usr/local/tex
live/2015/texmf-dist/fonts/type1/public/lm/lmcsc10.pfb></usr/local/texlive/2015
/texmf-dist/fonts/type1/public/lm/lmex10.pfb></usr/local/texlive/2015/texmf-dis
t/fonts/type1/public/lm/lmmi10.pfb></usr/local/texlive/2015/texmf-dist/fonts/ty
pe1/public/lm/lmmi6.pfb></usr/local/texlive/2015/texmf-dist/fonts/type1/public/
lm/lmmi8.pfb></usr/local/texlive/2015/texmf-dist/fonts/type1/public/lm/lmr10.pf
b></usr/local/texlive/2015/texmf-dist/fonts/type1/public/lm/lmr12.pfb></usr/loc
al/texlive/2015/texmf-dist/fonts/type1/public/lm/lmr6.pfb></usr/local/texlive/2
015/texmf-dist/fonts/type1/public/lm/lmr8.pfb></usr/local/texlive/2015/texmf-di
st/fonts/type1/public/lm/lmri10.pfb></usr/local/texlive/2015/texmf-dist/fonts/t
ype1/public/lm/lmri12.pfb></usr/local/texlive/2015/texmf-dist/fonts/type1/publi
c/lm/lmssbx10.pfb></usr/local/texlive/2015/texmf-dist/fonts/type1/public/lm/lms
y10.pfb></usr/local/texlive/2015/texmf-dist/fonts/type1/public/lm/lmsy6.pfb></u
sr/local/texlive/2015/texmf-dist/fonts/type1/public/lm/lmsy8.pfb></usr/local/te
xlive/2015/texmf-dist/fonts/type1/public/amsfonts/symbols/msbm10.pfb></usr/loca
l/texlive/2015/texmf-dist/fonts/type1/urw/courier/ucrr8a.pfb>
Output written on Protokoll.pdf (24 pages, 47688078 bytes).
PDF statistics:
 613 PDF objects out of 1000 (max. 8388607)
 450 compressed objects within 5 object streams
 156 named destinations out of 1000 (max. 500000)
 493 words of extra memory for PDF output out of 10000 (max. 10000000)

