\BOOKMARK [1][-]{section.1}{Einleitung}{}% 1
\BOOKMARK [1][-]{section.2}{Logistische Abbildung}{}% 2
\BOOKMARK [2][-]{subsection.2.1}{Fixpunkte / Stabilit\344tsbedigung}{section.2}% 3
\BOOKMARK [2][-]{subsection.2.2}{Lyapunov Exponent}{section.2}% 4
\BOOKMARK [1][-]{section.3}{Sinus Abbildung}{}% 5
\BOOKMARK [2][-]{subsection.3.1}{Feigenbaumkonstante}{section.3}% 6
\BOOKMARK [2][-]{subsection.3.2}{Stabilit\344tsbedingung}{section.3}% 7
\BOOKMARK [1][-]{section.4}{Bifurctationsdiagramm}{}% 8
\BOOKMARK [2][-]{subsection.4.1}{Logistische Abbildung}{section.4}% 9
\BOOKMARK [2][-]{subsection.4.2}{Sinus Abbildung}{section.4}% 10
\BOOKMARK [1][-]{section.5}{Feigenbaumkonstante}{}% 11
\BOOKMARK [2][-]{subsection.5.1}{Lyapunov}{section.5}% 12
\BOOKMARK [1][-]{section.6}{Duffing-Gleichung}{}% 13
\BOOKMARK [2][-]{subsection.6.1}{Attraktoren}{section.6}% 14
\BOOKMARK [2][-]{subsection.6.2}{Poincareschnitt}{section.6}% 15
\BOOKMARK [1][-]{section.7}{LDR-Oszillator}{}% 16
\BOOKMARK [2][-]{subsection.7.1}{Theorie}{section.7}% 17
\BOOKMARK [2][-]{subsection.7.2}{Numerische Berechnungen}{section.7}% 18
\BOOKMARK [2][-]{subsection.7.3}{Versuchsaufbau}{section.7}% 19
\BOOKMARK [2][-]{subsection.7.4}{Versuchsdurchf\374hrung}{section.7}% 20
\BOOKMARK [2][-]{subsection.7.5}{Zusammenfassung}{section.7}% 21
\BOOKMARK [1][-]{section.8}{Literatur}{}% 22
